<?xml version="1.0" encoding="UTF-8"?>
<coverage generated="1504291857709" clover="3.2.0">
  <project timestamp="1504291857709" name="All files">
    <metrics statements="369" coveredstatements="290" conditionals="79" coveredconditionals="36" methods="72" coveredmethods="47" elements="520" coveredelements="373" complexity="0" loc="369" ncloc="369" packages="8" files="28" classes="28">
      <package name="api">
        <metrics statements="1" coveredstatements="1" conditionals="0" coveredconditionals="0" methods="0" coveredmethods="0"/>
        <file name="config.js" path="/Users/derekrush/sites/homefilming/api/config.js">
          <metrics statements="1" coveredstatements="1" conditionals="0" coveredconditionals="0" methods="0" coveredmethods="0"/>
          <line num="1" count="3" type="stmt"/>
        </file>
      </package>
      <package name="api.graphql">
        <metrics statements="16" coveredstatements="16" conditionals="0" coveredconditionals="0" methods="0" coveredmethods="0"/>
        <file name="resolvers.js" path="/Users/derekrush/sites/homefilming/api/graphql/resolvers.js">
          <metrics statements="6" coveredstatements="6" conditionals="0" coveredconditionals="0" methods="0" coveredmethods="0"/>
          <line num="2" count="3" type="stmt"/>
          <line num="4" count="3" type="stmt"/>
          <line num="5" count="3" type="stmt"/>
          <line num="6" count="3" type="stmt"/>
          <line num="8" count="3" type="stmt"/>
          <line num="28" count="3" type="stmt"/>
        </file>
        <file name="schema.js" path="/Users/derekrush/sites/homefilming/api/graphql/schema.js">
          <metrics statements="10" coveredstatements="10" conditionals="0" coveredconditionals="0" methods="0" coveredmethods="0"/>
          <line num="1" count="3" type="stmt"/>
          <line num="2" count="3" type="stmt"/>
          <line num="3" count="3" type="stmt"/>
          <line num="4" count="3" type="stmt"/>
          <line num="5" count="3" type="stmt"/>
          <line num="9" count="3" type="stmt"/>
          <line num="18" count="3" type="stmt"/>
          <line num="32" count="3" type="stmt"/>
          <line num="39" count="3" type="stmt"/>
          <line num="51" count="3" type="stmt"/>
        </file>
      </package>
      <package name="api.graphql.resolvers">
        <metrics statements="76" coveredstatements="60" conditionals="4" coveredconditionals="1" methods="12" coveredmethods="6"/>
        <file name="addresses.js" path="/Users/derekrush/sites/homefilming/api/graphql/resolvers/addresses.js">
          <metrics statements="1" coveredstatements="1" conditionals="0" coveredconditionals="0" methods="0" coveredmethods="0"/>
          <line num="5" count="3" type="stmt"/>
        </file>
        <file name="auth.js" path="/Users/derekrush/sites/homefilming/api/graphql/resolvers/auth.js">
          <metrics statements="9" coveredstatements="5" conditionals="2" coveredconditionals="0" methods="2" coveredmethods="0"/>
          <line num="1" count="3" type="stmt"/>
          <line num="2" count="3" type="stmt"/>
          <line num="4" count="3" type="stmt"/>
          <line num="5" count="0" type="cond" truecount="0" falsecount="2"/>
          <line num="6" count="0" type="stmt"/>
          <line num="10" count="3" type="stmt"/>
          <line num="11" count="0" type="stmt"/>
          <line num="13" count="0" type="stmt"/>
          <line num="16" count="3" type="stmt"/>
        </file>
        <file name="orders.js" path="/Users/derekrush/sites/homefilming/api/graphql/resolvers/orders.js">
          <metrics statements="18" coveredstatements="8" conditionals="0" coveredconditionals="0" methods="4" coveredmethods="0"/>
          <line num="1" count="3" type="stmt"/>
          <line num="2" count="3" type="stmt"/>
          <line num="3" count="3" type="stmt"/>
          <line num="5" count="3" type="stmt"/>
          <line num="6" count="0" type="stmt"/>
          <line num="9" count="3" type="stmt"/>
          <line num="10" count="0" type="stmt"/>
          <line num="13" count="3" type="stmt"/>
          <line num="14" count="0" type="stmt"/>
          <line num="15" count="0" type="stmt"/>
          <line num="16" count="0" type="stmt"/>
          <line num="17" count="0" type="stmt"/>
          <line num="18" count="0" type="stmt"/>
          <line num="20" count="0" type="stmt"/>
          <line num="24" count="3" type="stmt"/>
          <line num="25" count="0" type="stmt"/>
          <line num="26" count="0" type="stmt"/>
          <line num="29" count="3" type="stmt"/>
        </file>
        <file name="users.js" path="/Users/derekrush/sites/homefilming/api/graphql/resolvers/users.js">
          <metrics statements="48" coveredstatements="46" conditionals="2" coveredconditionals="1" methods="6" coveredmethods="6"/>
          <line num="2" count="3" type="stmt"/>
          <line num="3" count="3" type="stmt"/>
          <line num="4" count="3" type="stmt"/>
          <line num="5" count="3" type="stmt"/>
          <line num="7" count="3" type="stmt"/>
          <line num="8" count="4" type="stmt"/>
          <line num="9" count="4" type="stmt"/>
          <line num="10" count="4" type="stmt"/>
          <line num="11" count="4" type="stmt"/>
          <line num="12" count="4" type="stmt"/>
          <line num="13" count="4" type="stmt"/>
          <line num="16" count="3" type="stmt"/>
          <line num="17" count="1" type="stmt"/>
          <line num="18" count="1" type="stmt"/>
          <line num="19" count="1" type="stmt"/>
          <line num="20" count="1" type="stmt"/>
          <line num="21" count="1" type="stmt"/>
          <line num="22" count="1" type="stmt"/>
          <line num="23" count="1" type="stmt"/>
          <line num="24" count="1" type="stmt"/>
          <line num="27" count="3" type="stmt"/>
          <line num="28" count="1" type="stmt"/>
          <line num="29" count="1" type="stmt"/>
          <line num="30" count="1" type="stmt"/>
          <line num="31" count="1" type="stmt"/>
          <line num="32" count="1" type="stmt"/>
          <line num="33" count="1" type="stmt"/>
          <line num="36" count="3" type="stmt"/>
          <line num="37" count="1" type="stmt"/>
          <line num="38" count="1" type="stmt"/>
          <line num="39" count="1" type="stmt"/>
          <line num="40" count="1" type="stmt"/>
          <line num="41" count="1" type="stmt"/>
          <line num="44" count="3" type="stmt"/>
          <line num="45" count="1" type="stmt"/>
          <line num="46" count="1" type="cond" truecount="1" falsecount="1"/>
          <line num="47" count="0" type="stmt"/>
          <line num="48" count="0" type="stmt"/>
          <line num="50" count="1" type="stmt"/>
          <line num="51" count="1" type="stmt"/>
          <line num="52" count="1" type="stmt"/>
          <line num="53" count="1" type="stmt"/>
          <line num="54" count="1" type="stmt"/>
          <line num="57" count="3" type="stmt"/>
          <line num="58" count="7" type="stmt"/>
          <line num="59" count="7" type="stmt"/>
          <line num="60" count="7" type="stmt"/>
          <line num="64" count="3" type="stmt"/>
        </file>
      </package>
      <package name="api.graphql.types">
        <metrics statements="11" coveredstatements="11" conditionals="0" coveredconditionals="0" methods="0" coveredmethods="0"/>
        <file name="address.js" path="/Users/derekrush/sites/homefilming/api/graphql/types/address.js">
          <metrics statements="2" coveredstatements="2" conditionals="0" coveredconditionals="0" methods="0" coveredmethods="0"/>
          <line num="1" count="3" type="stmt"/>
          <line num="59" count="3" type="stmt"/>
        </file>
        <file name="order.js" path="/Users/derekrush/sites/homefilming/api/graphql/types/order.js">
          <metrics statements="5" coveredstatements="5" conditionals="0" coveredconditionals="0" methods="0" coveredmethods="0"/>
          <line num="1" count="3" type="stmt"/>
          <line num="2" count="3" type="stmt"/>
          <line num="3" count="3" type="stmt"/>
          <line num="5" count="3" type="stmt"/>
          <line num="50" count="3" type="stmt"/>
        </file>
        <file name="plan.js" path="/Users/derekrush/sites/homefilming/api/graphql/types/plan.js">
          <metrics statements="2" coveredstatements="2" conditionals="0" coveredconditionals="0" methods="0" coveredmethods="0"/>
          <line num="1" count="3" type="stmt"/>
          <line num="17" count="3" type="stmt"/>
        </file>
        <file name="user.js" path="/Users/derekrush/sites/homefilming/api/graphql/types/user.js">
          <metrics statements="2" coveredstatements="2" conditionals="0" coveredconditionals="0" methods="0" coveredmethods="0"/>
          <line num="1" count="3" type="stmt"/>
          <line num="109" count="3" type="stmt"/>
        </file>
      </package>
      <package name="api.models">
        <metrics statements="83" coveredstatements="81" conditionals="13" coveredconditionals="9" methods="18" coveredmethods="18"/>
        <file name="address.js" path="/Users/derekrush/sites/homefilming/api/models/address.js">
          <metrics statements="5" coveredstatements="5" conditionals="0" coveredconditionals="0" methods="1" coveredmethods="1"/>
          <line num="2" count="3" type="stmt"/>
          <line num="3" count="3" type="stmt"/>
          <line num="17" count="3" type="stmt"/>
          <line num="18" count="3" type="stmt"/>
          <line num="22" count="3" type="stmt"/>
        </file>
        <file name="asset.js" path="/Users/derekrush/sites/homefilming/api/models/asset.js">
          <metrics statements="6" coveredstatements="6" conditionals="0" coveredconditionals="0" methods="1" coveredmethods="1"/>
          <line num="2" count="3" type="stmt"/>
          <line num="3" count="3" type="stmt"/>
          <line num="15" count="3" type="stmt"/>
          <line num="20" count="3" type="stmt"/>
          <line num="25" count="3" type="stmt"/>
          <line num="33" count="3" type="stmt"/>
        </file>
        <file name="company.js" path="/Users/derekrush/sites/homefilming/api/models/company.js">
          <metrics statements="5" coveredstatements="5" conditionals="0" coveredconditionals="0" methods="1" coveredmethods="1"/>
          <line num="2" count="3" type="stmt"/>
          <line num="3" count="3" type="stmt"/>
          <line num="13" count="3" type="stmt"/>
          <line num="14" count="3" type="stmt"/>
          <line num="24" count="3" type="stmt"/>
        </file>
        <file name="contact.js" path="/Users/derekrush/sites/homefilming/api/models/contact.js">
          <metrics statements="5" coveredstatements="5" conditionals="0" coveredconditionals="0" methods="1" coveredmethods="1"/>
          <line num="2" count="3" type="stmt"/>
          <line num="3" count="3" type="stmt"/>
          <line num="11" count="3" type="stmt"/>
          <line num="12" count="3" type="stmt"/>
          <line num="16" count="3" type="stmt"/>
        </file>
        <file name="index.js" path="/Users/derekrush/sites/homefilming/api/models/index.js">
          <metrics statements="20" coveredstatements="19" conditionals="9" coveredconditionals="7" methods="3" coveredmethods="3"/>
          <line num="2" count="3" type="stmt"/>
          <line num="3" count="3" type="stmt"/>
          <line num="4" count="3" type="stmt"/>
          <line num="5" count="3" type="stmt"/>
          <line num="6" count="3" type="cond" truecount="1" falsecount="1"/>
          <line num="7" count="3" type="stmt"/>
          <line num="8" count="3" type="stmt"/>
          <line num="10" count="3" type="cond" truecount="1" falsecount="1"/>
          <line num="11" count="0" type="stmt"/>
          <line num="13" count="3" type="stmt"/>
          <line num="16" count="3" type="stmt"/>
          <line num="19" count="33" type="cond" truecount="3" falsecount="0"/>
          <line num="22" count="30" type="stmt"/>
          <line num="23" count="30" type="stmt"/>
          <line num="26" count="3" type="stmt"/>
          <line num="27" count="30" type="cond" truecount="2" falsecount="0"/>
          <line num="28" count="27" type="stmt"/>
          <line num="32" count="3" type="stmt"/>
          <line num="33" count="3" type="stmt"/>
          <line num="35" count="3" type="stmt"/>
        </file>
        <file name="invitation.js" path="/Users/derekrush/sites/homefilming/api/models/invitation.js">
          <metrics statements="4" coveredstatements="4" conditionals="0" coveredconditionals="0" methods="1" coveredmethods="1"/>
          <line num="2" count="3" type="stmt"/>
          <line num="3" count="3" type="stmt"/>
          <line num="10" count="3" type="stmt"/>
          <line num="14" count="3" type="stmt"/>
        </file>
        <file name="note.js" path="/Users/derekrush/sites/homefilming/api/models/note.js">
          <metrics statements="6" coveredstatements="6" conditionals="0" coveredconditionals="0" methods="1" coveredmethods="1"/>
          <line num="2" count="3" type="stmt"/>
          <line num="3" count="3" type="stmt"/>
          <line num="9" count="3" type="stmt"/>
          <line num="10" count="3" type="stmt"/>
          <line num="11" count="3" type="stmt"/>
          <line num="15" count="3" type="stmt"/>
        </file>
        <file name="notification.js" path="/Users/derekrush/sites/homefilming/api/models/notification.js">
          <metrics statements="4" coveredstatements="4" conditionals="0" coveredconditionals="0" methods="1" coveredmethods="1"/>
          <line num="2" count="3" type="stmt"/>
          <line num="3" count="3" type="stmt"/>
          <line num="11" count="3" type="stmt"/>
          <line num="15" count="3" type="stmt"/>
        </file>
        <file name="order.js" path="/Users/derekrush/sites/homefilming/api/models/order.js">
          <metrics statements="6" coveredstatements="6" conditionals="0" coveredconditionals="0" methods="1" coveredmethods="1"/>
          <line num="2" count="3" type="stmt"/>
          <line num="3" count="3" type="stmt"/>
          <line num="24" count="3" type="stmt"/>
          <line num="25" count="3" type="stmt"/>
          <line num="28" count="3" type="stmt"/>
          <line num="38" count="3" type="stmt"/>
        </file>
        <file name="rating.js" path="/Users/derekrush/sites/homefilming/api/models/rating.js">
          <metrics statements="3" coveredstatements="3" conditionals="0" coveredconditionals="0" methods="1" coveredmethods="1"/>
          <line num="2" count="3" type="stmt"/>
          <line num="3" count="3" type="stmt"/>
          <line num="15" count="3" type="stmt"/>
        </file>
        <file name="user.js" path="/Users/derekrush/sites/homefilming/api/models/user.js">
          <metrics statements="19" coveredstatements="18" conditionals="4" coveredconditionals="2" methods="6" coveredmethods="6"/>
          <line num="3" count="3" type="stmt"/>
          <line num="5" count="3" type="stmt"/>
          <line num="6" count="3" type="stmt"/>
          <line num="35" count="3" type="stmt"/>
          <line num="38" count="3" type="stmt"/>
          <line num="43" count="3" type="stmt"/>
          <line num="46" count="3" type="stmt"/>
          <line num="49" count="3" type="stmt"/>
          <line num="52" count="3" type="stmt"/>
          <line num="64" count="7" type="stmt"/>
          <line num="65" count="7" type="cond" truecount="1" falsecount="1"/>
          <line num="66" count="0" type="stmt"/>
          <line num="68" count="7" type="stmt"/>
          <line num="75" count="7" type="stmt"/>
          <line num="76" count="7" type="stmt"/>
          <line num="80" count="1" type="cond" truecount="1" falsecount="1"/>
          <line num="81" count="1" type="stmt"/>
          <line num="82" count="1" type="stmt"/>
          <line num="88" count="3" type="stmt"/>
        </file>
      </package>
      <package name="api.services">
        <metrics statements="161" coveredstatements="112" conditionals="48" coveredconditionals="25" methods="39" coveredmethods="22"/>
        <file name="addresses.js" path="/Users/derekrush/sites/homefilming/api/services/addresses.js">
          <metrics statements="17" coveredstatements="11" conditionals="2" coveredconditionals="1" methods="5" coveredmethods="2"/>
          <line num="1" count="3" type="stmt"/>
          <line num="2" count="3" type="stmt"/>
          <line num="3" count="3" type="stmt"/>
          <line num="4" count="3" type="stmt"/>
          <line num="5" count="3" type="stmt"/>
          <line num="8" count="1" type="stmt"/>
          <line num="10" count="1" type="stmt"/>
          <line num="11" count="1" type="stmt"/>
          <line num="12" count="6" type="cond" truecount="1" falsecount="1"/>
          <line num="13" count="0" type="stmt"/>
          <line num="21" count="0" type="stmt"/>
          <line num="23" count="1" type="stmt"/>
          <line num="27" count="0" type="stmt"/>
          <line num="28" count="0" type="stmt"/>
          <line num="32" count="0" type="stmt"/>
          <line num="34" count="0" type="stmt"/>
          <line num="39" count="3" type="stmt"/>
        </file>
        <file name="auth.js" path="/Users/derekrush/sites/homefilming/api/services/auth.js">
          <metrics statements="27" coveredstatements="26" conditionals="8" coveredconditionals="5" methods="8" coveredmethods="8"/>
          <line num="1" count="3" type="stmt"/>
          <line num="2" count="3" type="stmt"/>
          <line num="3" count="3" type="stmt"/>
          <line num="4" count="3" type="stmt"/>
          <line num="5" count="3" type="stmt"/>
          <line num="6" count="3" type="stmt"/>
          <line num="7" count="3" type="stmt"/>
          <line num="8" count="3" type="stmt"/>
          <line num="9" count="3" type="stmt"/>
          <line num="10" count="3" type="stmt"/>
          <line num="12" count="3" type="stmt"/>
          <line num="13" count="7" type="stmt"/>
          <line num="14" count="7" type="cond" truecount="1" falsecount="1"/>
          <line num="15" count="7" type="stmt"/>
          <line num="16" count="7" type="cond" truecount="1" falsecount="1"/>
          <line num="21" count="7" type="stmt"/>
          <line num="31" count="7" type="stmt"/>
          <line num="32" count="7" type="stmt"/>
          <line num="33" count="7" type="stmt"/>
          <line num="34" count="7" type="stmt"/>
          <line num="35" count="7" type="stmt"/>
          <line num="36" count="7" type="cond" truecount="3" falsecount="1"/>
          <line num="37" count="7" type="stmt"/>
          <line num="40" count="7" type="stmt"/>
          <line num="41" count="7" type="stmt"/>
          <line num="43" count="0" type="stmt"/>
          <line num="51" count="3" type="stmt"/>
        </file>
        <file name="orders.js" path="/Users/derekrush/sites/homefilming/api/services/orders.js">
          <metrics statements="40" coveredstatements="13" conditionals="11" coveredconditionals="0" methods="10" coveredmethods="0"/>
          <line num="1" count="3" type="stmt"/>
          <line num="2" count="3" type="stmt"/>
          <line num="3" count="3" type="stmt"/>
          <line num="4" count="3" type="stmt"/>
          <line num="5" count="3" type="stmt"/>
          <line num="6" count="3" type="stmt"/>
          <line num="7" count="3" type="stmt"/>
          <line num="8" count="3" type="stmt"/>
          <line num="10" count="3" type="stmt"/>
          <line num="12" count="0" type="stmt"/>
          <line num="19" count="0" type="cond" truecount="0" falsecount="2"/>
          <line num="20" count="0" type="stmt"/>
          <line num="28" count="0" type="stmt"/>
          <line num="30" count="0" type="stmt"/>
          <line num="33" count="3" type="stmt"/>
          <line num="34" count="0" type="stmt"/>
          <line num="39" count="0" type="stmt"/>
          <line num="43" count="3" type="stmt"/>
          <line num="44" count="0" type="cond" truecount="0" falsecount="2"/>
          <line num="45" count="0" type="stmt"/>
          <line num="49" count="0" type="stmt"/>
          <line num="52" count="0" type="stmt"/>
          <line num="57" count="0" type="stmt"/>
          <line num="62" count="3" type="cond" truecount="0" falsecount="1"/>
          <line num="63" count="0" type="stmt"/>
          <line num="64" count="0" type="stmt"/>
          <line num="80" count="0" type="stmt"/>
          <line num="81" count="0" type="stmt"/>
          <line num="82" count="0" type="stmt"/>
          <line num="83" count="0" type="stmt"/>
          <line num="84" count="0" type="stmt"/>
          <line num="85" count="0" type="cond" truecount="0" falsecount="2"/>
          <line num="86" count="0" type="stmt"/>
          <line num="87" count="0" type="stmt"/>
          <line num="89" count="0" type="stmt"/>
          <line num="92" count="0" type="stmt"/>
          <line num="93" count="0" type="stmt"/>
          <line num="95" count="0" type="stmt"/>
          <line num="97" count="0" type="stmt"/>
          <line num="100" count="3" type="stmt"/>
        </file>
        <file name="users.js" path="/Users/derekrush/sites/homefilming/api/services/users.js">
          <metrics statements="77" coveredstatements="62" conditionals="27" coveredconditionals="19" methods="16" coveredmethods="12"/>
          <line num="1" count="3" type="stmt"/>
          <line num="2" count="3" type="stmt"/>
          <line num="3" count="3" type="stmt"/>
          <line num="4" count="3" type="stmt"/>
          <line num="5" count="3" type="stmt"/>
          <line num="6" count="3" type="stmt"/>
          <line num="7" count="3" type="stmt"/>
          <line num="8" count="3" type="stmt"/>
          <line num="11" count="7" type="cond" truecount="2" falsecount="0"/>
          <line num="12" count="7" type="stmt"/>
          <line num="13" count="7" type="stmt"/>
          <line num="14" count="7" type="stmt"/>
          <line num="15" count="7" type="stmt"/>
          <line num="16" count="7" type="cond" truecount="1" falsecount="1"/>
          <line num="21" count="1" type="stmt"/>
          <line num="22" count="1" type="cond" truecount="3" falsecount="1"/>
          <line num="23" count="0" type="stmt"/>
          <line num="30" count="0" type="stmt"/>
          <line num="35" count="1" type="stmt"/>
          <line num="36" count="10" type="cond" truecount="2" falsecount="0"/>
          <line num="37" count="1" type="stmt"/>
          <line num="38" count="1" type="stmt"/>
          <line num="39" count="1" type="stmt"/>
          <line num="40" count="1" type="stmt"/>
          <line num="44" count="7" type="stmt"/>
          <line num="45" count="7" type="cond" truecount="3" falsecount="1"/>
          <line num="46" count="0" type="stmt"/>
          <line num="53" count="1" type="stmt"/>
          <line num="55" count="6" type="stmt"/>
          <line num="57" count="6" type="stmt"/>
          <line num="61" count="7" type="stmt"/>
          <line num="62" count="7" type="stmt"/>
          <line num="63" count="7" type="stmt"/>
          <line num="64" count="7" type="cond" truecount="1" falsecount="1"/>
          <line num="65" count="0" type="stmt"/>
          <line num="73" count="0" type="stmt"/>
          <line num="75" count="7" type="stmt"/>
          <line num="78" count="3" type="stmt"/>
          <line num="79" count="6" type="stmt"/>
          <line num="84" count="6" type="stmt"/>
          <line num="86" count="6" type="stmt"/>
          <line num="90" count="8" type="stmt"/>
          <line num="91" count="8" type="stmt"/>
          <line num="92" count="8" type="cond" truecount="4" falsecount="0"/>
          <line num="94" count="5" type="cond" truecount="2" falsecount="0"/>
          <line num="95" count="5" type="stmt"/>
          <line num="96" count="5" type="stmt"/>
          <line num="98" count="1" type="stmt"/>
          <line num="99" count="1" type="stmt"/>
          <line num="101" count="1" type="stmt"/>
          <line num="103" count="1" type="stmt"/>
          <line num="104" count="1" type="stmt"/>
          <line num="105" count="1" type="stmt"/>
          <line num="107" count="1" type="stmt"/>
          <line num="108" count="1" type="stmt"/>
          <line num="109" count="1" type="stmt"/>
          <line num="112" count="8" type="stmt"/>
          <line num="113" count="8" type="stmt"/>
          <line num="114" count="31" type="cond" truecount="1" falsecount="1"/>
          <line num="115" count="0" type="stmt"/>
          <line num="121" count="8" type="stmt"/>
          <line num="122" count="68" type="stmt"/>
          <line num="126" count="0" type="stmt"/>
          <line num="128" count="8" type="stmt"/>
          <line num="129" count="8" type="stmt"/>
          <line num="132" count="3" type="stmt"/>
          <line num="133" count="0" type="stmt"/>
          <line num="134" count="0" type="cond" truecount="0" falsecount="2"/>
          <line num="135" count="0" type="stmt"/>
          <line num="142" count="0" type="stmt"/>
          <line num="144" count="0" type="stmt"/>
          <line num="147" count="3" type="stmt"/>
          <line num="148" count="0" type="stmt"/>
          <line num="151" count="3" type="cond" truecount="0" falsecount="1"/>
          <line num="152" count="0" type="stmt"/>
          <line num="153" count="0" type="stmt"/>
          <line num="156" count="3" type="stmt"/>
        </file>
      </package>
      <package name="api.utils">
        <metrics statements="8" coveredstatements="6" conditionals="2" coveredconditionals="1" methods="1" coveredmethods="1"/>
        <file name="helpers.js" path="/Users/derekrush/sites/homefilming/api/utils/helpers.js">
          <metrics statements="8" coveredstatements="6" conditionals="2" coveredconditionals="1" methods="1" coveredmethods="1"/>
          <line num="1" count="3" type="stmt"/>
          <line num="3" count="3" type="stmt"/>
          <line num="4" count="8" type="stmt"/>
          <line num="5" count="8" type="cond" truecount="1" falsecount="1"/>
          <line num="6" count="0" type="stmt"/>
          <line num="13" count="0" type="stmt"/>
          <line num="15" count="8" type="stmt"/>
          <line num="18" count="3" type="stmt"/>
        </file>
      </package>
      <package name="utils">
        <metrics statements="13" coveredstatements="3" conditionals="12" coveredconditionals="0" methods="2" coveredmethods="0"/>
        <file name="appErrors.js" path="/Users/derekrush/sites/homefilming/utils/appErrors.js">
          <metrics statements="13" coveredstatements="3" conditionals="12" coveredconditionals="0" methods="2" coveredmethods="0"/>
          <line num="1" count="3" type="stmt"/>
          <line num="4" count="0" type="stmt"/>
          <line num="8" count="0" type="cond" truecount="0" falsecount="2"/>
          <line num="10" count="0" type="stmt"/>
          <line num="11" count="0" type="cond" truecount="0" falsecount="2"/>
          <line num="12" count="0" type="cond" truecount="0" falsecount="2"/>
          <line num="13" count="0" type="cond" truecount="0" falsecount="2"/>
          <line num="14" count="0" type="cond" truecount="0" falsecount="2"/>
          <line num="15" count="0" type="cond" truecount="0" falsecount="2"/>
          <line num="17" count="0" type="stmt"/>
          <line num="19" count="0" type="stmt"/>
          <line num="22" count="3" type="stmt"/>
          <line num="24" count="3" type="stmt"/>
        </file>
      </package>
    </metrics>
  </project>
</coverage>
