{"/Users/derekrush/sites/homefilming/api/config.js": {"path":"/Users/derekrush/sites/homefilming/api/config.js","statementMap":{"0":{"start":{"line":1,"column":0},"end":{"line":15,"column":1}}},"fnMap":{},"branchMap":{},"s":{"0":3},"f":{},"b":{},"_coverageSchema":"332fd63041d2c1bcb487cc26dd0d5f7d97098a6c","hash":"36fa60515b87f14ec31073502eebcc54e7ea1a78"}
,"/Users/derekrush/sites/homefilming/api/graphql/resolvers.js": {"path":"/Users/derekrush/sites/homefilming/api/graphql/resolvers.js","statementMap":{"0":{"start":{"line":2,"column":59},"end":{"line":2,"column":88}},"1":{"start":{"line":4,"column":16},"end":{"line":4,"column":48}},"2":{"start":{"line":5,"column":89},"end":{"line":5,"column":117}},"3":{"start":{"line":6,"column":33},"end":{"line":6,"column":60}},"4":{"start":{"line":8,"column":18},"end":{"line":27,"column":1}},"5":{"start":{"line":28,"column":0},"end":{"line":28,"column":26}}},"fnMap":{},"branchMap":{},"s":{"0":3,"1":3,"2":3,"3":3,"4":3,"5":3},"f":{},"b":{},"_coverageSchema":"332fd63041d2c1bcb487cc26dd0d5f7d97098a6c","hash":"d1a67d0f334f9da8872abeffaf7ba41da826a817"}
,"/Users/derekrush/sites/homefilming/api/graphql/schema.js": {"path":"/Users/derekrush/sites/homefilming/api/graphql/schema.js","statementMap":{"0":{"start":{"line":1,"column":59},"end":{"line":1,"column":83}},"1":{"start":{"line":2,"column":18},"end":{"line":2,"column":40}},"2":{"start":{"line":3,"column":14},"end":{"line":3,"column":38}},"3":{"start":{"line":4,"column":16},"end":{"line":4,"column":42}},"4":{"start":{"line":5,"column":13},"end":{"line":5,"column":36}},"5":{"start":{"line":9,"column":14},"end":{"line":16,"column":1}},"6":{"start":{"line":18,"column":17},"end":{"line":30,"column":1}},"7":{"start":{"line":32,"column":25},"end":{"line":37,"column":1}},"8":{"start":{"line":39,"column":15},"end":{"line":49,"column":2}},"9":{"start":{"line":51,"column":0},"end":{"line":51,"column":23}}},"fnMap":{},"branchMap":{},"s":{"0":3,"1":3,"2":3,"3":3,"4":3,"5":3,"6":3,"7":3,"8":3,"9":3},"f":{},"b":{},"_coverageSchema":"332fd63041d2c1bcb487cc26dd0d5f7d97098a6c","hash":"bd2eb6e46f62150c2515f92053c0482ae1986d7c"}
,"/Users/derekrush/sites/homefilming/api/graphql/resolvers/addresses.js": {"path":"/Users/derekrush/sites/homefilming/api/graphql/resolvers/addresses.js","statementMap":{"0":{"start":{"line":5,"column":0},"end":{"line":5,"column":32}}},"fnMap":{},"branchMap":{},"s":{"0":3},"f":{},"b":{},"_coverageSchema":"332fd63041d2c1bcb487cc26dd0d5f7d97098a6c","hash":"8b84f5f287d1cd3e4f351459461c8403e2076950"}
,"/Users/derekrush/sites/homefilming/api/graphql/resolvers/auth.js": {"path":"/Users/derekrush/sites/homefilming/api/graphql/resolvers/auth.js","statementMap":{"0":{"start":{"line":1,"column":13},"end":{"line":1,"column":43}},"1":{"start":{"line":2,"column":24},"end":{"line":2,"column":42}},"2":{"start":{"line":4,"column":22},"end":{"line":8,"column":1}},"3":{"start":{"line":5,"column":2},"end":{"line":7,"column":3}},"4":{"start":{"line":6,"column":4},"end":{"line":6,"column":19}},"5":{"start":{"line":10,"column":14},"end":{"line":14,"column":1}},"6":{"start":{"line":11,"column":19},"end":{"line":12,"column":66}},"7":{"start":{"line":13,"column":2},"end":{"line":13,"column":17}},"8":{"start":{"line":16,"column":0},"end":{"line":16,"column":41}}},"fnMap":{"0":{"name":"(anonymous_0)","decl":{"start":{"line":4,"column":22},"end":{"line":4,"column":23}},"loc":{"start":{"line":4,"column":51},"end":{"line":8,"column":1}},"line":4},"1":{"name":"(anonymous_1)","decl":{"start":{"line":10,"column":14},"end":{"line":10,"column":15}},"loc":{"start":{"line":10,"column":41},"end":{"line":14,"column":1}},"line":10}},"branchMap":{"0":{"loc":{"start":{"line":5,"column":2},"end":{"line":7,"column":3}},"type":"if","locations":[{"start":{"line":5,"column":2},"end":{"line":7,"column":3}},{"start":{"line":5,"column":2},"end":{"line":7,"column":3}}],"line":5}},"s":{"0":3,"1":3,"2":3,"3":0,"4":0,"5":3,"6":0,"7":0,"8":3},"f":{"0":0,"1":0},"b":{"0":[0,0]},"_coverageSchema":"332fd63041d2c1bcb487cc26dd0d5f7d97098a6c","hash":"e1a8b10fa3a94ff549bac0f2b2c6590249792ad4"}
,"/Users/derekrush/sites/homefilming/api/graphql/resolvers/orders.js": {"path":"/Users/derekrush/sites/homefilming/api/graphql/resolvers/orders.js","statementMap":{"0":{"start":{"line":1,"column":14},"end":{"line":1,"column":46}},"1":{"start":{"line":2,"column":16},"end":{"line":2,"column":51}},"2":{"start":{"line":3,"column":13},"end":{"line":3,"column":44}},"3":{"start":{"line":5,"column":19},"end":{"line":7,"column":1}},"4":{"start":{"line":6,"column":2},"end":{"line":6,"column":41}},"5":{"start":{"line":9,"column":20},"end":{"line":11,"column":1}},"6":{"start":{"line":10,"column":2},"end":{"line":10,"column":36}},"7":{"start":{"line":13,"column":20},"end":{"line":22,"column":1}},"8":{"start":{"line":14,"column":17},"end":{"line":14,"column":55}},"9":{"start":{"line":15,"column":15},"end":{"line":15,"column":42}},"10":{"start":{"line":16,"column":16},"end":{"line":16,"column":60}},"11":{"start":{"line":17,"column":18},"end":{"line":17,"column":67}},"12":{"start":{"line":18,"column":16},"end":{"line":18,"column":84}},"13":{"start":{"line":20,"column":2},"end":{"line":21,"column":70}},"14":{"start":{"line":24,"column":17},"end":{"line":27,"column":1}},"15":{"start":{"line":25,"column":19},"end":{"line":25,"column":49}},"16":{"start":{"line":26,"column":2},"end":{"line":26,"column":17}},"17":{"start":{"line":29,"column":0},"end":{"line":29,"column":67}}},"fnMap":{"0":{"name":"(anonymous_0)","decl":{"start":{"line":5,"column":19},"end":{"line":5,"column":20}},"loc":{"start":{"line":5,"column":46},"end":{"line":7,"column":1}},"line":5},"1":{"name":"(anonymous_1)","decl":{"start":{"line":9,"column":20},"end":{"line":9,"column":21}},"loc":{"start":{"line":9,"column":47},"end":{"line":11,"column":1}},"line":9},"2":{"name":"(anonymous_2)","decl":{"start":{"line":13,"column":20},"end":{"line":13,"column":21}},"loc":{"start":{"line":13,"column":47},"end":{"line":22,"column":1}},"line":13},"3":{"name":"(anonymous_3)","decl":{"start":{"line":24,"column":17},"end":{"line":24,"column":18}},"loc":{"start":{"line":24,"column":44},"end":{"line":27,"column":1}},"line":24}},"branchMap":{},"s":{"0":3,"1":3,"2":3,"3":3,"4":0,"5":3,"6":0,"7":3,"8":0,"9":0,"10":0,"11":0,"12":0,"13":0,"14":3,"15":0,"16":0,"17":3},"f":{"0":0,"1":0,"2":0,"3":0},"b":{},"_coverageSchema":"332fd63041d2c1bcb487cc26dd0d5f7d97098a6c","hash":"bec443e2f1009a5df1984df8879d324c12c6b49f"}
,"/Users/derekrush/sites/homefilming/api/graphql/resolvers/users.js": {"path":"/Users/derekrush/sites/homefilming/api/graphql/resolvers/users.js","statementMap":{"0":{"start":{"line":2,"column":42},"end":{"line":2,"column":73}},"1":{"start":{"line":3,"column":63},"end":{"line":3,"column":98}},"2":{"start":{"line":4,"column":10},"end":{"line":4,"column":27}},"3":{"start":{"line":5,"column":23},"end":{"line":5,"column":53}},"4":{"start":{"line":7,"column":20},"end":{"line":14,"column":1}},"5":{"start":{"line":8,"column":17},"end":{"line":8,"column":54}},"6":{"start":{"line":9,"column":19},"end":{"line":9,"column":59}},"7":{"start":{"line":10,"column":17},"end":{"line":10,"column":94}},"8":{"start":{"line":11,"column":20},"end":{"line":11,"column":53}},"9":{"start":{"line":12,"column":15},"end":{"line":12,"column":49}},"10":{"start":{"line":13,"column":2},"end":{"line":13,"column":13}},"11":{"start":{"line":16,"column":20},"end":{"line":25,"column":1}},"12":{"start":{"line":17,"column":17},"end":{"line":17,"column":54}},"13":{"start":{"line":18,"column":19},"end":{"line":18,"column":59}},"14":{"start":{"line":19,"column":17},"end":{"line":19,"column":94}},"15":{"start":{"line":20,"column":24},"end":{"line":20,"column":57}},"16":{"start":{"line":21,"column":27},"end":{"line":21,"column":75}},"17":{"start":{"line":22,"column":2},"end":{"line":22,"column":42}},"18":{"start":{"line":23,"column":15},"end":{"line":23,"column":53}},"19":{"start":{"line":24,"column":2},"end":{"line":24,"column":13}},"20":{"start":{"line":27,"column":20},"end":{"line":34,"column":1}},"21":{"start":{"line":28,"column":17},"end":{"line":28,"column":54}},"22":{"start":{"line":29,"column":19},"end":{"line":29,"column":59}},"23":{"start":{"line":30,"column":17},"end":{"line":30,"column":97}},"24":{"start":{"line":31,"column":20},"end":{"line":31,"column":53}},"25":{"start":{"line":32,"column":15},"end":{"line":32,"column":49}},"26":{"start":{"line":33,"column":2},"end":{"line":33,"column":13}},"27":{"start":{"line":36,"column":20},"end":{"line":42,"column":1}},"28":{"start":{"line":37,"column":17},"end":{"line":37,"column":54}},"29":{"start":{"line":38,"column":17},"end":{"line":38,"column":69}},"30":{"start":{"line":39,"column":20},"end":{"line":39,"column":53}},"31":{"start":{"line":40,"column":15},"end":{"line":40,"column":49}},"32":{"start":{"line":41,"column":2},"end":{"line":41,"column":13}},"33":{"start":{"line":44,"column":19},"end":{"line":55,"column":1}},"34":{"start":{"line":45,"column":13},"end":{"line":45,"column":44}},"35":{"start":{"line":46,"column":2},"end":{"line":49,"column":3}},"36":{"start":{"line":47,"column":21},"end":{"line":47,"column":61}},"37":{"start":{"line":48,"column":4},"end":{"line":48,"column":39}},"38":{"start":{"line":50,"column":2},"end":{"line":50,"column":33}},"39":{"start":{"line":51,"column":18},"end":{"line":51,"column":55}},"40":{"start":{"line":52,"column":2},"end":{"line":52,"column":19}},"41":{"start":{"line":53,"column":15},"end":{"line":53,"column":49}},"42":{"start":{"line":54,"column":2},"end":{"line":54,"column":13}},"43":{"start":{"line":57,"column":20},"end":{"line":61,"column":1}},"44":{"start":{"line":58,"column":13},"end":{"line":58,"column":38}},"45":{"start":{"line":59,"column":15},"end":{"line":59,"column":43}},"46":{"start":{"line":60,"column":2},"end":{"line":60,"column":13}},"47":{"start":{"line":64,"column":0},"end":{"line":64,"column":97}}},"fnMap":{"0":{"name":"(anonymous_0)","decl":{"start":{"line":7,"column":20},"end":{"line":7,"column":21}},"loc":{"start":{"line":7,"column":49},"end":{"line":14,"column":1}},"line":7},"1":{"name":"(anonymous_1)","decl":{"start":{"line":16,"column":20},"end":{"line":16,"column":21}},"loc":{"start":{"line":16,"column":49},"end":{"line":25,"column":1}},"line":16},"2":{"name":"(anonymous_2)","decl":{"start":{"line":27,"column":20},"end":{"line":27,"column":21}},"loc":{"start":{"line":27,"column":47},"end":{"line":34,"column":1}},"line":27},"3":{"name":"(anonymous_3)","decl":{"start":{"line":36,"column":20},"end":{"line":36,"column":21}},"loc":{"start":{"line":36,"column":47},"end":{"line":42,"column":1}},"line":36},"4":{"name":"(anonymous_4)","decl":{"start":{"line":44,"column":19},"end":{"line":44,"column":20}},"loc":{"start":{"line":44,"column":48},"end":{"line":55,"column":1}},"line":44},"5":{"name":"(anonymous_5)","decl":{"start":{"line":57,"column":20},"end":{"line":57,"column":21}},"loc":{"start":{"line":57,"column":49},"end":{"line":61,"column":1}},"line":57}},"branchMap":{"0":{"loc":{"start":{"line":46,"column":2},"end":{"line":49,"column":3}},"type":"if","locations":[{"start":{"line":46,"column":2},"end":{"line":49,"column":3}},{"start":{"line":46,"column":2},"end":{"line":49,"column":3}}],"line":46}},"s":{"0":3,"1":3,"2":3,"3":3,"4":3,"5":4,"6":4,"7":4,"8":4,"9":4,"10":4,"11":3,"12":1,"13":1,"14":1,"15":1,"16":1,"17":1,"18":1,"19":1,"20":3,"21":1,"22":1,"23":1,"24":1,"25":1,"26":1,"27":3,"28":1,"29":1,"30":1,"31":1,"32":1,"33":3,"34":1,"35":1,"36":0,"37":0,"38":1,"39":1,"40":1,"41":1,"42":1,"43":3,"44":7,"45":7,"46":7,"47":3},"f":{"0":4,"1":1,"2":1,"3":1,"4":1,"5":7},"b":{"0":[0,1]},"_coverageSchema":"332fd63041d2c1bcb487cc26dd0d5f7d97098a6c","hash":"024ea41a103aff2101a3a1a1a70c54759846ad67"}
,"/Users/derekrush/sites/homefilming/api/graphql/types/address.js": {"path":"/Users/derekrush/sites/homefilming/api/graphql/types/address.js","statementMap":{"0":{"start":{"line":1,"column":16},"end":{"line":58,"column":1}},"1":{"start":{"line":59,"column":0},"end":{"line":59,"column":24}}},"fnMap":{},"branchMap":{},"s":{"0":3,"1":3},"f":{},"b":{},"_coverageSchema":"332fd63041d2c1bcb487cc26dd0d5f7d97098a6c","hash":"7123d43b61610287097f3e65518302b91a6e85f9"}
,"/Users/derekrush/sites/homefilming/api/graphql/types/order.js": {"path":"/Users/derekrush/sites/homefilming/api/graphql/types/order.js","statementMap":{"0":{"start":{"line":1,"column":16},"end":{"line":1,"column":36}},"1":{"start":{"line":2,"column":13},"end":{"line":2,"column":30}},"2":{"start":{"line":3,"column":13},"end":{"line":3,"column":30}},"3":{"start":{"line":5,"column":14},"end":{"line":48,"column":1}},"4":{"start":{"line":50,"column":0},"end":{"line":50,"column":39}}},"fnMap":{},"branchMap":{},"s":{"0":3,"1":3,"2":3,"3":3,"4":3},"f":{},"b":{},"_coverageSchema":"332fd63041d2c1bcb487cc26dd0d5f7d97098a6c","hash":"bf3bf2af3007f3cbacfe35dafe89a1470ba7bd75"}
,"/Users/derekrush/sites/homefilming/api/graphql/types/plan.js": {"path":"/Users/derekrush/sites/homefilming/api/graphql/types/plan.js","statementMap":{"0":{"start":{"line":1,"column":13},"end":{"line":15,"column":1}},"1":{"start":{"line":17,"column":0},"end":{"line":17,"column":21}}},"fnMap":{},"branchMap":{},"s":{"0":3,"1":3},"f":{},"b":{},"_coverageSchema":"332fd63041d2c1bcb487cc26dd0d5f7d97098a6c","hash":"c4b2c699fda836008909b00d7b540dc6328c5b25"}
,"/Users/derekrush/sites/homefilming/api/graphql/types/user.js": {"path":"/Users/derekrush/sites/homefilming/api/graphql/types/user.js","statementMap":{"0":{"start":{"line":1,"column":13},"end":{"line":107,"column":1}},"1":{"start":{"line":109,"column":0},"end":{"line":109,"column":21}}},"fnMap":{},"branchMap":{},"s":{"0":3,"1":3},"f":{},"b":{},"_coverageSchema":"332fd63041d2c1bcb487cc26dd0d5f7d97098a6c","hash":"5ddb432e5e88dce2702ee6bd3097c6020f759c0c"}
,"/Users/derekrush/sites/homefilming/api/models/address.js": {"path":"/Users/derekrush/sites/homefilming/api/models/address.js","statementMap":{"0":{"start":{"line":2,"column":0},"end":{"line":23,"column":1}},"1":{"start":{"line":3,"column":18},"end":{"line":21,"column":4}},"2":{"start":{"line":17,"column":8},"end":{"line":17,"column":39}},"3":{"start":{"line":18,"column":8},"end":{"line":18,"column":38}},"4":{"start":{"line":22,"column":2},"end":{"line":22,"column":16}}},"fnMap":{"0":{"name":"(anonymous_0)","decl":{"start":{"line":2,"column":17},"end":{"line":2,"column":18}},"loc":{"start":{"line":2,"column":43},"end":{"line":23,"column":1}},"line":2}},"branchMap":{},"s":{"0":3,"1":3,"2":3,"3":3,"4":3},"f":{"0":3},"b":{},"_coverageSchema":"332fd63041d2c1bcb487cc26dd0d5f7d97098a6c","hash":"a47e9cb8ed4888c051e092dc46b743272edd81b4"}
,"/Users/derekrush/sites/homefilming/api/models/asset.js": {"path":"/Users/derekrush/sites/homefilming/api/models/asset.js","statementMap":{"0":{"start":{"line":2,"column":0},"end":{"line":34,"column":1}},"1":{"start":{"line":3,"column":16},"end":{"line":32,"column":4}},"2":{"start":{"line":15,"column":8},"end":{"line":19,"column":10}},"3":{"start":{"line":20,"column":8},"end":{"line":24,"column":10}},"4":{"start":{"line":25,"column":8},"end":{"line":29,"column":10}},"5":{"start":{"line":33,"column":2},"end":{"line":33,"column":14}}},"fnMap":{"0":{"name":"(anonymous_0)","decl":{"start":{"line":2,"column":17},"end":{"line":2,"column":18}},"loc":{"start":{"line":2,"column":43},"end":{"line":34,"column":1}},"line":2}},"branchMap":{},"s":{"0":3,"1":3,"2":3,"3":3,"4":3,"5":3},"f":{"0":3},"b":{},"_coverageSchema":"332fd63041d2c1bcb487cc26dd0d5f7d97098a6c","hash":"c39e9550718ff6e890e858dca4ff7db999197392"}
,"/Users/derekrush/sites/homefilming/api/models/company.js": {"path":"/Users/derekrush/sites/homefilming/api/models/company.js","statementMap":{"0":{"start":{"line":2,"column":0},"end":{"line":25,"column":1}},"1":{"start":{"line":3,"column":18},"end":{"line":23,"column":4}},"2":{"start":{"line":13,"column":8},"end":{"line":13,"column":36}},"3":{"start":{"line":14,"column":8},"end":{"line":20,"column":10}},"4":{"start":{"line":24,"column":2},"end":{"line":24,"column":16}}},"fnMap":{"0":{"name":"(anonymous_0)","decl":{"start":{"line":2,"column":17},"end":{"line":2,"column":18}},"loc":{"start":{"line":2,"column":43},"end":{"line":25,"column":1}},"line":2}},"branchMap":{},"s":{"0":3,"1":3,"2":3,"3":3,"4":3},"f":{"0":3},"b":{},"_coverageSchema":"332fd63041d2c1bcb487cc26dd0d5f7d97098a6c","hash":"7e7958010c542437db091d06f9fdaf579b67de70"}
,"/Users/derekrush/sites/homefilming/api/models/contact.js": {"path":"/Users/derekrush/sites/homefilming/api/models/contact.js","statementMap":{"0":{"start":{"line":2,"column":0},"end":{"line":17,"column":1}},"1":{"start":{"line":3,"column":18},"end":{"line":15,"column":4}},"2":{"start":{"line":11,"column":8},"end":{"line":11,"column":38}},"3":{"start":{"line":12,"column":8},"end":{"line":12,"column":41}},"4":{"start":{"line":16,"column":2},"end":{"line":16,"column":16}}},"fnMap":{"0":{"name":"(anonymous_0)","decl":{"start":{"line":2,"column":17},"end":{"line":2,"column":18}},"loc":{"start":{"line":2,"column":43},"end":{"line":17,"column":1}},"line":2}},"branchMap":{},"s":{"0":3,"1":3,"2":3,"3":3,"4":3},"f":{"0":3},"b":{},"_coverageSchema":"332fd63041d2c1bcb487cc26dd0d5f7d97098a6c","hash":"61e6e03ab6b3bf6a5eda8ab6bf0b5597c4222fc5"}
,"/Users/derekrush/sites/homefilming/api/models/index.js": {"path":"/Users/derekrush/sites/homefilming/api/models/index.js","statementMap":{"0":{"start":{"line":2,"column":16},"end":{"line":2,"column":29}},"1":{"start":{"line":3,"column":16},"end":{"line":3,"column":31}},"2":{"start":{"line":4,"column":16},"end":{"line":4,"column":36}},"3":{"start":{"line":5,"column":16},"end":{"line":5,"column":46}},"4":{"start":{"line":6,"column":16},"end":{"line":6,"column":53}},"5":{"start":{"line":7,"column":16},"end":{"line":7,"column":69}},"6":{"start":{"line":8,"column":16},"end":{"line":8,"column":18}},"7":{"start":{"line":10,"column":0},"end":{"line":14,"column":1}},"8":{"start":{"line":11,"column":18},"end":{"line":11,"column":69}},"9":{"start":{"line":13,"column":18},"end":{"line":13,"column":90}},"10":{"start":{"line":16,"column":0},"end":{"line":24,"column":4}},"11":{"start":{"line":19,"column":4},"end":{"line":19,"column":89}},"12":{"start":{"line":22,"column":16},"end":{"line":22,"column":63}},"13":{"start":{"line":23,"column":4},"end":{"line":23,"column":26}},"14":{"start":{"line":26,"column":0},"end":{"line":30,"column":2}},"15":{"start":{"line":27,"column":2},"end":{"line":29,"column":3}},"16":{"start":{"line":28,"column":4},"end":{"line":28,"column":31}},"17":{"start":{"line":32,"column":0},"end":{"line":32,"column":24}},"18":{"start":{"line":33,"column":0},"end":{"line":33,"column":24}},"19":{"start":{"line":35,"column":0},"end":{"line":35,"column":19}}},"fnMap":{"0":{"name":"(anonymous_0)","decl":{"start":{"line":18,"column":10},"end":{"line":18,"column":11}},"loc":{"start":{"line":18,"column":25},"end":{"line":20,"column":3}},"line":18},"1":{"name":"(anonymous_1)","decl":{"start":{"line":21,"column":11},"end":{"line":21,"column":12}},"loc":{"start":{"line":21,"column":26},"end":{"line":24,"column":3}},"line":21},"2":{"name":"(anonymous_2)","decl":{"start":{"line":26,"column":24},"end":{"line":26,"column":25}},"loc":{"start":{"line":26,"column":44},"end":{"line":30,"column":1}},"line":26}},"branchMap":{"0":{"loc":{"start":{"line":6,"column":16},"end":{"line":6,"column":53}},"type":"binary-expr","locations":[{"start":{"line":6,"column":16},"end":{"line":6,"column":36}},{"start":{"line":6,"column":40},"end":{"line":6,"column":53}}],"line":6},"1":{"loc":{"start":{"line":10,"column":0},"end":{"line":14,"column":1}},"type":"if","locations":[{"start":{"line":10,"column":0},"end":{"line":14,"column":1}},{"start":{"line":10,"column":0},"end":{"line":14,"column":1}}],"line":10},"2":{"loc":{"start":{"line":19,"column":11},"end":{"line":19,"column":89}},"type":"binary-expr","locations":[{"start":{"line":19,"column":12},"end":{"line":19,"column":35}},{"start":{"line":19,"column":41},"end":{"line":19,"column":58}},{"start":{"line":19,"column":64},"end":{"line":19,"column":88}}],"line":19},"3":{"loc":{"start":{"line":27,"column":2},"end":{"line":29,"column":3}},"type":"if","locations":[{"start":{"line":27,"column":2},"end":{"line":29,"column":3}},{"start":{"line":27,"column":2},"end":{"line":29,"column":3}}],"line":27}},"s":{"0":3,"1":3,"2":3,"3":3,"4":3,"5":3,"6":3,"7":3,"8":0,"9":3,"10":3,"11":33,"12":30,"13":30,"14":3,"15":30,"16":27,"17":3,"18":3,"19":3},"f":{"0":33,"1":30,"2":30},"b":{"0":[3,0],"1":[0,3],"2":[33,33,30],"3":[27,3]},"_coverageSchema":"332fd63041d2c1bcb487cc26dd0d5f7d97098a6c","hash":"8a8104ab0186867648e2c72f22b7672442951a9d"}
,"/Users/derekrush/sites/homefilming/api/models/invitation.js": {"path":"/Users/derekrush/sites/homefilming/api/models/invitation.js","statementMap":{"0":{"start":{"line":2,"column":0},"end":{"line":15,"column":1}},"1":{"start":{"line":3,"column":21},"end":{"line":13,"column":4}},"2":{"start":{"line":10,"column":8},"end":{"line":10,"column":41}},"3":{"start":{"line":14,"column":2},"end":{"line":14,"column":19}}},"fnMap":{"0":{"name":"(anonymous_0)","decl":{"start":{"line":2,"column":17},"end":{"line":2,"column":18}},"loc":{"start":{"line":2,"column":43},"end":{"line":15,"column":1}},"line":2}},"branchMap":{},"s":{"0":3,"1":3,"2":3,"3":3},"f":{"0":3},"b":{},"_coverageSchema":"332fd63041d2c1bcb487cc26dd0d5f7d97098a6c","hash":"4875008a4629a83772804f5b52eb68f2728bb09d"}
,"/Users/derekrush/sites/homefilming/api/models/note.js": {"path":"/Users/derekrush/sites/homefilming/api/models/note.js","statementMap":{"0":{"start":{"line":2,"column":0},"end":{"line":16,"column":1}},"1":{"start":{"line":3,"column":15},"end":{"line":14,"column":4}},"2":{"start":{"line":9,"column":8},"end":{"line":9,"column":36}},"3":{"start":{"line":10,"column":8},"end":{"line":10,"column":35}},"4":{"start":{"line":11,"column":8},"end":{"line":11,"column":36}},"5":{"start":{"line":15,"column":2},"end":{"line":15,"column":13}}},"fnMap":{"0":{"name":"(anonymous_0)","decl":{"start":{"line":2,"column":17},"end":{"line":2,"column":18}},"loc":{"start":{"line":2,"column":43},"end":{"line":16,"column":1}},"line":2}},"branchMap":{},"s":{"0":3,"1":3,"2":3,"3":3,"4":3,"5":3},"f":{"0":3},"b":{},"_coverageSchema":"332fd63041d2c1bcb487cc26dd0d5f7d97098a6c","hash":"20bfede636ec4f25c061c51333540d20ddf7f504"}
,"/Users/derekrush/sites/homefilming/api/models/notification.js": {"path":"/Users/derekrush/sites/homefilming/api/models/notification.js","statementMap":{"0":{"start":{"line":2,"column":0},"end":{"line":16,"column":1}},"1":{"start":{"line":3,"column":23},"end":{"line":14,"column":4}},"2":{"start":{"line":11,"column":8},"end":{"line":11,"column":43}},"3":{"start":{"line":15,"column":2},"end":{"line":15,"column":21}}},"fnMap":{"0":{"name":"(anonymous_0)","decl":{"start":{"line":2,"column":17},"end":{"line":2,"column":18}},"loc":{"start":{"line":2,"column":43},"end":{"line":16,"column":1}},"line":2}},"branchMap":{},"s":{"0":3,"1":3,"2":3,"3":3},"f":{"0":3},"b":{},"_coverageSchema":"332fd63041d2c1bcb487cc26dd0d5f7d97098a6c","hash":"4c0406fa4f08d15703df3067bf81e5341e8db4a0"}
,"/Users/derekrush/sites/homefilming/api/models/order.js": {"path":"/Users/derekrush/sites/homefilming/api/models/order.js","statementMap":{"0":{"start":{"line":2,"column":0},"end":{"line":39,"column":1}},"1":{"start":{"line":3,"column":16},"end":{"line":37,"column":4}},"2":{"start":{"line":24,"column":8},"end":{"line":24,"column":51}},"3":{"start":{"line":25,"column":8},"end":{"line":27,"column":10}},"4":{"start":{"line":28,"column":8},"end":{"line":34,"column":10}},"5":{"start":{"line":38,"column":2},"end":{"line":38,"column":14}}},"fnMap":{"0":{"name":"(anonymous_0)","decl":{"start":{"line":2,"column":17},"end":{"line":2,"column":18}},"loc":{"start":{"line":2,"column":43},"end":{"line":39,"column":1}},"line":2}},"branchMap":{},"s":{"0":3,"1":3,"2":3,"3":3,"4":3,"5":3},"f":{"0":3},"b":{},"_coverageSchema":"332fd63041d2c1bcb487cc26dd0d5f7d97098a6c","hash":"d1f9dd1dc137081e495b0ebea331c6967dea01ca"}
,"/Users/derekrush/sites/homefilming/api/models/rating.js": {"path":"/Users/derekrush/sites/homefilming/api/models/rating.js","statementMap":{"0":{"start":{"line":2,"column":0},"end":{"line":16,"column":1}},"1":{"start":{"line":3,"column":17},"end":{"line":14,"column":4}},"2":{"start":{"line":15,"column":2},"end":{"line":15,"column":15}}},"fnMap":{"0":{"name":"(anonymous_0)","decl":{"start":{"line":2,"column":17},"end":{"line":2,"column":18}},"loc":{"start":{"line":2,"column":43},"end":{"line":16,"column":1}},"line":2}},"branchMap":{},"s":{"0":3,"1":3,"2":3},"f":{"0":3},"b":{},"_coverageSchema":"332fd63041d2c1bcb487cc26dd0d5f7d97098a6c","hash":"39e85d0417b9754a9dc5f74c92604e745623dc2c"}
,"/Users/derekrush/sites/homefilming/api/models/user.js": {"path":"/Users/derekrush/sites/homefilming/api/models/user.js","statementMap":{"0":{"start":{"line":3,"column":13},"end":{"line":3,"column":30}},"1":{"start":{"line":5,"column":0},"end":{"line":89,"column":1}},"2":{"start":{"line":6,"column":15},"end":{"line":87,"column":4}},"3":{"start":{"line":35,"column":8},"end":{"line":37,"column":10}},"4":{"start":{"line":38,"column":8},"end":{"line":42,"column":10}},"5":{"start":{"line":43,"column":8},"end":{"line":45,"column":10}},"6":{"start":{"line":46,"column":8},"end":{"line":48,"column":10}},"7":{"start":{"line":49,"column":8},"end":{"line":51,"column":10}},"8":{"start":{"line":52,"column":8},"end":{"line":58,"column":10}},"9":{"start":{"line":64,"column":8},"end":{"line":69,"column":10}},"10":{"start":{"line":65,"column":10},"end":{"line":67,"column":11}},"11":{"start":{"line":66,"column":12},"end":{"line":66,"column":26}},"12":{"start":{"line":68,"column":10},"end":{"line":68,"column":34}},"13":{"start":{"line":75,"column":8},"end":{"line":77,"column":10}},"14":{"start":{"line":76,"column":10},"end":{"line":76,"column":30}},"15":{"start":{"line":80,"column":8},"end":{"line":84,"column":9}},"16":{"start":{"line":81,"column":10},"end":{"line":83,"column":12}},"17":{"start":{"line":82,"column":12},"end":{"line":82,"column":32}},"18":{"start":{"line":88,"column":2},"end":{"line":88,"column":13}}},"fnMap":{"0":{"name":"(anonymous_0)","decl":{"start":{"line":5,"column":17},"end":{"line":5,"column":18}},"loc":{"start":{"line":5,"column":43},"end":{"line":89,"column":1}},"line":5},"1":{"name":"(anonymous_1)","decl":{"start":{"line":64,"column":42},"end":{"line":64,"column":43}},"loc":{"start":{"line":64,"column":60},"end":{"line":69,"column":9}},"line":64},"2":{"name":"(anonymous_2)","decl":{"start":{"line":74,"column":20},"end":{"line":74,"column":21}},"loc":{"start":{"line":74,"column":30},"end":{"line":78,"column":7}},"line":74},"3":{"name":"(anonymous_3)","decl":{"start":{"line":75,"column":51},"end":{"line":75,"column":52}},"loc":{"start":{"line":75,"column":61},"end":{"line":77,"column":9}},"line":75},"4":{"name":"(anonymous_4)","decl":{"start":{"line":79,"column":20},"end":{"line":79,"column":21}},"loc":{"start":{"line":79,"column":30},"end":{"line":85,"column":7}},"line":79},"5":{"name":"(anonymous_5)","decl":{"start":{"line":81,"column":53},"end":{"line":81,"column":54}},"loc":{"start":{"line":81,"column":63},"end":{"line":83,"column":11}},"line":81}},"branchMap":{"0":{"loc":{"start":{"line":65,"column":10},"end":{"line":67,"column":11}},"type":"if","locations":[{"start":{"line":65,"column":10},"end":{"line":67,"column":11}},{"start":{"line":65,"column":10},"end":{"line":67,"column":11}}],"line":65},"1":{"loc":{"start":{"line":80,"column":8},"end":{"line":84,"column":9}},"type":"if","locations":[{"start":{"line":80,"column":8},"end":{"line":84,"column":9}},{"start":{"line":80,"column":8},"end":{"line":84,"column":9}}],"line":80}},"s":{"0":3,"1":3,"2":3,"3":3,"4":3,"5":3,"6":3,"7":3,"8":3,"9":7,"10":7,"11":0,"12":7,"13":7,"14":7,"15":1,"16":1,"17":1,"18":3},"f":{"0":3,"1":7,"2":7,"3":7,"4":1,"5":1},"b":{"0":[0,7],"1":[1,0]},"_coverageSchema":"332fd63041d2c1bcb487cc26dd0d5f7d97098a6c","hash":"219eaa516fb94663ec84efb01e30d14c67015ad2"}
,"/Users/derekrush/sites/homefilming/api/services/addresses.js": {"path":"/Users/derekrush/sites/homefilming/api/services/addresses.js","statementMap":{"0":{"start":{"line":1,"column":10},"end":{"line":1,"column":27}},"1":{"start":{"line":2,"column":15},"end":{"line":2,"column":35}},"2":{"start":{"line":3,"column":11},"end":{"line":3,"column":31}},"3":{"start":{"line":4,"column":18},"end":{"line":4,"column":45}},"4":{"start":{"line":5,"column":17},"end":{"line":5,"column":61}},"5":{"start":{"line":8,"column":21},"end":{"line":8,"column":77}},"6":{"start":{"line":10,"column":2},"end":{"line":22,"column":3}},"7":{"start":{"line":11,"column":4},"end":{"line":18,"column":6}},"8":{"start":{"line":12,"column":6},"end":{"line":17,"column":7}},"9":{"start":{"line":13,"column":8},"end":{"line":16,"column":13}},"10":{"start":{"line":21,"column":4},"end":{"line":21,"column":11}},"11":{"start":{"line":23,"column":2},"end":{"line":23,"column":14}},"12":{"start":{"line":27,"column":18},"end":{"line":27,"column":59}},"13":{"start":{"line":28,"column":2},"end":{"line":28,"column":16}},"14":{"start":{"line":32,"column":17},"end":{"line":35,"column":6}},"15":{"start":{"line":34,"column":6},"end":{"line":34,"column":19}},"16":{"start":{"line":39,"column":0},"end":{"line":39,"column":56}}},"fnMap":{"0":{"name":"validateAddressInput","decl":{"start":{"line":7,"column":9},"end":{"line":7,"column":29}},"loc":{"start":{"line":7,"column":38},"end":{"line":24,"column":1}},"line":7},"1":{"name":"(anonymous_1)","decl":{"start":{"line":11,"column":26},"end":{"line":11,"column":27}},"loc":{"start":{"line":11,"column":42},"end":{"line":18,"column":5}},"line":11},"2":{"name":"createAddress","decl":{"start":{"line":26,"column":15},"end":{"line":26,"column":28}},"loc":{"start":{"line":26,"column":54},"end":{"line":29,"column":1}},"line":26},"3":{"name":"destroyAddress","decl":{"start":{"line":31,"column":15},"end":{"line":31,"column":29}},"loc":{"start":{"line":31,"column":47},"end":{"line":36,"column":1}},"line":31},"4":{"name":"(anonymous_4)","decl":{"start":{"line":33,"column":10},"end":{"line":33,"column":11}},"loc":{"start":{"line":33,"column":17},"end":{"line":35,"column":5}},"line":33}},"branchMap":{"0":{"loc":{"start":{"line":12,"column":6},"end":{"line":17,"column":7}},"type":"if","locations":[{"start":{"line":12,"column":6},"end":{"line":17,"column":7}},{"start":{"line":12,"column":6},"end":{"line":17,"column":7}}],"line":12}},"s":{"0":3,"1":3,"2":3,"3":3,"4":3,"5":1,"6":1,"7":1,"8":6,"9":0,"10":0,"11":1,"12":0,"13":0,"14":0,"15":0,"16":3},"f":{"0":1,"1":6,"2":0,"3":0,"4":0},"b":{"0":[0,6]},"_coverageSchema":"332fd63041d2c1bcb487cc26dd0d5f7d97098a6c","hash":"3497f8c4b31edd71e6870887992a10446fadbbad"}
,"/Users/derekrush/sites/homefilming/api/services/auth.js": {"path":"/Users/derekrush/sites/homefilming/api/services/auth.js","statementMap":{"0":{"start":{"line":1,"column":15},"end":{"line":1,"column":35}},"1":{"start":{"line":2,"column":11},"end":{"line":2,"column":31}},"2":{"start":{"line":3,"column":15},"end":{"line":3,"column":33}},"3":{"start":{"line":4,"column":12},"end":{"line":4,"column":35}},"4":{"start":{"line":5,"column":17},"end":{"line":5,"column":36}},"5":{"start":{"line":6,"column":23},"end":{"line":6,"column":57}},"6":{"start":{"line":7,"column":23},"end":{"line":7,"column":63}},"7":{"start":{"line":8,"column":15},"end":{"line":8,"column":39}},"8":{"start":{"line":9,"column":15},"end":{"line":9,"column":32}},"9":{"start":{"line":10,"column":14},"end":{"line":10,"column":59}},"10":{"start":{"line":12,"column":0},"end":{"line":18,"column":3}},"11":{"start":{"line":13,"column":2},"end":{"line":17,"column":4}},"12":{"start":{"line":14,"column":4},"end":{"line":14,"column":27}},"13":{"start":{"line":14,"column":13},"end":{"line":14,"column":27}},"14":{"start":{"line":15,"column":17},"end":{"line":15,"column":24}},"15":{"start":{"line":16,"column":4},"end":{"line":16,"column":40}},"16":{"start":{"line":21,"column":2},"end":{"line":27,"column":3}},"17":{"start":{"line":31,"column":16},"end":{"line":31,"column":40}},"18":{"start":{"line":32,"column":2},"end":{"line":47,"column":4}},"19":{"start":{"line":33,"column":4},"end":{"line":46,"column":6}},"20":{"start":{"line":34,"column":6},"end":{"line":45,"column":8}},"21":{"start":{"line":35,"column":32},"end":{"line":35,"column":49}},"22":{"start":{"line":36,"column":8},"end":{"line":44,"column":9}},"23":{"start":{"line":37,"column":22},"end":{"line":39,"column":12}},"24":{"start":{"line":40,"column":10},"end":{"line":40,"column":40}},"25":{"start":{"line":41,"column":10},"end":{"line":41,"column":51}},"26":{"start":{"line":41,"column":37},"end":{"line":41,"column":50}},"27":{"start":{"line":43,"column":10},"end":{"line":43,"column":83}},"28":{"start":{"line":51,"column":0},"end":{"line":51,"column":26}}},"fnMap":{"0":{"name":"(anonymous_0)","decl":{"start":{"line":12,"column":32},"end":{"line":12,"column":33}},"loc":{"start":{"line":12,"column":53},"end":{"line":18,"column":1}},"line":12},"1":{"name":"(anonymous_1)","decl":{"start":{"line":13,"column":28},"end":{"line":13,"column":29}},"loc":{"start":{"line":13,"column":51},"end":{"line":17,"column":3}},"line":13},"2":{"name":"createToken","decl":{"start":{"line":20,"column":9},"end":{"line":20,"column":20}},"loc":{"start":{"line":20,"column":27},"end":{"line":28,"column":1}},"line":20},"3":{"name":"login","decl":{"start":{"line":30,"column":9},"end":{"line":30,"column":14}},"loc":{"start":{"line":30,"column":21},"end":{"line":48,"column":1}},"line":30},"4":{"name":"(anonymous_4)","decl":{"start":{"line":32,"column":21},"end":{"line":32,"column":22}},"loc":{"start":{"line":32,"column":42},"end":{"line":47,"column":3}},"line":32},"5":{"name":"(anonymous_5)","decl":{"start":{"line":33,"column":48},"end":{"line":33,"column":49}},"loc":{"start":{"line":33,"column":56},"end":{"line":46,"column":5}},"line":33},"6":{"name":"(anonymous_6)","decl":{"start":{"line":34,"column":42},"end":{"line":34,"column":43}},"loc":{"start":{"line":34,"column":60},"end":{"line":45,"column":7}},"line":34},"7":{"name":"(anonymous_7)","decl":{"start":{"line":41,"column":31},"end":{"line":41,"column":32}},"loc":{"start":{"line":41,"column":37},"end":{"line":41,"column":50}},"line":41}},"branchMap":{"0":{"loc":{"start":{"line":14,"column":4},"end":{"line":14,"column":27}},"type":"if","locations":[{"start":{"line":14,"column":4},"end":{"line":14,"column":27}},{"start":{"line":14,"column":4},"end":{"line":14,"column":27}}],"line":14},"1":{"loc":{"start":{"line":16,"column":20},"end":{"line":16,"column":39}},"type":"cond-expr","locations":[{"start":{"line":16,"column":27},"end":{"line":16,"column":31}},{"start":{"line":16,"column":34},"end":{"line":16,"column":39}}],"line":16},"2":{"loc":{"start":{"line":36,"column":8},"end":{"line":44,"column":9}},"type":"if","locations":[{"start":{"line":36,"column":8},"end":{"line":44,"column":9}},{"start":{"line":36,"column":8},"end":{"line":44,"column":9}}],"line":36},"3":{"loc":{"start":{"line":36,"column":12},"end":{"line":36,"column":27}},"type":"binary-expr","locations":[{"start":{"line":36,"column":12},"end":{"line":36,"column":19}},{"start":{"line":36,"column":23},"end":{"line":36,"column":27}}],"line":36}},"s":{"0":3,"1":3,"2":3,"3":3,"4":3,"5":3,"6":3,"7":3,"8":3,"9":3,"10":3,"11":7,"12":7,"13":0,"14":7,"15":7,"16":7,"17":7,"18":7,"19":7,"20":7,"21":7,"22":7,"23":7,"24":7,"25":7,"26":7,"27":0,"28":3},"f":{"0":7,"1":7,"2":7,"3":7,"4":7,"5":7,"6":7,"7":7},"b":{"0":[0,7],"1":[7,0],"2":[7,0],"3":[7,7]},"_coverageSchema":"332fd63041d2c1bcb487cc26dd0d5f7d97098a6c","hash":"74de55fd74236fed12f1b32b11cb69a58c8beab7"}
,"/Users/derekrush/sites/homefilming/api/services/orders.js": {"path":"/Users/derekrush/sites/homefilming/api/services/orders.js","statementMap":{"0":{"start":{"line":1,"column":10},"end":{"line":1,"column":27}},"1":{"start":{"line":2,"column":15},"end":{"line":2,"column":35}},"2":{"start":{"line":3,"column":11},"end":{"line":3,"column":31}},"3":{"start":{"line":4,"column":16},"end":{"line":4,"column":41}},"4":{"start":{"line":5,"column":18},"end":{"line":5,"column":45}},"5":{"start":{"line":6,"column":15},"end":{"line":6,"column":39}},"6":{"start":{"line":7,"column":24},"end":{"line":7,"column":42}},"7":{"start":{"line":8,"column":15},"end":{"line":8,"column":63}},"8":{"start":{"line":10,"column":20},"end":{"line":31,"column":1}},"9":{"start":{"line":12,"column":17},"end":{"line":17,"column":4}},"10":{"start":{"line":19,"column":2},"end":{"line":29,"column":3}},"11":{"start":{"line":20,"column":26},"end":{"line":26,"column":6}},"12":{"start":{"line":28,"column":4},"end":{"line":28,"column":26}},"13":{"start":{"line":30,"column":2},"end":{"line":30,"column":22}},"14":{"start":{"line":33,"column":20},"end":{"line":41,"column":1}},"15":{"start":{"line":34,"column":2},"end":{"line":40,"column":4}},"16":{"start":{"line":39,"column":4},"end":{"line":39,"column":14}},"17":{"start":{"line":43,"column":19},"end":{"line":60,"column":1}},"18":{"start":{"line":44,"column":2},"end":{"line":59,"column":3}},"19":{"start":{"line":45,"column":4},"end":{"line":50,"column":6}},"20":{"start":{"line":49,"column":6},"end":{"line":49,"column":16}},"21":{"start":{"line":52,"column":4},"end":{"line":58,"column":6}},"22":{"start":{"line":57,"column":6},"end":{"line":57,"column":16}},"23":{"start":{"line":62,"column":17},"end":{"line":98,"column":1}},"24":{"start":{"line":63,"column":15},"end":{"line":63,"column":62}},"25":{"start":{"line":64,"column":19},"end":{"line":96,"column":6}},"26":{"start":{"line":80,"column":17},"end":{"line":80,"column":19}},"27":{"start":{"line":81,"column":6},"end":{"line":94,"column":8}},"28":{"start":{"line":82,"column":23},"end":{"line":82,"column":25}},"29":{"start":{"line":83,"column":22},"end":{"line":83,"column":24}},"30":{"start":{"line":84,"column":8},"end":{"line":91,"column":10}},"31":{"start":{"line":85,"column":10},"end":{"line":90,"column":11}},"32":{"start":{"line":86,"column":25},"end":{"line":86,"column":42}},"33":{"start":{"line":87,"column":12},"end":{"line":87,"column":33}},"34":{"start":{"line":89,"column":12},"end":{"line":89,"column":31}},"35":{"start":{"line":92,"column":8},"end":{"line":92,"column":37}},"36":{"start":{"line":93,"column":8},"end":{"line":93,"column":27}},"37":{"start":{"line":95,"column":6},"end":{"line":95,"column":17}},"38":{"start":{"line":97,"column":4},"end":{"line":97,"column":19}},"39":{"start":{"line":100,"column":0},"end":{"line":100,"column":67}}},"fnMap":{"0":{"name":"(anonymous_0)","decl":{"start":{"line":10,"column":20},"end":{"line":10,"column":21}},"loc":{"start":{"line":10,"column":62},"end":{"line":31,"column":1}},"line":10},"1":{"name":"(anonymous_1)","decl":{"start":{"line":33,"column":20},"end":{"line":33,"column":21}},"loc":{"start":{"line":33,"column":30},"end":{"line":41,"column":1}},"line":33},"2":{"name":"(anonymous_2)","decl":{"start":{"line":38,"column":10},"end":{"line":38,"column":11}},"loc":{"start":{"line":38,"column":19},"end":{"line":40,"column":3}},"line":38},"3":{"name":"(anonymous_3)","decl":{"start":{"line":43,"column":19},"end":{"line":43,"column":20}},"loc":{"start":{"line":43,"column":35},"end":{"line":60,"column":1}},"line":43},"4":{"name":"(anonymous_4)","decl":{"start":{"line":48,"column":12},"end":{"line":48,"column":13}},"loc":{"start":{"line":48,"column":21},"end":{"line":50,"column":5}},"line":48},"5":{"name":"(anonymous_5)","decl":{"start":{"line":56,"column":12},"end":{"line":56,"column":13}},"loc":{"start":{"line":56,"column":21},"end":{"line":58,"column":5}},"line":56},"6":{"name":"(anonymous_6)","decl":{"start":{"line":62,"column":17},"end":{"line":62,"column":18}},"loc":{"start":{"line":62,"column":60},"end":{"line":98,"column":1}},"line":62},"7":{"name":"(anonymous_7)","decl":{"start":{"line":79,"column":12},"end":{"line":79,"column":13}},"loc":{"start":{"line":79,"column":27},"end":{"line":96,"column":5}},"line":79},"8":{"name":"(anonymous_8)","decl":{"start":{"line":81,"column":18},"end":{"line":81,"column":19}},"loc":{"start":{"line":81,"column":29},"end":{"line":94,"column":7}},"line":81},"9":{"name":"(anonymous_9)","decl":{"start":{"line":84,"column":22},"end":{"line":84,"column":23}},"loc":{"start":{"line":84,"column":36},"end":{"line":91,"column":9}},"line":84}},"branchMap":{"0":{"loc":{"start":{"line":19,"column":2},"end":{"line":29,"column":3}},"type":"if","locations":[{"start":{"line":19,"column":2},"end":{"line":29,"column":3}},{"start":{"line":19,"column":2},"end":{"line":29,"column":3}}],"line":19},"1":{"loc":{"start":{"line":44,"column":2},"end":{"line":59,"column":3}},"type":"if","locations":[{"start":{"line":44,"column":2},"end":{"line":59,"column":3}},{"start":{"line":44,"column":2},"end":{"line":59,"column":3}}],"line":44},"2":{"loc":{"start":{"line":62,"column":37},"end":{"line":62,"column":54}},"type":"default-arg","locations":[{"start":{"line":62,"column":50},"end":{"line":62,"column":54}}],"line":62},"3":{"loc":{"start":{"line":76,"column":6},"end":{"line":76,"column":79}},"type":"cond-expr","locations":[{"start":{"line":76,"column":38},"end":{"line":76,"column":74}},{"start":{"line":76,"column":77},"end":{"line":76,"column":79}}],"line":76},"4":{"loc":{"start":{"line":76,"column":6},"end":{"line":76,"column":35}},"type":"binary-expr","locations":[{"start":{"line":76,"column":6},"end":{"line":76,"column":25}},{"start":{"line":76,"column":29},"end":{"line":76,"column":35}}],"line":76},"5":{"loc":{"start":{"line":85,"column":10},"end":{"line":90,"column":11}},"type":"if","locations":[{"start":{"line":85,"column":10},"end":{"line":90,"column":11}},{"start":{"line":85,"column":10},"end":{"line":90,"column":11}}],"line":85}},"s":{"0":3,"1":3,"2":3,"3":3,"4":3,"5":3,"6":3,"7":3,"8":3,"9":0,"10":0,"11":0,"12":0,"13":0,"14":3,"15":0,"16":0,"17":3,"18":0,"19":0,"20":0,"21":0,"22":0,"23":3,"24":0,"25":0,"26":0,"27":0,"28":0,"29":0,"30":0,"31":0,"32":0,"33":0,"34":0,"35":0,"36":0,"37":0,"38":0,"39":3},"f":{"0":0,"1":0,"2":0,"3":0,"4":0,"5":0,"6":0,"7":0,"8":0,"9":0},"b":{"0":[0,0],"1":[0,0],"2":[0],"3":[0,0],"4":[0,0],"5":[0,0]},"_coverageSchema":"332fd63041d2c1bcb487cc26dd0d5f7d97098a6c","hash":"c99ed17ada5d36ba890ef1b8ba93d522dbb372fe"}
,"/Users/derekrush/sites/homefilming/api/services/users.js": {"path":"/Users/derekrush/sites/homefilming/api/services/users.js","statementMap":{"0":{"start":{"line":1,"column":18},"end":{"line":1,"column":35}},"1":{"start":{"line":2,"column":10},"end":{"line":2,"column":27}},"2":{"start":{"line":3,"column":15},"end":{"line":3,"column":35}},"3":{"start":{"line":4,"column":11},"end":{"line":4,"column":31}},"4":{"start":{"line":5,"column":15},"end":{"line":5,"column":39}},"5":{"start":{"line":6,"column":18},"end":{"line":6,"column":45}},"6":{"start":{"line":7,"column":15},"end":{"line":7,"column":63}},"7":{"start":{"line":8,"column":17},"end":{"line":8,"column":61}},"8":{"start":{"line":11,"column":28},"end":{"line":11,"column":84}},"9":{"start":{"line":12,"column":15},"end":{"line":12,"column":71}},"10":{"start":{"line":13,"column":20},"end":{"line":13,"column":102}},"11":{"start":{"line":14,"column":2},"end":{"line":17,"column":4}},"12":{"start":{"line":15,"column":4},"end":{"line":15,"column":32}},"13":{"start":{"line":16,"column":4},"end":{"line":16,"column":109}},"14":{"start":{"line":21,"column":2},"end":{"line":31,"column":3}},"15":{"start":{"line":22,"column":4},"end":{"line":27,"column":5}},"16":{"start":{"line":23,"column":6},"end":{"line":26,"column":11}},"17":{"start":{"line":30,"column":4},"end":{"line":30,"column":12}},"18":{"start":{"line":35,"column":16},"end":{"line":36,"column":84}},"19":{"start":{"line":36,"column":4},"end":{"line":36,"column":63}},"20":{"start":{"line":37,"column":17},"end":{"line":37,"column":134}},"21":{"start":{"line":38,"column":15},"end":{"line":38,"column":57}},"22":{"start":{"line":39,"column":22},"end":{"line":39,"column":69}},"23":{"start":{"line":40,"column":2},"end":{"line":40,"column":20}},"24":{"start":{"line":44,"column":2},"end":{"line":54,"column":3}},"25":{"start":{"line":45,"column":4},"end":{"line":50,"column":5}},"26":{"start":{"line":46,"column":6},"end":{"line":49,"column":11}},"27":{"start":{"line":53,"column":4},"end":{"line":53,"column":12}},"28":{"start":{"line":55,"column":17},"end":{"line":55,"column":48}},"29":{"start":{"line":57,"column":2},"end":{"line":57,"column":15}},"30":{"start":{"line":61,"column":25},"end":{"line":61,"column":44}},"31":{"start":{"line":62,"column":2},"end":{"line":74,"column":3}},"32":{"start":{"line":63,"column":22},"end":{"line":70,"column":6}},"33":{"start":{"line":64,"column":6},"end":{"line":69,"column":7}},"34":{"start":{"line":65,"column":8},"end":{"line":68,"column":13}},"35":{"start":{"line":73,"column":4},"end":{"line":73,"column":12}},"36":{"start":{"line":75,"column":2},"end":{"line":75,"column":23}},"37":{"start":{"line":78,"column":29},"end":{"line":87,"column":1}},"38":{"start":{"line":79,"column":17},"end":{"line":85,"column":4}},"39":{"start":{"line":84,"column":4},"end":{"line":84,"column":14}},"40":{"start":{"line":86,"column":2},"end":{"line":86,"column":15}},"41":{"start":{"line":90,"column":35},"end":{"line":90,"column":37}},"42":{"start":{"line":91,"column":15},"end":{"line":91,"column":17}},"43":{"start":{"line":92,"column":2},"end":{"line":110,"column":3}},"44":{"start":{"line":94,"column":6},"end":{"line":94,"column":83}},"45":{"start":{"line":95,"column":6},"end":{"line":95,"column":108}},"46":{"start":{"line":96,"column":6},"end":{"line":96,"column":11}},"47":{"start":{"line":98,"column":6},"end":{"line":98,"column":119}},"48":{"start":{"line":99,"column":6},"end":{"line":100,"column":64}},"49":{"start":{"line":101,"column":6},"end":{"line":101,"column":11}},"50":{"start":{"line":103,"column":6},"end":{"line":103,"column":66}},"51":{"start":{"line":104,"column":6},"end":{"line":104,"column":122}},"52":{"start":{"line":105,"column":6},"end":{"line":105,"column":11}},"53":{"start":{"line":107,"column":6},"end":{"line":107,"column":52}},"54":{"start":{"line":108,"column":6},"end":{"line":108,"column":83}},"55":{"start":{"line":109,"column":6},"end":{"line":109,"column":11}},"56":{"start":{"line":112,"column":2},"end":{"line":127,"column":3}},"57":{"start":{"line":113,"column":4},"end":{"line":120,"column":6}},"58":{"start":{"line":114,"column":6},"end":{"line":119,"column":7}},"59":{"start":{"line":115,"column":8},"end":{"line":118,"column":13}},"60":{"start":{"line":121,"column":4},"end":{"line":123,"column":6}},"61":{"start":{"line":122,"column":6},"end":{"line":122,"column":30}},"62":{"start":{"line":126,"column":4},"end":{"line":126,"column":12}},"63":{"start":{"line":128,"column":2},"end":{"line":128,"column":26}},"64":{"start":{"line":129,"column":2},"end":{"line":129,"column":15}},"65":{"start":{"line":132,"column":19},"end":{"line":145,"column":1}},"66":{"start":{"line":133,"column":2},"end":{"line":143,"column":3}},"67":{"start":{"line":134,"column":4},"end":{"line":139,"column":5}},"68":{"start":{"line":135,"column":6},"end":{"line":138,"column":11}},"69":{"start":{"line":142,"column":4},"end":{"line":142,"column":12}},"70":{"start":{"line":144,"column":2},"end":{"line":144,"column":21}},"71":{"start":{"line":147,"column":16},"end":{"line":149,"column":1}},"72":{"start":{"line":148,"column":2},"end":{"line":148,"column":26}},"73":{"start":{"line":151,"column":20},"end":{"line":154,"column":1}},"74":{"start":{"line":152,"column":2},"end":{"line":153,"column":36}},"75":{"start":{"line":153,"column":23},"end":{"line":153,"column":33}},"76":{"start":{"line":156,"column":0},"end":{"line":157,"column":68}}},"fnMap":{"0":{"name":"CreateUser","decl":{"start":{"line":10,"column":15},"end":{"line":10,"column":25}},"loc":{"start":{"line":10,"column":46},"end":{"line":18,"column":1}},"line":10},"1":{"name":"(anonymous_1)","decl":{"start":{"line":14,"column":21},"end":{"line":14,"column":22}},"loc":{"start":{"line":14,"column":42},"end":{"line":17,"column":3}},"line":14},"2":{"name":"UpdateUser","decl":{"start":{"line":20,"column":15},"end":{"line":20,"column":25}},"loc":{"start":{"line":20,"column":48},"end":{"line":41,"column":1}},"line":20},"3":{"name":"(anonymous_3)","decl":{"start":{"line":35,"column":53},"end":{"line":35,"column":54}},"loc":{"start":{"line":36,"column":4},"end":{"line":36,"column":63}},"line":36},"4":{"name":"DestroyUser","decl":{"start":{"line":43,"column":15},"end":{"line":43,"column":26}},"loc":{"start":{"line":43,"column":41},"end":{"line":58,"column":1}},"line":43},"5":{"name":"uniqueEmail","decl":{"start":{"line":60,"column":15},"end":{"line":60,"column":26}},"loc":{"start":{"line":60,"column":33},"end":{"line":76,"column":1}},"line":60},"6":{"name":"(anonymous_6)","decl":{"start":{"line":63,"column":86},"end":{"line":63,"column":87}},"loc":{"start":{"line":63,"column":102},"end":{"line":70,"column":5}},"line":63},"7":{"name":"(anonymous_7)","decl":{"start":{"line":78,"column":29},"end":{"line":78,"column":30}},"loc":{"start":{"line":78,"column":48},"end":{"line":87,"column":1}},"line":78},"8":{"name":"(anonymous_8)","decl":{"start":{"line":83,"column":10},"end":{"line":83,"column":11}},"loc":{"start":{"line":83,"column":19},"end":{"line":85,"column":3}},"line":83},"9":{"name":"validateUserInput","decl":{"start":{"line":89,"column":9},"end":{"line":89,"column":26}},"loc":{"start":{"line":89,"column":33},"end":{"line":130,"column":1}},"line":89},"10":{"name":"(anonymous_10)","decl":{"start":{"line":113,"column":26},"end":{"line":113,"column":27}},"loc":{"start":{"line":113,"column":40},"end":{"line":120,"column":5}},"line":113},"11":{"name":"(anonymous_11)","decl":{"start":{"line":121,"column":26},"end":{"line":121,"column":27}},"loc":{"start":{"line":121,"column":40},"end":{"line":123,"column":5}},"line":121},"12":{"name":"(anonymous_12)","decl":{"start":{"line":132,"column":19},"end":{"line":132,"column":20}},"loc":{"start":{"line":132,"column":27},"end":{"line":145,"column":1}},"line":132},"13":{"name":"(anonymous_13)","decl":{"start":{"line":147,"column":16},"end":{"line":147,"column":17}},"loc":{"start":{"line":147,"column":22},"end":{"line":149,"column":1}},"line":147},"14":{"name":"(anonymous_14)","decl":{"start":{"line":151,"column":20},"end":{"line":151,"column":21}},"loc":{"start":{"line":151,"column":47},"end":{"line":154,"column":1}},"line":151},"15":{"name":"(anonymous_15)","decl":{"start":{"line":153,"column":10},"end":{"line":153,"column":11}},"loc":{"start":{"line":153,"column":21},"end":{"line":153,"column":35}},"line":153}},"branchMap":{"0":{"loc":{"start":{"line":11,"column":28},"end":{"line":11,"column":84}},"type":"cond-expr","locations":[{"start":{"line":11,"column":53},"end":{"line":11,"column":79}},{"start":{"line":11,"column":82},"end":{"line":11,"column":84}}],"line":11},"1":{"loc":{"start":{"line":16,"column":4},"end":{"line":16,"column":109}},"type":"cond-expr","locations":[{"start":{"line":16,"column":16},"end":{"line":16,"column":29}},{"start":{"line":16,"column":32},"end":{"line":16,"column":109}}],"line":16},"2":{"loc":{"start":{"line":22,"column":4},"end":{"line":27,"column":5}},"type":"if","locations":[{"start":{"line":22,"column":4},"end":{"line":27,"column":5}},{"start":{"line":22,"column":4},"end":{"line":27,"column":5}}],"line":22},"3":{"loc":{"start":{"line":22,"column":9},"end":{"line":22,"column":53}},"type":"binary-expr","locations":[{"start":{"line":22,"column":9},"end":{"line":22,"column":17}},{"start":{"line":22,"column":21},"end":{"line":22,"column":53}}],"line":22},"4":{"loc":{"start":{"line":36,"column":4},"end":{"line":36,"column":63}},"type":"binary-expr","locations":[{"start":{"line":36,"column":5},"end":{"line":36,"column":32}},{"start":{"line":36,"column":37},"end":{"line":36,"column":63}}],"line":36},"5":{"loc":{"start":{"line":45,"column":4},"end":{"line":50,"column":5}},"type":"if","locations":[{"start":{"line":45,"column":4},"end":{"line":50,"column":5}},{"start":{"line":45,"column":4},"end":{"line":50,"column":5}}],"line":45},"6":{"loc":{"start":{"line":45,"column":9},"end":{"line":45,"column":53}},"type":"binary-expr","locations":[{"start":{"line":45,"column":9},"end":{"line":45,"column":17}},{"start":{"line":45,"column":21},"end":{"line":45,"column":53}}],"line":45},"7":{"loc":{"start":{"line":64,"column":6},"end":{"line":69,"column":7}},"type":"if","locations":[{"start":{"line":64,"column":6},"end":{"line":69,"column":7}},{"start":{"line":64,"column":6},"end":{"line":69,"column":7}}],"line":64},"8":{"loc":{"start":{"line":92,"column":2},"end":{"line":110,"column":3}},"type":"switch","locations":[{"start":{"line":93,"column":4},"end":{"line":96,"column":11}},{"start":{"line":97,"column":4},"end":{"line":101,"column":11}},{"start":{"line":102,"column":4},"end":{"line":105,"column":11}},{"start":{"line":106,"column":4},"end":{"line":109,"column":11}}],"line":92},"9":{"loc":{"start":{"line":94,"column":21},"end":{"line":94,"column":83}},"type":"cond-expr","locations":[{"start":{"line":94,"column":33},"end":{"line":94,"column":78}},{"start":{"line":94,"column":81},"end":{"line":94,"column":83}}],"line":94},"10":{"loc":{"start":{"line":114,"column":6},"end":{"line":119,"column":7}},"type":"if","locations":[{"start":{"line":114,"column":6},"end":{"line":119,"column":7}},{"start":{"line":114,"column":6},"end":{"line":119,"column":7}}],"line":114},"11":{"loc":{"start":{"line":134,"column":4},"end":{"line":139,"column":5}},"type":"if","locations":[{"start":{"line":134,"column":4},"end":{"line":139,"column":5}},{"start":{"line":134,"column":4},"end":{"line":139,"column":5}}],"line":134},"12":{"loc":{"start":{"line":151,"column":28},"end":{"line":151,"column":41}},"type":"default-arg","locations":[{"start":{"line":151,"column":39},"end":{"line":151,"column":41}}],"line":151}},"s":{"0":3,"1":3,"2":3,"3":3,"4":3,"5":3,"6":3,"7":3,"8":7,"9":7,"10":7,"11":7,"12":7,"13":7,"14":1,"15":1,"16":0,"17":0,"18":1,"19":10,"20":1,"21":1,"22":1,"23":1,"24":7,"25":7,"26":0,"27":1,"28":6,"29":6,"30":7,"31":7,"32":7,"33":7,"34":0,"35":0,"36":7,"37":3,"38":6,"39":6,"40":6,"41":8,"42":8,"43":8,"44":5,"45":5,"46":5,"47":1,"48":1,"49":1,"50":1,"51":1,"52":1,"53":1,"54":1,"55":1,"56":8,"57":8,"58":31,"59":0,"60":8,"61":68,"62":0,"63":8,"64":8,"65":3,"66":0,"67":0,"68":0,"69":0,"70":0,"71":3,"72":0,"73":3,"74":0,"75":0,"76":3},"f":{"0":7,"1":7,"2":1,"3":10,"4":7,"5":7,"6":7,"7":6,"8":6,"9":8,"10":31,"11":68,"12":0,"13":0,"14":0,"15":0},"b":{"0":[1,6],"1":[7,0],"2":[0,1],"3":[1,1],"4":[10,7],"5":[0,6],"6":[7,7],"7":[0,7],"8":[5,1,1,1],"9":[4,1],"10":[0,31],"11":[0,0],"12":[0]},"_coverageSchema":"332fd63041d2c1bcb487cc26dd0d5f7d97098a6c","hash":"9f3520cfad65b8b2923a28e9d817e76b88b05b38"}
,"/Users/derekrush/sites/homefilming/api/utils/helpers.js": {"path":"/Users/derekrush/sites/homefilming/api/utils/helpers.js","statementMap":{"0":{"start":{"line":1,"column":17},"end":{"line":1,"column":54}},"1":{"start":{"line":3,"column":19},"end":{"line":16,"column":1}},"2":{"start":{"line":4,"column":2},"end":{"line":14,"column":3}},"3":{"start":{"line":5,"column":4},"end":{"line":10,"column":5}},"4":{"start":{"line":6,"column":6},"end":{"line":9,"column":11}},"5":{"start":{"line":13,"column":4},"end":{"line":13,"column":12}},"6":{"start":{"line":15,"column":2},"end":{"line":15,"column":21}},"7":{"start":{"line":18,"column":0},"end":{"line":18,"column":31}}},"fnMap":{"0":{"name":"(anonymous_0)","decl":{"start":{"line":3,"column":19},"end":{"line":3,"column":20}},"loc":{"start":{"line":3,"column":27},"end":{"line":16,"column":1}},"line":3}},"branchMap":{"0":{"loc":{"start":{"line":5,"column":4},"end":{"line":10,"column":5}},"type":"if","locations":[{"start":{"line":5,"column":4},"end":{"line":10,"column":5}},{"start":{"line":5,"column":4},"end":{"line":10,"column":5}}],"line":5}},"s":{"0":3,"1":3,"2":8,"3":8,"4":0,"5":0,"6":8,"7":3},"f":{"0":8},"b":{"0":[0,8]},"_coverageSchema":"332fd63041d2c1bcb487cc26dd0d5f7d97098a6c","hash":"a57b89a1a6e20370b92b7c315bba43f457e807d6"}
,"/Users/derekrush/sites/homefilming/utils/appErrors.js": {"path":"/Users/derekrush/sites/homefilming/utils/appErrors.js","statementMap":{"0":{"start":{"line":1,"column":13},"end":{"line":1,"column":28}},"1":{"start":{"line":4,"column":2},"end":{"line":4,"column":52}},"2":{"start":{"line":8,"column":2},"end":{"line":8,"column":27}},"3":{"start":{"line":10,"column":2},"end":{"line":10,"column":35}},"4":{"start":{"line":11,"column":2},"end":{"line":11,"column":55}},"5":{"start":{"line":12,"column":2},"end":{"line":12,"column":64}},"6":{"start":{"line":13,"column":2},"end":{"line":13,"column":46}},"7":{"start":{"line":14,"column":2},"end":{"line":14,"column":52}},"8":{"start":{"line":15,"column":2},"end":{"line":15,"column":49}},"9":{"start":{"line":17,"column":2},"end":{"line":17,"column":24}},"10":{"start":{"line":19,"column":2},"end":{"line":19,"column":64}},"11":{"start":{"line":22,"column":0},"end":{"line":22,"column":32}},"12":{"start":{"line":24,"column":0},"end":{"line":24,"column":45}}},"fnMap":{"0":{"name":"createAppError","decl":{"start":{"line":3,"column":9},"end":{"line":3,"column":23}},"loc":{"start":{"line":3,"column":35},"end":{"line":5,"column":1}},"line":3},"1":{"name":"AppError","decl":{"start":{"line":7,"column":9},"end":{"line":7,"column":17}},"loc":{"start":{"line":7,"column":52},"end":{"line":20,"column":1}},"line":7}},"branchMap":{"0":{"loc":{"start":{"line":8,"column":13},"end":{"line":8,"column":27}},"type":"binary-expr","locations":[{"start":{"line":8,"column":13},"end":{"line":8,"column":21}},{"start":{"line":8,"column":25},"end":{"line":8,"column":27}}],"line":8},"1":{"loc":{"start":{"line":11,"column":25},"end":{"line":11,"column":55}},"type":"binary-expr","locations":[{"start":{"line":11,"column":25},"end":{"line":11,"column":38}},{"start":{"line":11,"column":42},"end":{"line":11,"column":55}}],"line":11},"2":{"loc":{"start":{"line":12,"column":25},"end":{"line":12,"column":64}},"type":"binary-expr","locations":[{"start":{"line":12,"column":25},"end":{"line":12,"column":41}},{"start":{"line":12,"column":45},"end":{"line":12,"column":64}}],"line":12},"3":{"loc":{"start":{"line":13,"column":25},"end":{"line":13,"column":46}},"type":"binary-expr","locations":[{"start":{"line":13,"column":25},"end":{"line":13,"column":40}},{"start":{"line":13,"column":44},"end":{"line":13,"column":46}}],"line":13},"4":{"loc":{"start":{"line":14,"column":25},"end":{"line":14,"column":52}},"type":"binary-expr","locations":[{"start":{"line":14,"column":25},"end":{"line":14,"column":46}},{"start":{"line":14,"column":50},"end":{"line":14,"column":52}}],"line":14},"5":{"loc":{"start":{"line":15,"column":25},"end":{"line":15,"column":49}},"type":"binary-expr","locations":[{"start":{"line":15,"column":25},"end":{"line":15,"column":43}},{"start":{"line":15,"column":47},"end":{"line":15,"column":49}}],"line":15}},"s":{"0":3,"1":0,"2":0,"3":0,"4":0,"5":0,"6":0,"7":0,"8":0,"9":0,"10":0,"11":3,"12":3},"f":{"0":0,"1":0},"b":{"0":[0,0],"1":[0,0],"2":[0,0],"3":[0,0],"4":[0,0],"5":[0,0]},"_coverageSchema":"332fd63041d2c1bcb487cc26dd0d5f7d97098a6c","hash":"fb15a449bf13e054f35c4bfff83563045d9cc40a"}
}
