{"/Users/derekrush/sites/homefilming/client/components/agent/mainOrder.jsx": {"path":"/Users/derekrush/sites/homefilming/client/components/agent/mainOrder.jsx","statementMap":{"0":{"start":{"line":21,"column":4},"end":{"line":21,"column":11}},"1":{"start":{"line":22,"column":4},"end":{"line":30,"column":5}},"2":{"start":{"line":32,"column":4},"end":{"line":32,"column":55}},"3":{"start":{"line":33,"column":4},"end":{"line":33,"column":42}},"4":{"start":{"line":34,"column":4},"end":{"line":34,"column":64}},"5":{"start":{"line":35,"column":4},"end":{"line":35,"column":66}},"6":{"start":{"line":36,"column":4},"end":{"line":36,"column":48}},"7":{"start":{"line":37,"column":4},"end":{"line":37,"column":68}},"8":{"start":{"line":38,"column":4},"end":{"line":38,"column":62}},"9":{"start":{"line":39,"column":4},"end":{"line":39,"column":68}},"10":{"start":{"line":40,"column":4},"end":{"line":40,"column":60}},"11":{"start":{"line":41,"column":4},"end":{"line":41,"column":50}},"12":{"start":{"line":42,"column":4},"end":{"line":42,"column":64}},"13":{"start":{"line":43,"column":4},"end":{"line":43,"column":50}},"14":{"start":{"line":44,"column":4},"end":{"line":44,"column":68}},"15":{"start":{"line":45,"column":4},"end":{"line":45,"column":52}},"16":{"start":{"line":46,"column":4},"end":{"line":46,"column":60}},"17":{"start":{"line":47,"column":4},"end":{"line":47,"column":50}},"18":{"start":{"line":51,"column":4},"end":{"line":51,"column":44}},"19":{"start":{"line":52,"column":4},"end":{"line":52,"column":33}},"20":{"start":{"line":53,"column":24},"end":{"line":53,"column":75}},"21":{"start":{"line":54,"column":4},"end":{"line":56,"column":6}},"22":{"start":{"line":55,"column":6},"end":{"line":55,"column":38}},"23":{"start":{"line":60,"column":4},"end":{"line":62,"column":6}},"24":{"start":{"line":61,"column":6},"end":{"line":61,"column":33}},"25":{"start":{"line":66,"column":4},"end":{"line":71,"column":7}},"26":{"start":{"line":68,"column":8},"end":{"line":68,"column":47}},"27":{"start":{"line":70,"column":8},"end":{"line":70,"column":48}},"28":{"start":{"line":75,"column":4},"end":{"line":77,"column":6}},"29":{"start":{"line":76,"column":6},"end":{"line":76,"column":30}},"30":{"start":{"line":81,"column":4},"end":{"line":85,"column":5}},"31":{"start":{"line":82,"column":6},"end":{"line":82,"column":42}},"32":{"start":{"line":84,"column":6},"end":{"line":84,"column":43}},"33":{"start":{"line":89,"column":4},"end":{"line":91,"column":6}},"34":{"start":{"line":90,"column":6},"end":{"line":90,"column":33}},"35":{"start":{"line":95,"column":4},"end":{"line":95,"column":36}},"36":{"start":{"line":110,"column":19},"end":{"line":110,"column":59}},"37":{"start":{"line":111,"column":4},"end":{"line":116,"column":5}},"38":{"start":{"line":112,"column":25},"end":{"line":112,"column":63}},"39":{"start":{"line":115,"column":6},"end":{"line":115,"column":52}},"40":{"start":{"line":120,"column":21},"end":{"line":141,"column":7}},"41":{"start":{"line":142,"column":4},"end":{"line":142,"column":38}},"42":{"start":{"line":146,"column":4},"end":{"line":146,"column":45}},"43":{"start":{"line":150,"column":4},"end":{"line":150,"column":24}},"44":{"start":{"line":151,"column":4},"end":{"line":151,"column":27}},"45":{"start":{"line":155,"column":4},"end":{"line":159,"column":5}},"46":{"start":{"line":156,"column":6},"end":{"line":156,"column":23}},"47":{"start":{"line":158,"column":6},"end":{"line":158,"column":27}},"48":{"start":{"line":163,"column":4},"end":{"line":163,"column":36}},"49":{"start":{"line":167,"column":4},"end":{"line":167,"column":37}},"50":{"start":{"line":171,"column":4},"end":{"line":220,"column":5}},"51":{"start":{"line":172,"column":6},"end":{"line":215,"column":7}},"52":{"start":{"line":217,"column":6},"end":{"line":219,"column":7}}},"fnMap":{"0":{"name":"(anonymous_0)","decl":{"start":{"line":20,"column":2},"end":{"line":20,"column":3}},"loc":{"start":{"line":20,"column":15},"end":{"line":48,"column":3}},"line":20},"1":{"name":"(anonymous_1)","decl":{"start":{"line":50,"column":2},"end":{"line":50,"column":3}},"loc":{"start":{"line":50,"column":21},"end":{"line":57,"column":3}},"line":50},"2":{"name":"(anonymous_2)","decl":{"start":{"line":54,"column":49},"end":{"line":54,"column":50}},"loc":{"start":{"line":54,"column":58},"end":{"line":56,"column":5}},"line":54},"3":{"name":"(anonymous_3)","decl":{"start":{"line":59,"column":2},"end":{"line":59,"column":3}},"loc":{"start":{"line":59,"column":27},"end":{"line":63,"column":3}},"line":59},"4":{"name":"(anonymous_4)","decl":{"start":{"line":60,"column":34},"end":{"line":60,"column":35}},"loc":{"start":{"line":60,"column":40},"end":{"line":62,"column":5}},"line":60},"5":{"name":"(anonymous_5)","decl":{"start":{"line":65,"column":2},"end":{"line":65,"column":3}},"loc":{"start":{"line":65,"column":24},"end":{"line":72,"column":3}},"line":65},"6":{"name":"(anonymous_6)","decl":{"start":{"line":74,"column":2},"end":{"line":74,"column":3}},"loc":{"start":{"line":74,"column":19},"end":{"line":78,"column":3}},"line":74},"7":{"name":"(anonymous_7)","decl":{"start":{"line":75,"column":31},"end":{"line":75,"column":32}},"loc":{"start":{"line":75,"column":37},"end":{"line":77,"column":5}},"line":75},"8":{"name":"(anonymous_8)","decl":{"start":{"line":80,"column":2},"end":{"line":80,"column":3}},"loc":{"start":{"line":80,"column":21},"end":{"line":86,"column":3}},"line":80},"9":{"name":"(anonymous_9)","decl":{"start":{"line":88,"column":2},"end":{"line":88,"column":3}},"loc":{"start":{"line":88,"column":22},"end":{"line":92,"column":3}},"line":88},"10":{"name":"(anonymous_10)","decl":{"start":{"line":89,"column":34},"end":{"line":89,"column":35}},"loc":{"start":{"line":89,"column":40},"end":{"line":91,"column":5}},"line":89},"11":{"name":"(anonymous_11)","decl":{"start":{"line":94,"column":2},"end":{"line":94,"column":3}},"loc":{"start":{"line":94,"column":24},"end":{"line":101,"column":3}},"line":94},"12":{"name":"(anonymous_12)","decl":{"start":{"line":103,"column":2},"end":{"line":103,"column":3}},"loc":{"start":{"line":103,"column":30},"end":{"line":107,"column":3}},"line":103},"13":{"name":"(anonymous_13)","decl":{"start":{"line":109,"column":2},"end":{"line":109,"column":3}},"loc":{"start":{"line":109,"column":26},"end":{"line":117,"column":3}},"line":109},"14":{"name":"(anonymous_14)","decl":{"start":{"line":119,"column":2},"end":{"line":119,"column":3}},"loc":{"start":{"line":119,"column":33},"end":{"line":143,"column":3}},"line":119},"15":{"name":"(anonymous_15)","decl":{"start":{"line":145,"column":2},"end":{"line":145,"column":3}},"loc":{"start":{"line":145,"column":43},"end":{"line":147,"column":3}},"line":145},"16":{"name":"(anonymous_16)","decl":{"start":{"line":149,"column":2},"end":{"line":149,"column":3}},"loc":{"start":{"line":149,"column":19},"end":{"line":152,"column":3}},"line":149},"17":{"name":"(anonymous_17)","decl":{"start":{"line":154,"column":2},"end":{"line":154,"column":3}},"loc":{"start":{"line":154,"column":28},"end":{"line":160,"column":3}},"line":154},"18":{"name":"(anonymous_18)","decl":{"start":{"line":162,"column":2},"end":{"line":162,"column":3}},"loc":{"start":{"line":162,"column":23},"end":{"line":164,"column":3}},"line":162},"19":{"name":"(anonymous_19)","decl":{"start":{"line":166,"column":2},"end":{"line":166,"column":3}},"loc":{"start":{"line":166,"column":24},"end":{"line":168,"column":3}},"line":166},"20":{"name":"(anonymous_20)","decl":{"start":{"line":170,"column":2},"end":{"line":170,"column":3}},"loc":{"start":{"line":170,"column":10},"end":{"line":221,"column":3}},"line":170}},"branchMap":{"0":{"loc":{"start":{"line":66,"column":4},"end":{"line":71,"column":7}},"type":"if","locations":[{"start":{"line":66,"column":4},"end":{"line":71,"column":7}},{"start":{"line":66,"column":4},"end":{"line":71,"column":7}}],"line":66},"1":{"loc":{"start":{"line":66,"column":8},"end":{"line":67,"column":59}},"type":"binary-expr","locations":[{"start":{"line":66,"column":8},"end":{"line":66,"column":27}},{"start":{"line":66,"column":31},"end":{"line":66,"column":46}},{"start":{"line":66,"column":50},"end":{"line":66,"column":66}},{"start":{"line":67,"column":9},"end":{"line":67,"column":23}},{"start":{"line":67,"column":27},"end":{"line":67,"column":41}},{"start":{"line":67,"column":45},"end":{"line":67,"column":59}}],"line":66},"2":{"loc":{"start":{"line":81,"column":4},"end":{"line":85,"column":5}},"type":"if","locations":[{"start":{"line":81,"column":4},"end":{"line":85,"column":5}},{"start":{"line":81,"column":4},"end":{"line":85,"column":5}}],"line":81},"3":{"loc":{"start":{"line":81,"column":8},"end":{"line":81,"column":66}},"type":"binary-expr","locations":[{"start":{"line":81,"column":8},"end":{"line":81,"column":23}},{"start":{"line":81,"column":27},"end":{"line":81,"column":43}},{"start":{"line":81,"column":47},"end":{"line":81,"column":66}}],"line":81},"4":{"loc":{"start":{"line":111,"column":4},"end":{"line":116,"column":5}},"type":"if","locations":[{"start":{"line":111,"column":4},"end":{"line":116,"column":5}},{"start":{"line":111,"column":4},"end":{"line":116,"column":5}}],"line":111},"5":{"loc":{"start":{"line":155,"column":4},"end":{"line":159,"column":5}},"type":"if","locations":[{"start":{"line":155,"column":4},"end":{"line":159,"column":5}},{"start":{"line":155,"column":4},"end":{"line":159,"column":5}}],"line":155},"6":{"loc":{"start":{"line":171,"column":4},"end":{"line":220,"column":5}},"type":"if","locations":[{"start":{"line":171,"column":4},"end":{"line":220,"column":5}},{"start":{"line":171,"column":4},"end":{"line":220,"column":5}}],"line":171}},"s":{"0":0,"1":0,"2":0,"3":0,"4":0,"5":0,"6":0,"7":0,"8":0,"9":0,"10":0,"11":0,"12":0,"13":0,"14":0,"15":0,"16":0,"17":0,"18":0,"19":0,"20":0,"21":0,"22":0,"23":0,"24":0,"25":0,"26":0,"27":0,"28":0,"29":0,"30":0,"31":0,"32":0,"33":0,"34":0,"35":0,"36":0,"37":0,"38":0,"39":0,"40":0,"41":0,"42":0,"43":0,"44":0,"45":0,"46":0,"47":0,"48":0,"49":0,"50":0,"51":0,"52":0},"f":{"0":0,"1":0,"2":0,"3":0,"4":0,"5":0,"6":0,"7":0,"8":0,"9":0,"10":0,"11":0,"12":0,"13":0,"14":0,"15":0,"16":0,"17":0,"18":0,"19":0,"20":0},"b":{"0":[0,0],"1":[0,0,0,0,0,0],"2":[0,0],"3":[0,0,0],"4":[0,0],"5":[0,0],"6":[0,0]},"_coverageSchema":"332fd63041d2c1bcb487cc26dd0d5f7d97098a6c","hash":"696807fd161afe6c473987ec6c843f1d1fbbdc44"}
,"/Users/derekrush/sites/homefilming/client/components/agent/pagePricing.jsx": {"path":"/Users/derekrush/sites/homefilming/client/components/agent/pagePricing.jsx","statementMap":{"0":{"start":{"line":8,"column":16},"end":{"line":23,"column":1}},"1":{"start":{"line":9,"column":2},"end":{"line":22,"column":3}},"2":{"start":{"line":14,"column":12},"end":{"line":16,"column":18}}},"fnMap":{"0":{"name":"(anonymous_0)","decl":{"start":{"line":8,"column":16},"end":{"line":8,"column":17}},"loc":{"start":{"line":8,"column":27},"end":{"line":23,"column":1}},"line":8},"1":{"name":"(anonymous_1)","decl":{"start":{"line":13,"column":47},"end":{"line":13,"column":48}},"loc":{"start":{"line":14,"column":12},"end":{"line":16,"column":18}},"line":14}},"branchMap":{},"s":{"0":1,"1":1,"2":0},"f":{"0":1,"1":0},"b":{},"_coverageSchema":"332fd63041d2c1bcb487cc26dd0d5f7d97098a6c","hash":"a8eb0ecd62368e961e3d0f9d6644588f7b7b5fda"}
,"/Users/derekrush/sites/homefilming/client/components/agent/planSummary.jsx": {"path":"/Users/derekrush/sites/homefilming/client/components/agent/planSummary.jsx","statementMap":{"0":{"start":{"line":11,"column":20},"end":{"line":63,"column":1}},"1":{"start":{"line":13,"column":18},"end":{"line":23,"column":3}},"2":{"start":{"line":14,"column":4},"end":{"line":22,"column":5}},"3":{"start":{"line":15,"column":6},"end":{"line":15,"column":22}},"4":{"start":{"line":16,"column":11},"end":{"line":22,"column":5}},"5":{"start":{"line":17,"column":6},"end":{"line":17,"column":21}},"6":{"start":{"line":18,"column":11},"end":{"line":22,"column":5}},"7":{"start":{"line":19,"column":6},"end":{"line":19,"column":21}},"8":{"start":{"line":21,"column":6},"end":{"line":21,"column":20}},"9":{"start":{"line":25,"column":21},"end":{"line":29,"column":3}},"10":{"start":{"line":26,"column":4},"end":{"line":28,"column":5}},"11":{"start":{"line":27,"column":6},"end":{"line":27,"column":92}},"12":{"start":{"line":31,"column":2},"end":{"line":62,"column":3}},"13":{"start":{"line":48,"column":12},"end":{"line":57,"column":13}}},"fnMap":{"0":{"name":"(anonymous_0)","decl":{"start":{"line":11,"column":20},"end":{"line":11,"column":21}},"loc":{"start":{"line":11,"column":31},"end":{"line":63,"column":1}},"line":11},"1":{"name":"(anonymous_1)","decl":{"start":{"line":13,"column":18},"end":{"line":13,"column":19}},"loc":{"start":{"line":13,"column":35},"end":{"line":23,"column":3}},"line":13},"2":{"name":"(anonymous_2)","decl":{"start":{"line":25,"column":21},"end":{"line":25,"column":22}},"loc":{"start":{"line":25,"column":33},"end":{"line":29,"column":3}},"line":25},"3":{"name":"(anonymous_3)","decl":{"start":{"line":47,"column":44},"end":{"line":47,"column":45}},"loc":{"start":{"line":47,"column":57},"end":{"line":58,"column":11}},"line":47}},"branchMap":{"0":{"loc":{"start":{"line":14,"column":4},"end":{"line":22,"column":5}},"type":"if","locations":[{"start":{"line":14,"column":4},"end":{"line":22,"column":5}},{"start":{"line":14,"column":4},"end":{"line":22,"column":5}}],"line":14},"1":{"loc":{"start":{"line":14,"column":8},"end":{"line":14,"column":48}},"type":"binary-expr","locations":[{"start":{"line":14,"column":9},"end":{"line":14,"column":25}},{"start":{"line":14,"column":31},"end":{"line":14,"column":47}}],"line":14},"2":{"loc":{"start":{"line":16,"column":11},"end":{"line":22,"column":5}},"type":"if","locations":[{"start":{"line":16,"column":11},"end":{"line":22,"column":5}},{"start":{"line":16,"column":11},"end":{"line":22,"column":5}}],"line":16},"3":{"loc":{"start":{"line":16,"column":15},"end":{"line":16,"column":54}},"type":"binary-expr","locations":[{"start":{"line":16,"column":16},"end":{"line":16,"column":32}},{"start":{"line":16,"column":38},"end":{"line":16,"column":53}}],"line":16},"4":{"loc":{"start":{"line":18,"column":11},"end":{"line":22,"column":5}},"type":"if","locations":[{"start":{"line":18,"column":11},"end":{"line":22,"column":5}},{"start":{"line":18,"column":11},"end":{"line":22,"column":5}}],"line":18},"5":{"loc":{"start":{"line":18,"column":15},"end":{"line":18,"column":54}},"type":"binary-expr","locations":[{"start":{"line":18,"column":16},"end":{"line":18,"column":31}},{"start":{"line":18,"column":37},"end":{"line":18,"column":53}}],"line":18},"6":{"loc":{"start":{"line":26,"column":4},"end":{"line":28,"column":5}},"type":"if","locations":[{"start":{"line":26,"column":4},"end":{"line":28,"column":5}},{"start":{"line":26,"column":4},"end":{"line":28,"column":5}}],"line":26}},"s":{"0":1,"1":0,"2":0,"3":0,"4":0,"5":0,"6":0,"7":0,"8":0,"9":0,"10":0,"11":0,"12":0,"13":0},"f":{"0":0,"1":0,"2":0,"3":0},"b":{"0":[0,0],"1":[0,0],"2":[0,0],"3":[0,0],"4":[0,0],"5":[0,0],"6":[0,0]},"_coverageSchema":"332fd63041d2c1bcb487cc26dd0d5f7d97098a6c","hash":"2ec9e66c94499c71cab7627ac40f0bbb867dc3cb"}
,"/Users/derekrush/sites/homefilming/client/components/agent/pricingDetails.jsx": {"path":"/Users/derekrush/sites/homefilming/client/components/agent/pricingDetails.jsx","statementMap":{"0":{"start":{"line":10,"column":19},"end":{"line":56,"column":1}},"1":{"start":{"line":11,"column":18},"end":{"line":21,"column":3}},"2":{"start":{"line":12,"column":4},"end":{"line":20,"column":5}},"3":{"start":{"line":13,"column":6},"end":{"line":13,"column":22}},"4":{"start":{"line":14,"column":11},"end":{"line":20,"column":5}},"5":{"start":{"line":15,"column":6},"end":{"line":15,"column":21}},"6":{"start":{"line":16,"column":11},"end":{"line":20,"column":5}},"7":{"start":{"line":17,"column":6},"end":{"line":17,"column":21}},"8":{"start":{"line":19,"column":6},"end":{"line":19,"column":20}},"9":{"start":{"line":23,"column":21},"end":{"line":27,"column":3}},"10":{"start":{"line":24,"column":4},"end":{"line":26,"column":5}},"11":{"start":{"line":25,"column":6},"end":{"line":25,"column":86}},"12":{"start":{"line":29,"column":2},"end":{"line":55,"column":3}},"13":{"start":{"line":41,"column":12},"end":{"line":50,"column":13}}},"fnMap":{"0":{"name":"(anonymous_0)","decl":{"start":{"line":10,"column":19},"end":{"line":10,"column":20}},"loc":{"start":{"line":10,"column":30},"end":{"line":56,"column":1}},"line":10},"1":{"name":"(anonymous_1)","decl":{"start":{"line":11,"column":18},"end":{"line":11,"column":19}},"loc":{"start":{"line":11,"column":35},"end":{"line":21,"column":3}},"line":11},"2":{"name":"(anonymous_2)","decl":{"start":{"line":23,"column":21},"end":{"line":23,"column":22}},"loc":{"start":{"line":23,"column":33},"end":{"line":27,"column":3}},"line":23},"3":{"name":"(anonymous_3)","decl":{"start":{"line":40,"column":44},"end":{"line":40,"column":45}},"loc":{"start":{"line":40,"column":57},"end":{"line":51,"column":11}},"line":40}},"branchMap":{"0":{"loc":{"start":{"line":12,"column":4},"end":{"line":20,"column":5}},"type":"if","locations":[{"start":{"line":12,"column":4},"end":{"line":20,"column":5}},{"start":{"line":12,"column":4},"end":{"line":20,"column":5}}],"line":12},"1":{"loc":{"start":{"line":12,"column":8},"end":{"line":12,"column":48}},"type":"binary-expr","locations":[{"start":{"line":12,"column":9},"end":{"line":12,"column":25}},{"start":{"line":12,"column":31},"end":{"line":12,"column":47}}],"line":12},"2":{"loc":{"start":{"line":14,"column":11},"end":{"line":20,"column":5}},"type":"if","locations":[{"start":{"line":14,"column":11},"end":{"line":20,"column":5}},{"start":{"line":14,"column":11},"end":{"line":20,"column":5}}],"line":14},"3":{"loc":{"start":{"line":14,"column":15},"end":{"line":14,"column":54}},"type":"binary-expr","locations":[{"start":{"line":14,"column":16},"end":{"line":14,"column":32}},{"start":{"line":14,"column":38},"end":{"line":14,"column":53}}],"line":14},"4":{"loc":{"start":{"line":16,"column":11},"end":{"line":20,"column":5}},"type":"if","locations":[{"start":{"line":16,"column":11},"end":{"line":20,"column":5}},{"start":{"line":16,"column":11},"end":{"line":20,"column":5}}],"line":16},"5":{"loc":{"start":{"line":16,"column":15},"end":{"line":16,"column":54}},"type":"binary-expr","locations":[{"start":{"line":16,"column":16},"end":{"line":16,"column":31}},{"start":{"line":16,"column":37},"end":{"line":16,"column":53}}],"line":16},"6":{"loc":{"start":{"line":24,"column":4},"end":{"line":26,"column":5}},"type":"if","locations":[{"start":{"line":24,"column":4},"end":{"line":26,"column":5}},{"start":{"line":24,"column":4},"end":{"line":26,"column":5}}],"line":24}},"s":{"0":1,"1":3,"2":9,"3":4,"4":5,"5":3,"6":2,"7":1,"8":1,"9":3,"10":3,"11":0,"12":3,"13":9},"f":{"0":3,"1":9,"2":3,"3":9},"b":{"0":[4,5],"1":[9,7],"2":[3,2],"3":[5,3],"4":[1,1],"5":[2,2],"6":[0,3]},"_coverageSchema":"332fd63041d2c1bcb487cc26dd0d5f7d97098a6c","hash":"44eb2af43177ea1c9a95c212f2e7a38f60561679"}
,"/Users/derekrush/sites/homefilming/client/components/agent/pricingList.jsx": {"path":"/Users/derekrush/sites/homefilming/client/components/agent/pricingList.jsx","statementMap":{"0":{"start":{"line":11,"column":20},"end":{"line":11,"column":47}},"1":{"start":{"line":12,"column":14},"end":{"line":12,"column":16}},"2":{"start":{"line":13,"column":0},"end":{"line":15,"column":2}},"3":{"start":{"line":14,"column":2},"end":{"line":14,"column":18}},"4":{"start":{"line":19,"column":4},"end":{"line":19,"column":11}},"5":{"start":{"line":20,"column":4},"end":{"line":22,"column":5}},"6":{"start":{"line":23,"column":4},"end":{"line":23,"column":52}},"7":{"start":{"line":27,"column":4},"end":{"line":29,"column":6}},"8":{"start":{"line":28,"column":6},"end":{"line":28,"column":41}},"9":{"start":{"line":33,"column":4},"end":{"line":42,"column":5}},"10":{"start":{"line":37,"column":31},"end":{"line":37,"column":116}}},"fnMap":{"0":{"name":"(anonymous_0)","decl":{"start":{"line":13,"column":20},"end":{"line":13,"column":21}},"loc":{"start":{"line":13,"column":33},"end":{"line":15,"column":1}},"line":13},"1":{"name":"(anonymous_1)","decl":{"start":{"line":18,"column":2},"end":{"line":18,"column":3}},"loc":{"start":{"line":18,"column":15},"end":{"line":24,"column":3}},"line":18},"2":{"name":"(anonymous_2)","decl":{"start":{"line":26,"column":2},"end":{"line":26,"column":3}},"loc":{"start":{"line":26,"column":28},"end":{"line":30,"column":3}},"line":26},"3":{"name":"(anonymous_3)","decl":{"start":{"line":27,"column":36},"end":{"line":27,"column":37}},"loc":{"start":{"line":27,"column":45},"end":{"line":29,"column":5}},"line":27},"4":{"name":"(anonymous_4)","decl":{"start":{"line":32,"column":2},"end":{"line":32,"column":3}},"loc":{"start":{"line":32,"column":10},"end":{"line":43,"column":3}},"line":32},"5":{"name":"(anonymous_5)","decl":{"start":{"line":37,"column":23},"end":{"line":37,"column":24}},"loc":{"start":{"line":37,"column":31},"end":{"line":37,"column":116}},"line":37}},"branchMap":{},"s":{"0":1,"1":1,"2":1,"3":3,"4":1,"5":1,"6":1,"7":0,"8":0,"9":1,"10":3},"f":{"0":3,"1":1,"2":0,"3":0,"4":1,"5":3},"b":{},"_coverageSchema":"332fd63041d2c1bcb487cc26dd0d5f7d97098a6c","hash":"85d818830fcc4805137d6805854381739ef4d055"}
,"/Users/derekrush/sites/homefilming/client/components/agent/pricingPlan.jsx": {"path":"/Users/derekrush/sites/homefilming/client/components/agent/pricingPlan.jsx","statementMap":{"0":{"start":{"line":12,"column":4},"end":{"line":12,"column":11}},"1":{"start":{"line":17,"column":4},"end":{"line":17,"column":25}},"2":{"start":{"line":18,"column":4},"end":{"line":18,"column":33}},"3":{"start":{"line":23,"column":4},"end":{"line":27,"column":5}},"4":{"start":{"line":24,"column":6},"end":{"line":24,"column":19}},"5":{"start":{"line":26,"column":6},"end":{"line":26,"column":18}},"6":{"start":{"line":31,"column":4},"end":{"line":43,"column":5}}},"fnMap":{"0":{"name":"(anonymous_0)","decl":{"start":{"line":11,"column":2},"end":{"line":11,"column":3}},"loc":{"start":{"line":11,"column":15},"end":{"line":14,"column":3}},"line":11},"1":{"name":"(anonymous_1)","decl":{"start":{"line":16,"column":2},"end":{"line":16,"column":3}},"loc":{"start":{"line":16,"column":31},"end":{"line":19,"column":3}},"line":16},"2":{"name":"(anonymous_2)","decl":{"start":{"line":22,"column":2},"end":{"line":22,"column":3}},"loc":{"start":{"line":22,"column":23},"end":{"line":28,"column":3}},"line":22},"3":{"name":"(anonymous_3)","decl":{"start":{"line":30,"column":2},"end":{"line":30,"column":3}},"loc":{"start":{"line":30,"column":10},"end":{"line":44,"column":3}},"line":30}},"branchMap":{"0":{"loc":{"start":{"line":23,"column":4},"end":{"line":27,"column":5}},"type":"if","locations":[{"start":{"line":23,"column":4},"end":{"line":27,"column":5}},{"start":{"line":23,"column":4},"end":{"line":27,"column":5}}],"line":23}},"s":{"0":3,"1":0,"2":0,"3":3,"4":2,"5":1,"6":3},"f":{"0":3,"1":0,"2":3,"3":3},"b":{"0":[2,1]},"_coverageSchema":"332fd63041d2c1bcb487cc26dd0d5f7d97098a6c","hash":"782aca48b51e7f2d58e27626ef61d873de390aa8"}
,"/Users/derekrush/sites/homefilming/client/components/agent/signup.jsx": {"path":"/Users/derekrush/sites/homefilming/client/components/agent/signup.jsx","statementMap":{"0":{"start":{"line":16,"column":4},"end":{"line":16,"column":11}},"1":{"start":{"line":17,"column":4},"end":{"line":20,"column":5}},"2":{"start":{"line":22,"column":4},"end":{"line":22,"column":50}},"3":{"start":{"line":23,"column":4},"end":{"line":23,"column":64}},"4":{"start":{"line":28,"column":4},"end":{"line":28,"column":32}},"5":{"start":{"line":32,"column":4},"end":{"line":34,"column":6}},"6":{"start":{"line":33,"column":6},"end":{"line":33,"column":51}},"7":{"start":{"line":38,"column":4},"end":{"line":38,"column":40}},"8":{"start":{"line":39,"column":4},"end":{"line":39,"column":44}},"9":{"start":{"line":43,"column":4},"end":{"line":54,"column":5}}},"fnMap":{"0":{"name":"(anonymous_0)","decl":{"start":{"line":15,"column":2},"end":{"line":15,"column":3}},"loc":{"start":{"line":15,"column":15},"end":{"line":24,"column":3}},"line":15},"1":{"name":"(anonymous_1)","decl":{"start":{"line":27,"column":2},"end":{"line":27,"column":3}},"loc":{"start":{"line":27,"column":19},"end":{"line":29,"column":3}},"line":27},"2":{"name":"(anonymous_2)","decl":{"start":{"line":31,"column":2},"end":{"line":31,"column":3}},"loc":{"start":{"line":31,"column":30},"end":{"line":35,"column":3}},"line":31},"3":{"name":"(anonymous_3)","decl":{"start":{"line":32,"column":32},"end":{"line":32,"column":33}},"loc":{"start":{"line":32,"column":38},"end":{"line":34,"column":5}},"line":32},"4":{"name":"(anonymous_4)","decl":{"start":{"line":37,"column":2},"end":{"line":37,"column":3}},"loc":{"start":{"line":37,"column":21},"end":{"line":40,"column":3}},"line":37},"5":{"name":"(anonymous_5)","decl":{"start":{"line":42,"column":2},"end":{"line":42,"column":3}},"loc":{"start":{"line":42,"column":10},"end":{"line":55,"column":3}},"line":42}},"branchMap":{},"s":{"0":0,"1":0,"2":0,"3":0,"4":0,"5":0,"6":0,"7":0,"8":0,"9":0},"f":{"0":0,"1":0,"2":0,"3":0,"4":0,"5":0},"b":{},"_coverageSchema":"332fd63041d2c1bcb487cc26dd0d5f7d97098a6c","hash":"5bdcec61d5f713fddd7a7db3cc114d1bff33fb9e"}
,"/Users/derekrush/sites/homefilming/client/components/agent/styles/order.jsx": {"path":"/Users/derekrush/sites/homefilming/client/components/agent/styles/order.jsx","statementMap":{"0":{"start":{"line":1,"column":13},"end":{"line":1,"column":75}},"1":{"start":{"line":1,"column":91},"end":{"line":1,"column":131}},"2":{"start":{"line":1,"column":148},"end":{"line":1,"column":181}},"3":{"start":{"line":1,"column":205},"end":{"line":1,"column":252}},"4":{"start":{"line":1,"column":276},"end":{"line":1,"column":316}},"5":{"start":{"line":1,"column":349},"end":{"line":1,"column":369}},"6":{"start":{"line":2,"column":15},"end":{"line":2,"column":49}},"7":{"start":{"line":2,"column":88},"end":{"line":2,"column":142}},"8":{"start":{"line":4,"column":14},"end":{"line":10,"column":18}},"9":{"start":{"line":13,"column":20},"end":{"line":18,"column":23}},"10":{"start":{"line":21,"column":12},"end":{"line":66,"column":15}},"11":{"start":{"line":66,"column":16},"end":{"line":71,"column":6}}},"fnMap":{"0":{"name":"_interopRequireDefault","decl":{"start":{"line":2,"column":59},"end":{"line":2,"column":81}},"loc":{"start":{"line":2,"column":87},"end":{"line":2,"column":143}},"line":2}},"branchMap":{"0":{"loc":{"start":{"line":2,"column":95},"end":{"line":2,"column":141}},"type":"cond-expr","locations":[{"start":{"line":2,"column":119},"end":{"line":2,"column":122}},{"start":{"line":2,"column":125},"end":{"line":2,"column":141}}],"line":2},"1":{"loc":{"start":{"line":2,"column":95},"end":{"line":2,"column":116}},"type":"binary-expr","locations":[{"start":{"line":2,"column":95},"end":{"line":2,"column":98}},{"start":{"line":2,"column":102},"end":{"line":2,"column":116}}],"line":2}},"s":{"0":0,"1":0,"2":0,"3":0,"4":0,"5":0,"6":0,"7":0,"8":0,"9":0,"10":0,"11":0},"f":{"0":0},"b":{"0":[0,0],"1":[0,0]}}
,"/Users/derekrush/sites/homefilming/client/components/agent/styles/orderNew.jsx": {"path":"/Users/derekrush/sites/homefilming/client/components/agent/styles/orderNew.jsx","statementMap":{"0":{"start":{"line":1,"column":13},"end":{"line":1,"column":75}},"1":{"start":{"line":1,"column":92},"end":{"line":1,"column":112}},"2":{"start":{"line":2,"column":15},"end":{"line":2,"column":35}},"3":{"start":{"line":4,"column":15},"end":{"line":11,"column":30}},"4":{"start":{"line":11,"column":31},"end":{"line":16,"column":9}}},"fnMap":{},"branchMap":{},"s":{"0":0,"1":0,"2":0,"3":0,"4":0},"f":{},"b":{}}
,"/Users/derekrush/sites/homefilming/client/components/agent/styles/pricing.jsx": {"path":"/Users/derekrush/sites/homefilming/client/components/agent/styles/pricing.jsx","statementMap":{"0":{"start":{"line":4,"column":16},"end":{"line":111,"column":2}}},"fnMap":{},"branchMap":{},"s":{"0":1},"f":{},"b":{},"_coverageSchema":"332fd63041d2c1bcb487cc26dd0d5f7d97098a6c","hash":"1a562faf2ef8c92d83f95dfa108837f0803a575e"}
,"/Users/derekrush/sites/homefilming/client/components/agent/styles/signup.jsx": {"path":"/Users/derekrush/sites/homefilming/client/components/agent/styles/signup.jsx","statementMap":{},"fnMap":{},"branchMap":{},"s":{},"f":{},"b":{},"_coverageSchema":"332fd63041d2c1bcb487cc26dd0d5f7d97098a6c","hash":"03c366665a5a847995afca15595e16fa2a2fc02b"}
,"/Users/derekrush/sites/homefilming/client/components/agent/styles/summary.jsx": {"path":"/Users/derekrush/sites/homefilming/client/components/agent/styles/summary.jsx","statementMap":{"0":{"start":{"line":4,"column":16},"end":{"line":72,"column":2}}},"fnMap":{},"branchMap":{},"s":{"0":1},"f":{},"b":{},"_coverageSchema":"332fd63041d2c1bcb487cc26dd0d5f7d97098a6c","hash":"c9726d219754a16f705a6d690e4e7bacc90a28c6"}
,"/Users/derekrush/sites/homefilming/client/components/dashboard/agent_index.jsx": {"path":"/Users/derekrush/sites/homefilming/client/components/dashboard/agent_index.jsx","statementMap":{"0":{"start":{"line":13,"column":4},"end":{"line":13,"column":11}},"1":{"start":{"line":17,"column":4},"end":{"line":36,"column":5}}},"fnMap":{"0":{"name":"(anonymous_0)","decl":{"start":{"line":12,"column":2},"end":{"line":12,"column":3}},"loc":{"start":{"line":12,"column":15},"end":{"line":14,"column":3}},"line":12},"1":{"name":"(anonymous_1)","decl":{"start":{"line":16,"column":2},"end":{"line":16,"column":3}},"loc":{"start":{"line":16,"column":10},"end":{"line":37,"column":3}},"line":16}},"branchMap":{},"s":{"0":0,"1":0},"f":{"0":0,"1":0},"b":{},"_coverageSchema":"332fd63041d2c1bcb487cc26dd0d5f7d97098a6c","hash":"71600375af9699fd572e7d961e60bb40f53b759e"}
,"/Users/derekrush/sites/homefilming/client/components/dashboard/collaborationArea.jsx": {"path":"/Users/derekrush/sites/homefilming/client/components/dashboard/collaborationArea.jsx","statementMap":{"0":{"start":{"line":14,"column":4},"end":{"line":14,"column":11}},"1":{"start":{"line":23,"column":36},"end":{"line":23,"column":51}},"2":{"start":{"line":24,"column":4},"end":{"line":24,"column":46}},"3":{"start":{"line":24,"column":27},"end":{"line":24,"column":45}},"4":{"start":{"line":25,"column":4},"end":{"line":61,"column":5}},"5":{"start":{"line":66,"column":24},"end":{"line":66,"column":80}}},"fnMap":{"0":{"name":"(anonymous_0)","decl":{"start":{"line":13,"column":2},"end":{"line":13,"column":3}},"loc":{"start":{"line":13,"column":15},"end":{"line":16,"column":3}},"line":13},"1":{"name":"(anonymous_1)","decl":{"start":{"line":22,"column":2},"end":{"line":22,"column":3}},"loc":{"start":{"line":22,"column":10},"end":{"line":62,"column":3}},"line":22},"2":{"name":"(anonymous_2)","decl":{"start":{"line":66,"column":11},"end":{"line":66,"column":12}},"loc":{"start":{"line":66,"column":22},"end":{"line":66,"column":82}},"line":66}},"branchMap":{"0":{"loc":{"start":{"line":24,"column":4},"end":{"line":24,"column":46}},"type":"if","locations":[{"start":{"line":24,"column":4},"end":{"line":24,"column":46}},{"start":{"line":24,"column":4},"end":{"line":24,"column":46}}],"line":24}},"s":{"0":0,"1":0,"2":0,"3":0,"4":0,"5":0},"f":{"0":0,"1":0,"2":0},"b":{"0":[0,0]},"_coverageSchema":"332fd63041d2c1bcb487cc26dd0d5f7d97098a6c","hash":"b670e534d817308622d75a56b1c1256234d67afc"}
,"/Users/derekrush/sites/homefilming/client/components/dashboard/missions.jsx": {"path":"/Users/derekrush/sites/homefilming/client/components/dashboard/missions.jsx","statementMap":{"0":{"start":{"line":8,"column":4},"end":{"line":8,"column":11}},"1":{"start":{"line":12,"column":21},"end":{"line":12,"column":31}},"2":{"start":{"line":13,"column":4},"end":{"line":13,"column":42}},"3":{"start":{"line":14,"column":4},"end":{"line":30,"column":5}}},"fnMap":{"0":{"name":"(anonymous_0)","decl":{"start":{"line":7,"column":2},"end":{"line":7,"column":3}},"loc":{"start":{"line":7,"column":15},"end":{"line":9,"column":3}},"line":7},"1":{"name":"(anonymous_1)","decl":{"start":{"line":11,"column":2},"end":{"line":11,"column":3}},"loc":{"start":{"line":11,"column":10},"end":{"line":31,"column":3}},"line":11}},"branchMap":{},"s":{"0":0,"1":0,"2":0,"3":0},"f":{"0":0,"1":0},"b":{},"_coverageSchema":"332fd63041d2c1bcb487cc26dd0d5f7d97098a6c","hash":"3ae6d9cbf39e40afd58469af854515999fa373f4"}
,"/Users/derekrush/sites/homefilming/client/components/dashboard/orders.jsx": {"path":"/Users/derekrush/sites/homefilming/client/components/dashboard/orders.jsx","statementMap":{"0":{"start":{"line":9,"column":4},"end":{"line":9,"column":11}},"1":{"start":{"line":11,"column":4},"end":{"line":11,"column":50}},"2":{"start":{"line":16,"column":4},"end":{"line":16,"column":21}},"3":{"start":{"line":20,"column":4},"end":{"line":20,"column":66}},"4":{"start":{"line":20,"column":29},"end":{"line":20,"column":65}},"5":{"start":{"line":21,"column":22},"end":{"line":28,"column":5}},"6":{"start":{"line":22,"column":6},"end":{"line":27,"column":16}},"7":{"start":{"line":29,"column":4},"end":{"line":29,"column":20}},"8":{"start":{"line":33,"column":35},"end":{"line":33,"column":52}},"9":{"start":{"line":35,"column":4},"end":{"line":35,"column":46}},"10":{"start":{"line":35,"column":27},"end":{"line":35,"column":45}},"11":{"start":{"line":36,"column":4},"end":{"line":36,"column":43}},"12":{"start":{"line":37,"column":4},"end":{"line":65,"column":5}}},"fnMap":{"0":{"name":"(anonymous_0)","decl":{"start":{"line":8,"column":2},"end":{"line":8,"column":3}},"loc":{"start":{"line":8,"column":15},"end":{"line":13,"column":3}},"line":8},"1":{"name":"(anonymous_1)","decl":{"start":{"line":15,"column":2},"end":{"line":15,"column":3}},"loc":{"start":{"line":15,"column":21},"end":{"line":17,"column":3}},"line":15},"2":{"name":"(anonymous_2)","decl":{"start":{"line":19,"column":2},"end":{"line":19,"column":3}},"loc":{"start":{"line":19,"column":21},"end":{"line":30,"column":3}},"line":19},"3":{"name":"(anonymous_3)","decl":{"start":{"line":21,"column":33},"end":{"line":21,"column":34}},"loc":{"start":{"line":22,"column":6},"end":{"line":27,"column":16}},"line":22},"4":{"name":"(anonymous_4)","decl":{"start":{"line":32,"column":2},"end":{"line":32,"column":3}},"loc":{"start":{"line":32,"column":10},"end":{"line":66,"column":3}},"line":32}},"branchMap":{"0":{"loc":{"start":{"line":20,"column":4},"end":{"line":20,"column":66}},"type":"if","locations":[{"start":{"line":20,"column":4},"end":{"line":20,"column":66}},{"start":{"line":20,"column":4},"end":{"line":20,"column":66}}],"line":20},"1":{"loc":{"start":{"line":35,"column":4},"end":{"line":35,"column":46}},"type":"if","locations":[{"start":{"line":35,"column":4},"end":{"line":35,"column":46}},{"start":{"line":35,"column":4},"end":{"line":35,"column":46}}],"line":35}},"s":{"0":0,"1":0,"2":0,"3":0,"4":0,"5":0,"6":0,"7":0,"8":0,"9":0,"10":0,"11":0,"12":0},"f":{"0":0,"1":0,"2":0,"3":0,"4":0},"b":{"0":[0,0],"1":[0,0]},"_coverageSchema":"332fd63041d2c1bcb487cc26dd0d5f7d97098a6c","hash":"14c70192add9bc4841fc726d6783e46b9bd5a593"}
,"/Users/derekrush/sites/homefilming/client/components/dashboard/pilot_index.jsx": {"path":"/Users/derekrush/sites/homefilming/client/components/dashboard/pilot_index.jsx","statementMap":{"0":{"start":{"line":10,"column":4},"end":{"line":19,"column":5}}},"fnMap":{"0":{"name":"(anonymous_0)","decl":{"start":{"line":9,"column":2},"end":{"line":9,"column":3}},"loc":{"start":{"line":9,"column":10},"end":{"line":20,"column":3}},"line":9}},"branchMap":{},"s":{"0":0},"f":{"0":0},"b":{},"_coverageSchema":"332fd63041d2c1bcb487cc26dd0d5f7d97098a6c","hash":"df014c6b83170ee8a845d103e417b5547ddd02d3"}
,"/Users/derekrush/sites/homefilming/client/components/dashboard/reorder.jsx": {"path":"/Users/derekrush/sites/homefilming/client/components/dashboard/reorder.jsx","statementMap":{"0":{"start":{"line":5,"column":4},"end":{"line":5,"column":11}},"1":{"start":{"line":9,"column":4},"end":{"line":33,"column":5}}},"fnMap":{"0":{"name":"(anonymous_0)","decl":{"start":{"line":4,"column":2},"end":{"line":4,"column":3}},"loc":{"start":{"line":4,"column":15},"end":{"line":6,"column":3}},"line":4},"1":{"name":"(anonymous_1)","decl":{"start":{"line":8,"column":2},"end":{"line":8,"column":3}},"loc":{"start":{"line":8,"column":10},"end":{"line":34,"column":3}},"line":8}},"branchMap":{},"s":{"0":0,"1":0},"f":{"0":0,"1":0},"b":{},"_coverageSchema":"332fd63041d2c1bcb487cc26dd0d5f7d97098a6c","hash":"f287e47c9f87512eac4fa27c2e24d5cc55ee63fc"}
,"/Users/derekrush/sites/homefilming/client/components/dashboard/settings.jsx": {"path":"/Users/derekrush/sites/homefilming/client/components/dashboard/settings.jsx","statementMap":{"0":{"start":{"line":1,"column":13},"end":{"line":1,"column":75}},"1":{"start":{"line":1,"column":98},"end":{"line":1,"column":145}},"2":{"start":{"line":1,"column":169},"end":{"line":1,"column":209}},"3":{"start":{"line":1,"column":230},"end":{"line":1,"column":274}},"4":{"start":{"line":1,"column":295},"end":{"line":1,"column":332}},"5":{"start":{"line":1,"column":367},"end":{"line":1,"column":425}},"6":{"start":{"line":1,"column":460},"end":{"line":1,"column":511}},"7":{"start":{"line":1,"column":529},"end":{"line":1,"column":570}},"8":{"start":{"line":1,"column":588},"end":{"line":1,"column":622}},"9":{"start":{"line":1,"column":636},"end":{"line":1,"column":652}},"10":{"start":{"line":1,"column":667},"end":{"line":1,"column":697}},"11":{"start":{"line":2,"column":22},"end":{"line":2,"column":49}},"12":{"start":{"line":2,"column":88},"end":{"line":2,"column":142}},"13":{"start":{"line":5,"column":15},"end":{"line":12,"column":49}},"14":{"start":{"line":5,"column":38},"end":{"line":5,"column":88}},"15":{"start":{"line":5,"column":113},"end":{"line":5,"column":163}},"16":{"start":{"line":5,"column":163},"end":{"line":5,"column":305}},"17":{"start":{"line":5,"column":306},"end":{"line":12,"column":10}},"18":{"start":{"line":7,"column":6},"end":{"line":8,"column":52}},"19":{"start":{"line":12,"column":10},"end":{"line":12,"column":30}},"20":{"start":{"line":12,"column":50},"end":{"line":15,"column":13}}},"fnMap":{"0":{"name":"_interopRequireDefault","decl":{"start":{"line":2,"column":59},"end":{"line":2,"column":81}},"loc":{"start":{"line":2,"column":87},"end":{"line":2,"column":143}},"line":2},"1":{"name":"(anonymous_1)","decl":{"start":{"line":5,"column":15},"end":{"line":5,"column":16}},"loc":{"start":{"line":5,"column":37},"end":{"line":12,"column":31}},"line":5},"2":{"name":"UserSettings","decl":{"start":{"line":5,"column":97},"end":{"line":5,"column":109}},"loc":{"start":{"line":5,"column":112},"end":{"line":5,"column":306}},"line":5},"3":{"name":"render","decl":{"start":{"line":5,"column":381},"end":{"line":5,"column":387}},"loc":{"start":{"line":6,"column":4},"end":{"line":12,"column":5}},"line":6}},"branchMap":{"0":{"loc":{"start":{"line":2,"column":95},"end":{"line":2,"column":141}},"type":"cond-expr","locations":[{"start":{"line":2,"column":119},"end":{"line":2,"column":122}},{"start":{"line":2,"column":125},"end":{"line":2,"column":141}}],"line":2},"1":{"loc":{"start":{"line":2,"column":95},"end":{"line":2,"column":116}},"type":"binary-expr","locations":[{"start":{"line":2,"column":95},"end":{"line":2,"column":98}},{"start":{"line":2,"column":102},"end":{"line":2,"column":116}}],"line":2},"2":{"loc":{"start":{"line":5,"column":218},"end":{"line":5,"column":279}},"type":"binary-expr","locations":[{"start":{"line":5,"column":218},"end":{"line":5,"column":240}},{"start":{"line":5,"column":244},"end":{"line":5,"column":279}}],"line":5}},"s":{"0":0,"1":0,"2":0,"3":0,"4":0,"5":0,"6":0,"7":0,"8":0,"9":0,"10":0,"11":0,"12":0,"13":0,"14":0,"15":0,"16":0,"17":0,"18":0,"19":0,"20":0},"f":{"0":0,"1":0,"2":0,"3":0},"b":{"0":[0,0],"1":[0,0],"2":[0,0]}}
,"/Users/derekrush/sites/homefilming/client/components/dashboard/uploads.jsx": {"path":"/Users/derekrush/sites/homefilming/client/components/dashboard/uploads.jsx","statementMap":{"0":{"start":{"line":13,"column":4},"end":{"line":13,"column":11}},"1":{"start":{"line":14,"column":4},"end":{"line":17,"column":5}},"2":{"start":{"line":28,"column":4},"end":{"line":31,"column":6}},"3":{"start":{"line":29,"column":26},"end":{"line":29,"column":40}},"4":{"start":{"line":36,"column":4},"end":{"line":49,"column":5}},"5":{"start":{"line":41,"column":27},"end":{"line":41,"column":45}}},"fnMap":{"0":{"name":"(anonymous_0)","decl":{"start":{"line":12,"column":2},"end":{"line":12,"column":3}},"loc":{"start":{"line":12,"column":16},"end":{"line":18,"column":3}},"line":12},"1":{"name":"(anonymous_1)","decl":{"start":{"line":20,"column":2},"end":{"line":20,"column":3}},"loc":{"start":{"line":20,"column":15},"end":{"line":25,"column":3}},"line":20},"2":{"name":"(anonymous_2)","decl":{"start":{"line":27,"column":2},"end":{"line":27,"column":3}},"loc":{"start":{"line":27,"column":25},"end":{"line":32,"column":3}},"line":27},"3":{"name":"(anonymous_3)","decl":{"start":{"line":28,"column":36},"end":{"line":28,"column":37}},"loc":{"start":{"line":28,"column":45},"end":{"line":31,"column":5}},"line":28},"4":{"name":"(anonymous_4)","decl":{"start":{"line":34,"column":2},"end":{"line":34,"column":3}},"loc":{"start":{"line":34,"column":10},"end":{"line":50,"column":3}},"line":34},"5":{"name":"(anonymous_5)","decl":{"start":{"line":41,"column":15},"end":{"line":41,"column":16}},"loc":{"start":{"line":41,"column":25},"end":{"line":41,"column":47}},"line":41}},"branchMap":{},"s":{"0":0,"1":0,"2":0,"3":0,"4":0,"5":0},"f":{"0":0,"1":0,"2":0,"3":0,"4":0,"5":0},"b":{},"_coverageSchema":"332fd63041d2c1bcb487cc26dd0d5f7d97098a6c","hash":"5c51a8796efe3a2d50105cb66b9b38e11eebeb57"}
,"/Users/derekrush/sites/homefilming/client/components/dashboard/styles/collaboration.jsx": {"path":"/Users/derekrush/sites/homefilming/client/components/dashboard/styles/collaboration.jsx","statementMap":{"0":{"start":{"line":4,"column":22},"end":{"line":11,"column":2}}},"fnMap":{},"branchMap":{},"s":{"0":1},"f":{},"b":{},"_coverageSchema":"332fd63041d2c1bcb487cc26dd0d5f7d97098a6c","hash":"aef05909186d24ff5e379c5e1560ea09190e8696"}
,"/Users/derekrush/sites/homefilming/client/components/dashboard/styles/dashboard.jsx": {"path":"/Users/derekrush/sites/homefilming/client/components/dashboard/styles/dashboard.jsx","statementMap":{"0":{"start":{"line":4,"column":18},"end":{"line":15,"column":2}}},"fnMap":{},"branchMap":{},"s":{"0":1},"f":{},"b":{},"_coverageSchema":"332fd63041d2c1bcb487cc26dd0d5f7d97098a6c","hash":"5c6df014bb9eeaf5cd508f3f61ac3f435d9605e1"}
,"/Users/derekrush/sites/homefilming/client/components/dashboard/styles/uploads.jsx": {"path":"/Users/derekrush/sites/homefilming/client/components/dashboard/styles/uploads.jsx","statementMap":{"0":{"start":{"line":4,"column":16},"end":{"line":27,"column":2}}},"fnMap":{},"branchMap":{},"s":{"0":1},"f":{},"b":{},"_coverageSchema":"332fd63041d2c1bcb487cc26dd0d5f7d97098a6c","hash":"760a94bdc2974994492c82bf0b9b8c1887f4db1d"}
,"/Users/derekrush/sites/homefilming/client/components/index/addressMapper.jsx": {"path":"/Users/derekrush/sites/homefilming/client/components/index/addressMapper.jsx","statementMap":{"0":{"start":{"line":1,"column":13},"end":{"line":1,"column":75}},"1":{"start":{"line":1,"column":98},"end":{"line":1,"column":145}},"2":{"start":{"line":1,"column":169},"end":{"line":1,"column":209}},"3":{"start":{"line":1,"column":230},"end":{"line":1,"column":274}},"4":{"start":{"line":1,"column":295},"end":{"line":1,"column":332}},"5":{"start":{"line":1,"column":367},"end":{"line":1,"column":425}},"6":{"start":{"line":1,"column":460},"end":{"line":1,"column":511}},"7":{"start":{"line":1,"column":529},"end":{"line":1,"column":570}},"8":{"start":{"line":1,"column":588},"end":{"line":1,"column":622}},"9":{"start":{"line":1,"column":636},"end":{"line":1,"column":652}},"10":{"start":{"line":1,"column":667},"end":{"line":1,"column":697}},"11":{"start":{"line":2,"column":19},"end":{"line":2,"column":42}},"12":{"start":{"line":2,"column":63},"end":{"line":2,"column":99}},"13":{"start":{"line":3,"column":17},"end":{"line":3,"column":49}},"14":{"start":{"line":3,"column":68},"end":{"line":3,"column":102}},"15":{"start":{"line":4,"column":20},"end":{"line":4,"column":55}},"16":{"start":{"line":4,"column":77},"end":{"line":4,"column":114}},"17":{"start":{"line":5,"column":11},"end":{"line":5,"column":44}},"18":{"start":{"line":6,"column":17},"end":{"line":6,"column":37}},"19":{"start":{"line":7,"column":14},"end":{"line":7,"column":40}},"20":{"start":{"line":7,"column":56},"end":{"line":7,"column":87}},"21":{"start":{"line":8,"column":15},"end":{"line":8,"column":42}},"22":{"start":{"line":8,"column":59},"end":{"line":8,"column":91}},"23":{"start":{"line":8,"column":130},"end":{"line":8,"column":184}},"24":{"start":{"line":10,"column":16},"end":{"line":104,"column":50}},"25":{"start":{"line":10,"column":39},"end":{"line":10,"column":90}},"26":{"start":{"line":11,"column":28},"end":{"line":11,"column":79}},"27":{"start":{"line":11,"column":91},"end":{"line":11,"column":215}},"28":{"start":{"line":13,"column":4},"end":{"line":20,"column":16}},"29":{"start":{"line":23,"column":4},"end":{"line":23,"column":68}},"30":{"start":{"line":24,"column":4},"end":{"line":24,"column":82}},"31":{"start":{"line":24,"column":82},"end":{"line":24,"column":95}},"32":{"start":{"line":25,"column":3},"end":{"line":104,"column":10}},"33":{"start":{"line":27,"column":18},"end":{"line":27,"column":22}},"34":{"start":{"line":28,"column":23},"end":{"line":28,"column":63}},"35":{"start":{"line":29,"column":25},"end":{"line":31,"column":27}},"36":{"start":{"line":34,"column":25},"end":{"line":34,"column":86}},"37":{"start":{"line":36,"column":6},"end":{"line":44,"column":9}},"38":{"start":{"line":37,"column":20},"end":{"line":37,"column":43}},"39":{"start":{"line":38,"column":8},"end":{"line":43,"column":9}},"40":{"start":{"line":39,"column":20},"end":{"line":39,"column":49}},"41":{"start":{"line":40,"column":20},"end":{"line":40,"column":49}},"42":{"start":{"line":41,"column":10},"end":{"line":41,"column":50}},"43":{"start":{"line":42,"column":10},"end":{"line":42,"column":60}},"44":{"start":{"line":48,"column":25},"end":{"line":48,"column":64}},"45":{"start":{"line":49,"column":23},"end":{"line":53,"column":28}},"46":{"start":{"line":56,"column":16},"end":{"line":56,"column":61}},"47":{"start":{"line":60,"column":6},"end":{"line":60,"column":25}},"48":{"start":{"line":62,"column":20},"end":{"line":62,"column":44}},"49":{"start":{"line":64,"column":16},"end":{"line":64,"column":45}},"50":{"start":{"line":65,"column":16},"end":{"line":65,"column":45}},"51":{"start":{"line":71,"column":6},"end":{"line":100,"column":140}},"52":{"start":{"line":104,"column":10},"end":{"line":104,"column":31}},"53":{"start":{"line":104,"column":51},"end":{"line":107,"column":14}}},"fnMap":{"0":{"name":"_interopRequireDefault","decl":{"start":{"line":8,"column":101},"end":{"line":8,"column":123}},"loc":{"start":{"line":8,"column":129},"end":{"line":8,"column":185}},"line":8},"1":{"name":"(anonymous_1)","decl":{"start":{"line":10,"column":16},"end":{"line":10,"column":17}},"loc":{"start":{"line":10,"column":38},"end":{"line":104,"column":32}},"line":10},"2":{"name":"AddressMapper","decl":{"start":{"line":11,"column":11},"end":{"line":11,"column":24}},"loc":{"start":{"line":11,"column":27},"end":{"line":25,"column":3}},"line":11},"3":{"name":"componentDidMount","decl":{"start":{"line":25,"column":90},"end":{"line":25,"column":107}},"loc":{"start":{"line":27,"column":4},"end":{"line":45,"column":5}},"line":27},"4":{"name":"(anonymous_4)","decl":{"start":{"line":36,"column":67},"end":{"line":36,"column":68}},"loc":{"start":{"line":36,"column":79},"end":{"line":44,"column":7}},"line":36},"5":{"name":"fetchAssociatedMap","decl":{"start":{"line":45,"column":54},"end":{"line":45,"column":72}},"loc":{"start":{"line":47,"column":12},"end":{"line":57,"column":5}},"line":47},"6":{"name":"deconstructPlaceIntoState","decl":{"start":{"line":57,"column":61},"end":{"line":57,"column":86}},"loc":{"start":{"line":59,"column":11},"end":{"line":67,"column":5}},"line":59},"7":{"name":"render","decl":{"start":{"line":67,"column":42},"end":{"line":67,"column":48}},"loc":{"start":{"line":70,"column":4},"end":{"line":104,"column":5}},"line":70}},"branchMap":{"0":{"loc":{"start":{"line":8,"column":137},"end":{"line":8,"column":183}},"type":"cond-expr","locations":[{"start":{"line":8,"column":161},"end":{"line":8,"column":164}},{"start":{"line":8,"column":167},"end":{"line":8,"column":183}}],"line":8},"1":{"loc":{"start":{"line":8,"column":137},"end":{"line":8,"column":158}},"type":"binary-expr","locations":[{"start":{"line":8,"column":137},"end":{"line":8,"column":140}},{"start":{"line":8,"column":144},"end":{"line":8,"column":158}}],"line":8},"2":{"loc":{"start":{"line":11,"column":139},"end":{"line":11,"column":202}},"type":"binary-expr","locations":[{"start":{"line":11,"column":139},"end":{"line":11,"column":162}},{"start":{"line":11,"column":166},"end":{"line":11,"column":202}}],"line":11},"3":{"loc":{"start":{"line":38,"column":8},"end":{"line":43,"column":9}},"type":"if","locations":[{"start":{"line":38,"column":8},"end":{"line":43,"column":9}},{"start":{"line":38,"column":8},"end":{"line":43,"column":9}}],"line":38}},"s":{"0":0,"1":0,"2":0,"3":0,"4":0,"5":0,"6":0,"7":0,"8":0,"9":0,"10":0,"11":0,"12":0,"13":0,"14":0,"15":0,"16":0,"17":0,"18":0,"19":0,"20":0,"21":0,"22":0,"23":0,"24":0,"25":0,"26":0,"27":0,"28":0,"29":0,"30":0,"31":0,"32":0,"33":0,"34":0,"35":0,"36":0,"37":0,"38":0,"39":0,"40":0,"41":0,"42":0,"43":0,"44":0,"45":0,"46":0,"47":0,"48":0,"49":0,"50":0,"51":0,"52":0,"53":0},"f":{"0":0,"1":0,"2":0,"3":0,"4":0,"5":0,"6":0,"7":0},"b":{"0":[0,0],"1":[0,0],"2":[0,0],"3":[0,0]}}
,"/Users/derekrush/sites/homefilming/client/components/index/aerialImagerySells.jsx": {"path":"/Users/derekrush/sites/homefilming/client/components/index/aerialImagerySells.jsx","statementMap":{"0":{"start":{"line":13,"column":27},"end":{"line":41,"column":1}},"1":{"start":{"line":15,"column":17},"end":{"line":20,"column":3}},"2":{"start":{"line":22,"column":23},"end":{"line":29,"column":3}},"3":{"start":{"line":23,"column":4},"end":{"line":28,"column":5}},"4":{"start":{"line":31,"column":2},"end":{"line":40,"column":3}},"5":{"start":{"line":36,"column":35},"end":{"line":36,"column":61}}},"fnMap":{"0":{"name":"(anonymous_0)","decl":{"start":{"line":13,"column":27},"end":{"line":13,"column":28}},"loc":{"start":{"line":13,"column":33},"end":{"line":41,"column":1}},"line":13},"1":{"name":"(anonymous_1)","decl":{"start":{"line":22,"column":23},"end":{"line":22,"column":24}},"loc":{"start":{"line":22,"column":34},"end":{"line":29,"column":3}},"line":22},"2":{"name":"(anonymous_2)","decl":{"start":{"line":36,"column":22},"end":{"line":36,"column":23}},"loc":{"start":{"line":36,"column":33},"end":{"line":36,"column":62}},"line":36}},"branchMap":{},"s":{"0":1,"1":1,"2":1,"3":4,"4":1,"5":4},"f":{"0":1,"1":4,"2":4},"b":{},"_coverageSchema":"332fd63041d2c1bcb487cc26dd0d5f7d97098a6c","hash":"73042c8c1b7b4b41ac0c4a5f9afc6a5e7912e8b1"}
,"/Users/derekrush/sites/homefilming/client/components/index/birdsEyeView.jsx": {"path":"/Users/derekrush/sites/homefilming/client/components/index/birdsEyeView.jsx","statementMap":{"0":{"start":{"line":12,"column":21},"end":{"line":34,"column":1}},"1":{"start":{"line":14,"column":2},"end":{"line":33,"column":3}}},"fnMap":{"0":{"name":"(anonymous_0)","decl":{"start":{"line":12,"column":21},"end":{"line":12,"column":22}},"loc":{"start":{"line":12,"column":27},"end":{"line":34,"column":1}},"line":12}},"branchMap":{},"s":{"0":1,"1":1},"f":{"0":1},"b":{},"_coverageSchema":"332fd63041d2c1bcb487cc26dd0d5f7d97098a6c","hash":"c67ffeef37c975bcf1546f73810319714cf3d981"}
,"/Users/derekrush/sites/homefilming/client/components/index/hero.jsx": {"path":"/Users/derekrush/sites/homefilming/client/components/index/hero.jsx","statementMap":{"0":{"start":{"line":14,"column":4},"end":{"line":14,"column":11}},"1":{"start":{"line":18,"column":4},"end":{"line":40,"column":5}}},"fnMap":{"0":{"name":"(anonymous_0)","decl":{"start":{"line":13,"column":2},"end":{"line":13,"column":3}},"loc":{"start":{"line":13,"column":15},"end":{"line":15,"column":3}},"line":13},"1":{"name":"(anonymous_1)","decl":{"start":{"line":17,"column":2},"end":{"line":17,"column":3}},"loc":{"start":{"line":17,"column":10},"end":{"line":41,"column":3}},"line":17}},"branchMap":{},"s":{"0":1,"1":1},"f":{"0":1,"1":1},"b":{},"_coverageSchema":"332fd63041d2c1bcb487cc26dd0d5f7d97098a6c","hash":"74cc3e4bf43f8a541e40ef48b4746f1490618f37"}
,"/Users/derekrush/sites/homefilming/client/components/index/index.jsx": {"path":"/Users/derekrush/sites/homefilming/client/components/index/index.jsx","statementMap":{"0":{"start":{"line":15,"column":14},"end":{"line":31,"column":1}},"1":{"start":{"line":16,"column":2},"end":{"line":30,"column":3}}},"fnMap":{"0":{"name":"(anonymous_0)","decl":{"start":{"line":15,"column":14},"end":{"line":15,"column":15}},"loc":{"start":{"line":15,"column":25},"end":{"line":31,"column":1}},"line":15}},"branchMap":{},"s":{"0":1,"1":1},"f":{"0":1},"b":{},"_coverageSchema":"332fd63041d2c1bcb487cc26dd0d5f7d97098a6c","hash":"e2add28f200f64633a76c73c1fbd2ae543fcb327"}
,"/Users/derekrush/sites/homefilming/client/components/index/ourClientsLoveUs.jsx": {"path":"/Users/derekrush/sites/homefilming/client/components/index/ourClientsLoveUs.jsx","statementMap":{"0":{"start":{"line":13,"column":25},"end":{"line":89,"column":1}},"1":{"start":{"line":15,"column":23},"end":{"line":19,"column":3}},"2":{"start":{"line":21,"column":21},"end":{"line":39,"column":3}},"3":{"start":{"line":22,"column":4},"end":{"line":38,"column":5}},"4":{"start":{"line":29,"column":12},"end":{"line":31,"column":13}},"5":{"start":{"line":41,"column":22},"end":{"line":77,"column":3}},"6":{"start":{"line":42,"column":16},"end":{"line":42,"column":33}},"7":{"start":{"line":43,"column":4},"end":{"line":76,"column":5}},"8":{"start":{"line":44,"column":6},"end":{"line":58,"column":8}},"9":{"start":{"line":45,"column":8},"end":{"line":57,"column":9}},"10":{"start":{"line":46,"column":10},"end":{"line":50,"column":11}},"11":{"start":{"line":52,"column":10},"end":{"line":56,"column":11}},"12":{"start":{"line":60,"column":23},"end":{"line":66,"column":7}},"13":{"start":{"line":67,"column":6},"end":{"line":75,"column":7}},"14":{"start":{"line":71,"column":14},"end":{"line":71,"column":40}},"15":{"start":{"line":79,"column":2},"end":{"line":88,"column":3}}},"fnMap":{"0":{"name":"(anonymous_0)","decl":{"start":{"line":13,"column":25},"end":{"line":13,"column":26}},"loc":{"start":{"line":13,"column":31},"end":{"line":89,"column":1}},"line":13},"1":{"name":"(anonymous_1)","decl":{"start":{"line":21,"column":21},"end":{"line":21,"column":22}},"loc":{"start":{"line":21,"column":34},"end":{"line":39,"column":3}},"line":21},"2":{"name":"(anonymous_2)","decl":{"start":{"line":28,"column":39},"end":{"line":28,"column":40}},"loc":{"start":{"line":28,"column":50},"end":{"line":32,"column":11}},"line":28},"3":{"name":"(anonymous_3)","decl":{"start":{"line":41,"column":22},"end":{"line":41,"column":23}},"loc":{"start":{"line":41,"column":28},"end":{"line":77,"column":3}},"line":41},"4":{"name":"(anonymous_4)","decl":{"start":{"line":44,"column":30},"end":{"line":44,"column":31}},"loc":{"start":{"line":44,"column":43},"end":{"line":58,"column":7}},"line":44},"5":{"name":"(anonymous_5)","decl":{"start":{"line":70,"column":30},"end":{"line":70,"column":31}},"loc":{"start":{"line":70,"column":43},"end":{"line":72,"column":13}},"line":70}},"branchMap":{"0":{"loc":{"start":{"line":43,"column":4},"end":{"line":76,"column":5}},"type":"if","locations":[{"start":{"line":43,"column":4},"end":{"line":76,"column":5}},{"start":{"line":43,"column":4},"end":{"line":76,"column":5}}],"line":43},"1":{"loc":{"start":{"line":45,"column":8},"end":{"line":57,"column":9}},"type":"if","locations":[{"start":{"line":45,"column":8},"end":{"line":57,"column":9}},{"start":{"line":45,"column":8},"end":{"line":57,"column":9}}],"line":45}},"s":{"0":1,"1":1,"2":1,"3":3,"4":14,"5":1,"6":1,"7":1,"8":1,"9":3,"10":1,"11":2,"12":0,"13":0,"14":0,"15":1},"f":{"0":1,"1":3,"2":14,"3":1,"4":3,"5":0},"b":{"0":[1,0],"1":[1,2]},"_coverageSchema":"332fd63041d2c1bcb487cc26dd0d5f7d97098a6c","hash":"4735b791dde3cb790f9119719a03728a00eb90af"}
,"/Users/derekrush/sites/homefilming/client/components/index/photos.jsx": {"path":"/Users/derekrush/sites/homefilming/client/components/index/photos.jsx","statementMap":{"0":{"start":{"line":9,"column":15},"end":{"line":39,"column":1}},"1":{"start":{"line":10,"column":14},"end":{"line":10,"column":31}},"2":{"start":{"line":11,"column":2},"end":{"line":37,"column":3}},"3":{"start":{"line":12,"column":4},"end":{"line":18,"column":5}},"4":{"start":{"line":20,"column":21},"end":{"line":27,"column":5}},"5":{"start":{"line":28,"column":4},"end":{"line":36,"column":5}}},"fnMap":{"0":{"name":"(anonymous_0)","decl":{"start":{"line":9,"column":15},"end":{"line":9,"column":16}},"loc":{"start":{"line":9,"column":21},"end":{"line":39,"column":1}},"line":9}},"branchMap":{"0":{"loc":{"start":{"line":11,"column":2},"end":{"line":37,"column":3}},"type":"if","locations":[{"start":{"line":11,"column":2},"end":{"line":37,"column":3}},{"start":{"line":11,"column":2},"end":{"line":37,"column":3}}],"line":11}},"s":{"0":1,"1":1,"2":1,"3":1,"4":0,"5":0},"f":{"0":1},"b":{"0":[1,0]},"_coverageSchema":"332fd63041d2c1bcb487cc26dd0d5f7d97098a6c","hash":"b55d6931534f1c09254a8b0b1eb31ad3e558f293"}
,"/Users/derekrush/sites/homefilming/client/components/index/plans.jsx": {"path":"/Users/derekrush/sites/homefilming/client/components/index/plans.jsx","statementMap":{},"fnMap":{},"branchMap":{},"s":{},"f":{},"b":{}}
,"/Users/derekrush/sites/homefilming/client/components/index/sampleVideo.jsx": {"path":"/Users/derekrush/sites/homefilming/client/components/index/sampleVideo.jsx","statementMap":{"0":{"start":{"line":10,"column":4},"end":{"line":10,"column":11}},"1":{"start":{"line":14,"column":4},"end":{"line":18,"column":5}}},"fnMap":{"0":{"name":"(anonymous_0)","decl":{"start":{"line":9,"column":2},"end":{"line":9,"column":3}},"loc":{"start":{"line":9,"column":15},"end":{"line":11,"column":3}},"line":9},"1":{"name":"(anonymous_1)","decl":{"start":{"line":13,"column":2},"end":{"line":13,"column":3}},"loc":{"start":{"line":13,"column":10},"end":{"line":19,"column":3}},"line":13}},"branchMap":{},"s":{"0":1,"1":1},"f":{"0":1,"1":1},"b":{},"_coverageSchema":"332fd63041d2c1bcb487cc26dd0d5f7d97098a6c","hash":"67dca7f21a99b2ada078bcf00e487b67bbcd9a5a"}
,"/Users/derekrush/sites/homefilming/client/components/index/share.jsx": {"path":"/Users/derekrush/sites/homefilming/client/components/index/share.jsx","statementMap":{"0":{"start":{"line":13,"column":14},"end":{"line":36,"column":1}},"1":{"start":{"line":14,"column":17},"end":{"line":20,"column":3}},"2":{"start":{"line":21,"column":2},"end":{"line":35,"column":3}},"3":{"start":{"line":26,"column":8},"end":{"line":31,"column":9}}},"fnMap":{"0":{"name":"(anonymous_0)","decl":{"start":{"line":13,"column":14},"end":{"line":13,"column":15}},"loc":{"start":{"line":13,"column":20},"end":{"line":36,"column":1}},"line":13},"1":{"name":"(anonymous_1)","decl":{"start":{"line":25,"column":18},"end":{"line":25,"column":19}},"loc":{"start":{"line":25,"column":28},"end":{"line":32,"column":7}},"line":25}},"branchMap":{},"s":{"0":1,"1":1,"2":1,"3":5},"f":{"0":1,"1":5},"b":{},"_coverageSchema":"332fd63041d2c1bcb487cc26dd0d5f7d97098a6c","hash":"89c9bc2241af3e61aac7b9eb40641da145dcc607"}
,"/Users/derekrush/sites/homefilming/client/components/index/whatYouGet.jsx": {"path":"/Users/derekrush/sites/homefilming/client/components/index/whatYouGet.jsx","statementMap":{"0":{"start":{"line":15,"column":19},"end":{"line":45,"column":1}},"1":{"start":{"line":17,"column":19},"end":{"line":24,"column":3}},"2":{"start":{"line":26,"column":18},"end":{"line":33,"column":3}},"3":{"start":{"line":27,"column":4},"end":{"line":32,"column":5}},"4":{"start":{"line":35,"column":2},"end":{"line":44,"column":3}},"5":{"start":{"line":40,"column":37},"end":{"line":40,"column":58}}},"fnMap":{"0":{"name":"(anonymous_0)","decl":{"start":{"line":15,"column":19},"end":{"line":15,"column":20}},"loc":{"start":{"line":15,"column":25},"end":{"line":45,"column":1}},"line":15},"1":{"name":"(anonymous_1)","decl":{"start":{"line":26,"column":18},"end":{"line":26,"column":19}},"loc":{"start":{"line":26,"column":29},"end":{"line":33,"column":3}},"line":26},"2":{"name":"(anonymous_2)","decl":{"start":{"line":40,"column":24},"end":{"line":40,"column":25}},"loc":{"start":{"line":40,"column":35},"end":{"line":40,"column":59}},"line":40}},"branchMap":{},"s":{"0":1,"1":1,"2":1,"3":6,"4":1,"5":6},"f":{"0":1,"1":6,"2":6},"b":{},"_coverageSchema":"332fd63041d2c1bcb487cc26dd0d5f7d97098a6c","hash":"a9d7198c5a8e44af8d40c00622f8487c8cec5d47"}
,"/Users/derekrush/sites/homefilming/client/components/index/styles/aerialImagerySells.jsx": {"path":"/Users/derekrush/sites/homefilming/client/components/index/styles/aerialImagerySells.jsx","statementMap":{"0":{"start":{"line":4,"column":27},"end":{"line":8,"column":2}}},"fnMap":{},"branchMap":{},"s":{"0":1},"f":{},"b":{},"_coverageSchema":"332fd63041d2c1bcb487cc26dd0d5f7d97098a6c","hash":"f3d46b9100fd2f995b48bc2cf0222bcbb695dab9"}
,"/Users/derekrush/sites/homefilming/client/components/index/styles/birdsEyeView.jsx": {"path":"/Users/derekrush/sites/homefilming/client/components/index/styles/birdsEyeView.jsx","statementMap":{"0":{"start":{"line":5,"column":21},"end":{"line":124,"column":2}}},"fnMap":{},"branchMap":{},"s":{"0":1},"f":{},"b":{},"_coverageSchema":"332fd63041d2c1bcb487cc26dd0d5f7d97098a6c","hash":"da903b1dfafaccb703685899e837bc0022f903c2"}
,"/Users/derekrush/sites/homefilming/client/components/index/styles/hero.jsx": {"path":"/Users/derekrush/sites/homefilming/client/components/index/styles/hero.jsx","statementMap":{"0":{"start":{"line":4,"column":13},"end":{"line":61,"column":2}}},"fnMap":{},"branchMap":{},"s":{"0":1},"f":{},"b":{},"_coverageSchema":"332fd63041d2c1bcb487cc26dd0d5f7d97098a6c","hash":"5331cefa7d2cc876644dee52a1a48242dd45a1f5"}
,"/Users/derekrush/sites/homefilming/client/components/index/styles/loveUs.jsx": {"path":"/Users/derekrush/sites/homefilming/client/components/index/styles/loveUs.jsx","statementMap":{"0":{"start":{"line":4,"column":15},"end":{"line":83,"column":2}}},"fnMap":{},"branchMap":{},"s":{"0":1},"f":{},"b":{},"_coverageSchema":"332fd63041d2c1bcb487cc26dd0d5f7d97098a6c","hash":"69be99651d6c031f874936ded2b86700fedb0092"}
,"/Users/derekrush/sites/homefilming/client/components/index/styles/photos.jsx": {"path":"/Users/derekrush/sites/homefilming/client/components/index/styles/photos.jsx","statementMap":{"0":{"start":{"line":4,"column":15},"end":{"line":44,"column":2}}},"fnMap":{},"branchMap":{},"s":{"0":1},"f":{},"b":{},"_coverageSchema":"332fd63041d2c1bcb487cc26dd0d5f7d97098a6c","hash":"fa4eb2429a3550326734f140773733534b697c74"}
,"/Users/derekrush/sites/homefilming/client/components/index/styles/sampleVideo.jsx": {"path":"/Users/derekrush/sites/homefilming/client/components/index/styles/sampleVideo.jsx","statementMap":{"0":{"start":{"line":4,"column":20},"end":{"line":29,"column":2}}},"fnMap":{},"branchMap":{},"s":{"0":1},"f":{},"b":{},"_coverageSchema":"332fd63041d2c1bcb487cc26dd0d5f7d97098a6c","hash":"1014fff8616f1737415fb5020a737697d83980c3"}
,"/Users/derekrush/sites/homefilming/client/components/index/styles/share.jsx": {"path":"/Users/derekrush/sites/homefilming/client/components/index/styles/share.jsx","statementMap":{"0":{"start":{"line":4,"column":14},"end":{"line":52,"column":2}}},"fnMap":{},"branchMap":{},"s":{"0":1},"f":{},"b":{},"_coverageSchema":"332fd63041d2c1bcb487cc26dd0d5f7d97098a6c","hash":"9bb2f1bd03f05ccb08786b6dc1c487f173d3a30a"}
,"/Users/derekrush/sites/homefilming/client/components/index/styles/whatYouGet.jsx": {"path":"/Users/derekrush/sites/homefilming/client/components/index/styles/whatYouGet.jsx","statementMap":{"0":{"start":{"line":4,"column":19},"end":{"line":33,"column":2}}},"fnMap":{},"branchMap":{},"s":{"0":1},"f":{},"b":{},"_coverageSchema":"332fd63041d2c1bcb487cc26dd0d5f7d97098a6c","hash":"80013755f7b97fe658afba8d95dc18b3e78223c9"}
,"/Users/derekrush/sites/homefilming/client/components/layouts/App.jsx": {"path":"/Users/derekrush/sites/homefilming/client/components/layouts/App.jsx","statementMap":{"0":{"start":{"line":1,"column":13},"end":{"line":1,"column":75}},"1":{"start":{"line":1,"column":98},"end":{"line":1,"column":145}},"2":{"start":{"line":1,"column":169},"end":{"line":1,"column":209}},"3":{"start":{"line":1,"column":230},"end":{"line":1,"column":274}},"4":{"start":{"line":1,"column":295},"end":{"line":1,"column":332}},"5":{"start":{"line":1,"column":367},"end":{"line":1,"column":425}},"6":{"start":{"line":1,"column":460},"end":{"line":1,"column":511}},"7":{"start":{"line":1,"column":529},"end":{"line":1,"column":570}},"8":{"start":{"line":1,"column":588},"end":{"line":1,"column":622}},"9":{"start":{"line":1,"column":623},"end":{"line":1,"column":667}},"10":{"start":{"line":2,"column":0},"end":{"line":2,"column":25}},"11":{"start":{"line":3,"column":13},"end":{"line":3,"column":29}},"12":{"start":{"line":3,"column":44},"end":{"line":3,"column":74}},"13":{"start":{"line":4,"column":22},"end":{"line":4,"column":49}},"14":{"start":{"line":5,"column":20},"end":{"line":5,"column":57}},"15":{"start":{"line":5,"column":79},"end":{"line":5,"column":116}},"16":{"start":{"line":6,"column":19},"end":{"line":6,"column":42}},"17":{"start":{"line":7,"column":27},"end":{"line":7,"column":60}},"18":{"start":{"line":7,"column":89},"end":{"line":7,"column":133}},"19":{"start":{"line":8,"column":27},"end":{"line":8,"column":59}},"20":{"start":{"line":8,"column":88},"end":{"line":8,"column":132}},"21":{"start":{"line":9,"column":15},"end":{"line":9,"column":46}},"22":{"start":{"line":9,"column":63},"end":{"line":9,"column":95}},"23":{"start":{"line":10,"column":14},"end":{"line":10,"column":33}},"24":{"start":{"line":11,"column":22},"end":{"line":11,"column":77}},"25":{"start":{"line":11,"column":101},"end":{"line":11,"column":140}},"26":{"start":{"line":12,"column":24},"end":{"line":12,"column":70}},"27":{"start":{"line":12,"column":96},"end":{"line":12,"column":137}},"28":{"start":{"line":13,"column":19},"end":{"line":13,"column":60}},"29":{"start":{"line":13,"column":81},"end":{"line":13,"column":117}},"30":{"start":{"line":14,"column":14},"end":{"line":14,"column":39}},"31":{"start":{"line":14,"column":55},"end":{"line":14,"column":86}},"32":{"start":{"line":14,"column":125},"end":{"line":14,"column":179}},"33":{"start":{"line":17,"column":15},"end":{"line":20,"column":47}},"34":{"start":{"line":24,"column":6},"end":{"line":87,"column":40}},"35":{"start":{"line":24,"column":29},"end":{"line":24,"column":70}},"36":{"start":{"line":25,"column":18},"end":{"line":25,"column":59}},"37":{"start":{"line":25,"column":71},"end":{"line":25,"column":175}},"38":{"start":{"line":27,"column":4},"end":{"line":27,"column":41}},"39":{"start":{"line":28,"column":4},"end":{"line":30,"column":41}},"40":{"start":{"line":33,"column":4},"end":{"line":33,"column":60}},"41":{"start":{"line":33,"column":60},"end":{"line":33,"column":73}},"42":{"start":{"line":34,"column":3},"end":{"line":87,"column":10}},"43":{"start":{"line":38,"column":17},"end":{"line":38,"column":32}},"44":{"start":{"line":40,"column":6},"end":{"line":40,"column":42}},"45":{"start":{"line":49,"column":18},"end":{"line":49,"column":35}},"46":{"start":{"line":50,"column":19},"end":{"line":50,"column":37}},"47":{"start":{"line":51,"column":6},"end":{"line":55,"column":7}},"48":{"start":{"line":52,"column":8},"end":{"line":54,"column":11}},"49":{"start":{"line":53,"column":10},"end":{"line":53,"column":41}},"50":{"start":{"line":75,"column":16},"end":{"line":75,"column":39}},"51":{"start":{"line":76,"column":6},"end":{"line":76,"column":91}},"52":{"start":{"line":76,"column":29},"end":{"line":76,"column":90}},"53":{"start":{"line":77,"column":6},"end":{"line":82,"column":81}},"54":{"start":{"line":87,"column":10},"end":{"line":87,"column":21}},"55":{"start":{"line":87,"column":41},"end":{"line":90,"column":55}}},"fnMap":{"0":{"name":"_interopRequireDefault","decl":{"start":{"line":14,"column":96},"end":{"line":14,"column":118}},"loc":{"start":{"line":14,"column":124},"end":{"line":14,"column":180}},"line":14},"1":{"name":"(anonymous_1)","decl":{"start":{"line":24,"column":6},"end":{"line":24,"column":7}},"loc":{"start":{"line":24,"column":28},"end":{"line":87,"column":22}},"line":24},"2":{"name":"App","decl":{"start":{"line":25,"column":11},"end":{"line":25,"column":14}},"loc":{"start":{"line":25,"column":17},"end":{"line":34,"column":3}},"line":25},"3":{"name":"getCurrentUser","decl":{"start":{"line":34,"column":77},"end":{"line":34,"column":91}},"loc":{"start":{"line":36,"column":4},"end":{"line":42,"column":5}},"line":36},"4":{"name":"componentDidMount","decl":{"start":{"line":42,"column":53},"end":{"line":42,"column":70}},"loc":{"start":{"line":44,"column":4},"end":{"line":46,"column":5}},"line":44},"5":{"name":"onResize","decl":{"start":{"line":46,"column":44},"end":{"line":46,"column":52}},"loc":{"start":{"line":48,"column":4},"end":{"line":56,"column":5}},"line":48},"6":{"name":"(anonymous_6)","decl":{"start":{"line":52,"column":68},"end":{"line":52,"column":69}},"loc":{"start":{"line":52,"column":83},"end":{"line":54,"column":9}},"line":52},"7":{"name":"render","decl":{"start":{"line":73,"column":38},"end":{"line":73,"column":44}},"loc":{"start":{"line":74,"column":4},"end":{"line":87,"column":5}},"line":74}},"branchMap":{"0":{"loc":{"start":{"line":14,"column":132},"end":{"line":14,"column":178}},"type":"cond-expr","locations":[{"start":{"line":14,"column":156},"end":{"line":14,"column":159}},{"start":{"line":14,"column":162},"end":{"line":14,"column":178}}],"line":14},"1":{"loc":{"start":{"line":14,"column":132},"end":{"line":14,"column":153}},"type":"binary-expr","locations":[{"start":{"line":14,"column":132},"end":{"line":14,"column":135}},{"start":{"line":14,"column":139},"end":{"line":14,"column":153}}],"line":14},"2":{"loc":{"start":{"line":25,"column":119},"end":{"line":25,"column":162}},"type":"binary-expr","locations":[{"start":{"line":25,"column":119},"end":{"line":25,"column":132}},{"start":{"line":25,"column":136},"end":{"line":25,"column":162}}],"line":25},"3":{"loc":{"start":{"line":51,"column":6},"end":{"line":55,"column":7}},"type":"if","locations":[{"start":{"line":51,"column":6},"end":{"line":55,"column":7}},{"start":{"line":51,"column":6},"end":{"line":55,"column":7}}],"line":51},"4":{"loc":{"start":{"line":51,"column":10},"end":{"line":51,"column":84}},"type":"binary-expr","locations":[{"start":{"line":51,"column":10},"end":{"line":51,"column":45}},{"start":{"line":51,"column":49},"end":{"line":51,"column":84}}],"line":51},"5":{"loc":{"start":{"line":76,"column":6},"end":{"line":76,"column":91}},"type":"if","locations":[{"start":{"line":76,"column":6},"end":{"line":76,"column":91}},{"start":{"line":76,"column":6},"end":{"line":76,"column":91}}],"line":76}},"s":{"0":0,"1":0,"2":0,"3":0,"4":0,"5":0,"6":0,"7":0,"8":0,"9":0,"10":0,"11":0,"12":0,"13":0,"14":0,"15":0,"16":0,"17":0,"18":0,"19":0,"20":0,"21":0,"22":0,"23":0,"24":0,"25":0,"26":0,"27":0,"28":0,"29":0,"30":0,"31":0,"32":0,"33":0,"34":0,"35":0,"36":0,"37":0,"38":0,"39":0,"40":0,"41":0,"42":0,"43":0,"44":0,"45":0,"46":0,"47":0,"48":0,"49":0,"50":0,"51":0,"52":0,"53":0,"54":0,"55":0},"f":{"0":0,"1":0,"2":0,"3":0,"4":0,"5":0,"6":0,"7":0},"b":{"0":[0,0],"1":[0,0],"2":[0,0],"3":[0,0],"4":[0,0],"5":[0,0]}}
,"/Users/derekrush/sites/homefilming/client/components/layouts/protected_route.jsx": {"path":"/Users/derekrush/sites/homefilming/client/components/layouts/protected_route.jsx","statementMap":{"0":{"start":{"line":4,"column":23},"end":{"line":8,"column":1}},"1":{"start":{"line":5,"column":2},"end":{"line":7,"column":7}},"2":{"start":{"line":6,"column":4},"end":{"line":6,"column":91}}},"fnMap":{"0":{"name":"(anonymous_0)","decl":{"start":{"line":4,"column":23},"end":{"line":4,"column":24}},"loc":{"start":{"line":5,"column":2},"end":{"line":7,"column":7}},"line":5},"1":{"name":"(anonymous_1)","decl":{"start":{"line":5,"column":28},"end":{"line":5,"column":29}},"loc":{"start":{"line":6,"column":4},"end":{"line":6,"column":91}},"line":6}},"branchMap":{"0":{"loc":{"start":{"line":6,"column":4},"end":{"line":6,"column":91}},"type":"cond-expr","locations":[{"start":{"line":6,"column":33},"end":{"line":6,"column":69}},{"start":{"line":6,"column":72},"end":{"line":6,"column":91}}],"line":6},"1":{"loc":{"start":{"line":6,"column":4},"end":{"line":6,"column":30}},"type":"binary-expr","locations":[{"start":{"line":6,"column":4},"end":{"line":6,"column":8}},{"start":{"line":6,"column":12},"end":{"line":6,"column":30}}],"line":6}},"s":{"0":1,"1":0,"2":0},"f":{"0":0,"1":0},"b":{"0":[0,0],"1":[0,0]},"_coverageSchema":"332fd63041d2c1bcb487cc26dd0d5f7d97098a6c","hash":"3b2c797246299c14880921ae5bb5d2109378cbb1"}
,"/Users/derekrush/sites/homefilming/client/components/layouts/routes.jsx": {"path":"/Users/derekrush/sites/homefilming/client/components/layouts/routes.jsx","statementMap":{"0":{"start":{"line":24,"column":22},"end":{"line":27,"column":1}},"1":{"start":{"line":25,"column":2},"end":{"line":25,"column":37}},"2":{"start":{"line":26,"column":2},"end":{"line":26,"column":34}},"3":{"start":{"line":29,"column":21},"end":{"line":34,"column":1}},"4":{"start":{"line":30,"column":2},"end":{"line":32,"column":3}},"5":{"start":{"line":31,"column":4},"end":{"line":31,"column":39}},"6":{"start":{"line":33,"column":2},"end":{"line":33,"column":36}},"7":{"start":{"line":36,"column":21},"end":{"line":41,"column":1}},"8":{"start":{"line":37,"column":2},"end":{"line":39,"column":3}},"9":{"start":{"line":38,"column":4},"end":{"line":38,"column":15}},"10":{"start":{"line":40,"column":2},"end":{"line":40,"column":36}},"11":{"start":{"line":43,"column":15},"end":{"line":63,"column":1}},"12":{"start":{"line":44,"column":2},"end":{"line":62,"column":3}},"13":{"start":{"line":66,"column":0},"end":{"line":66,"column":27}}},"fnMap":{"0":{"name":"(anonymous_0)","decl":{"start":{"line":24,"column":22},"end":{"line":24,"column":23}},"loc":{"start":{"line":24,"column":33},"end":{"line":27,"column":1}},"line":24},"1":{"name":"(anonymous_1)","decl":{"start":{"line":29,"column":21},"end":{"line":29,"column":22}},"loc":{"start":{"line":29,"column":32},"end":{"line":34,"column":1}},"line":29},"2":{"name":"(anonymous_2)","decl":{"start":{"line":36,"column":21},"end":{"line":36,"column":22}},"loc":{"start":{"line":36,"column":32},"end":{"line":41,"column":1}},"line":36},"3":{"name":"(anonymous_3)","decl":{"start":{"line":43,"column":15},"end":{"line":43,"column":16}},"loc":{"start":{"line":43,"column":26},"end":{"line":63,"column":1}},"line":43}},"branchMap":{"0":{"loc":{"start":{"line":26,"column":9},"end":{"line":26,"column":34}},"type":"cond-expr","locations":[{"start":{"line":26,"column":22},"end":{"line":26,"column":26}},{"start":{"line":26,"column":29},"end":{"line":26,"column":34}}],"line":26},"1":{"loc":{"start":{"line":30,"column":2},"end":{"line":32,"column":3}},"type":"if","locations":[{"start":{"line":30,"column":2},"end":{"line":32,"column":3}},{"start":{"line":30,"column":2},"end":{"line":32,"column":3}}],"line":30},"2":{"loc":{"start":{"line":37,"column":2},"end":{"line":39,"column":3}},"type":"if","locations":[{"start":{"line":37,"column":2},"end":{"line":39,"column":3}},{"start":{"line":37,"column":2},"end":{"line":39,"column":3}}],"line":37}},"s":{"0":1,"1":0,"2":0,"3":1,"4":2,"5":0,"6":2,"7":1,"8":2,"9":0,"10":2,"11":1,"12":2,"13":1},"f":{"0":0,"1":2,"2":2,"3":2},"b":{"0":[0,0],"1":[0,2],"2":[0,2]},"_coverageSchema":"332fd63041d2c1bcb487cc26dd0d5f7d97098a6c","hash":"a97d5de81a7778f8784ba4a74aa19bff58ea788b"}
,"/Users/derekrush/sites/homefilming/client/components/layouts/footers/public_footer.jsx": {"path":"/Users/derekrush/sites/homefilming/client/components/layouts/footers/public_footer.jsx","statementMap":{"0":{"start":{"line":12,"column":15},"end":{"line":135,"column":1}},"1":{"start":{"line":13,"column":14},"end":{"line":13,"column":31}},"2":{"start":{"line":14,"column":2},"end":{"line":134,"column":3}},"3":{"start":{"line":15,"column":4},"end":{"line":74,"column":5}},"4":{"start":{"line":76,"column":4},"end":{"line":133,"column":5}}},"fnMap":{"0":{"name":"(anonymous_0)","decl":{"start":{"line":12,"column":15},"end":{"line":12,"column":16}},"loc":{"start":{"line":12,"column":26},"end":{"line":135,"column":1}},"line":12}},"branchMap":{"0":{"loc":{"start":{"line":14,"column":2},"end":{"line":134,"column":3}},"type":"if","locations":[{"start":{"line":14,"column":2},"end":{"line":134,"column":3}},{"start":{"line":14,"column":2},"end":{"line":134,"column":3}}],"line":14}},"s":{"0":1,"1":2,"2":2,"3":2,"4":0},"f":{"0":2},"b":{"0":[2,0]},"_coverageSchema":"332fd63041d2c1bcb487cc26dd0d5f7d97098a6c","hash":"0d487374bc1f5d29e4883266bb9de4614a7ab614"}
,"/Users/derekrush/sites/homefilming/client/components/layouts/headers/private_header.jsx": {"path":"/Users/derekrush/sites/homefilming/client/components/layouts/headers/private_header.jsx","statementMap":{"0":{"start":{"line":12,"column":19},"end":{"line":13,"column":76}},"1":{"start":{"line":15,"column":19},"end":{"line":16,"column":76}},"2":{"start":{"line":25,"column":4},"end":{"line":25,"column":11}},"3":{"start":{"line":27,"column":4},"end":{"line":27,"column":50}},"4":{"start":{"line":28,"column":4},"end":{"line":28,"column":54}},"5":{"start":{"line":33,"column":4},"end":{"line":33,"column":68}},"6":{"start":{"line":33,"column":29},"end":{"line":33,"column":66}},"7":{"start":{"line":34,"column":4},"end":{"line":34,"column":68}},"8":{"start":{"line":34,"column":29},"end":{"line":34,"column":66}},"9":{"start":{"line":38,"column":18},"end":{"line":43,"column":5}},"10":{"start":{"line":39,"column":6},"end":{"line":42,"column":18}},"11":{"start":{"line":44,"column":4},"end":{"line":44,"column":16}},"12":{"start":{"line":48,"column":21},"end":{"line":50,"column":6}},"13":{"start":{"line":51,"column":21},"end":{"line":51,"column":29}},"14":{"start":{"line":52,"column":4},"end":{"line":52,"column":33}},"15":{"start":{"line":54,"column":6},"end":{"line":54,"column":46}},"16":{"start":{"line":59,"column":4},"end":{"line":59,"column":22}},"17":{"start":{"line":60,"column":4},"end":{"line":60,"column":23}},"18":{"start":{"line":61,"column":4},"end":{"line":61,"column":25}},"19":{"start":{"line":65,"column":4},"end":{"line":65,"column":38}},"20":{"start":{"line":66,"column":4},"end":{"line":110,"column":5}}},"fnMap":{"0":{"name":"(anonymous_0)","decl":{"start":{"line":24,"column":2},"end":{"line":24,"column":3}},"loc":{"start":{"line":24,"column":15},"end":{"line":30,"column":3}},"line":24},"1":{"name":"(anonymous_1)","decl":{"start":{"line":32,"column":2},"end":{"line":32,"column":3}},"loc":{"start":{"line":32,"column":23},"end":{"line":35,"column":3}},"line":32},"2":{"name":"(anonymous_2)","decl":{"start":{"line":37,"column":2},"end":{"line":37,"column":3}},"loc":{"start":{"line":37,"column":25},"end":{"line":45,"column":3}},"line":37},"3":{"name":"(anonymous_3)","decl":{"start":{"line":38,"column":31},"end":{"line":38,"column":32}},"loc":{"start":{"line":39,"column":6},"end":{"line":42,"column":18}},"line":39},"4":{"name":"(anonymous_4)","decl":{"start":{"line":47,"column":2},"end":{"line":47,"column":3}},"loc":{"start":{"line":47,"column":24},"end":{"line":56,"column":3}},"line":47},"5":{"name":"(anonymous_5)","decl":{"start":{"line":58,"column":2},"end":{"line":58,"column":3}},"loc":{"start":{"line":58,"column":18},"end":{"line":62,"column":3}},"line":58},"6":{"name":"(anonymous_6)","decl":{"start":{"line":64,"column":2},"end":{"line":64,"column":3}},"loc":{"start":{"line":64,"column":10},"end":{"line":111,"column":3}},"line":64}},"branchMap":{"0":{"loc":{"start":{"line":33,"column":4},"end":{"line":33,"column":68}},"type"
[...]
"_interopRequireDefault","decl":{"start":{"line":1,"column":278},"end":{"line":1,"column":300}},"loc":{"start":{"line":1,"column":306},"end":{"line":1,"column":362}},"line":1},"1":{"name":"(anonymous_1)","decl":{"start":{"line":10,"column":18},"end":{"line":10,"column":19}},"loc":{"start":{"line":10,"column":30},"end":{"line":30,"column":169}},"line":10},"2":{"name":"_callee","decl":{"start":{"line":10,"column":110},"end":{"line":10,"column":117}},"loc":{"start":{"line":10,"column":125},"end":{"line":30,"column":95}},"line":10},"3":{"name":"_callee$","decl":{"start":{"line":10,"column":284},"end":{"line":10,"column":292}},"loc":{"start":{"line":10,"column":303},"end":{"line":30,"column":72}},"line":10},"4":{"name":"createOrder","decl":{"start":{"line":30,"column":114},"end":{"line":30,"column":125}},"loc":{"start":{"line":30,"column":130},"end":{"line":30,"column":167}},"line":30},"5":{"name":"agentOrders","decl":{"start":{"line":33,"column":27},"end":{"line":33,"column":38}},"loc":{"start":{"line":33,"column":45},"end":{"line":42,"column":1}},"line":33},"6":{"name":"(anonymous_6)","decl":{"start":{"line":38,"column":7},"end":{"line":38,"column":8}},"loc":{"start":{"line":38,"column":22},"end":{"line":41,"column":3}},"line":38},"7":{"name":"agentOrder","decl":{"start":{"line":44,"column":26},"end":{"line":44,"column":36}},"loc":{"start":{"line":44,"column":49},"end":{"line":61,"column":1}},"line":44},"8":{"name":"(anonymous_8)","decl":{"start":{"line":49,"column":9},"end":{"line":49,"column":10}},"loc":{"start":{"line":49,"column":24},"end":{"line":51,"column":5}},"line":49},"9":{"name":"(anonymous_9)","decl":{"start":{"line":57,"column":9},"end":{"line":57,"column":10}},"loc":{"start":{"line":57,"column":24},"end":{"line":59,"column":5}},"line":57},"10":{"name":"(anonymous_10)","decl":{"start":{"line":63,"column":19},"end":{"line":63,"column":20}},"loc":{"start":{"line":63,"column":31},"end":{"line":98,"column":168}},"line":63},"11":{"name":"_callee2","decl":{"start":{"line":63,"column":112},"end":{"line":63,"column":120}},"loc":{"start":{"line":63,"column":134},"end":{"line":98,"column":91}},"line":63},"12":{"name":"_callee2$","decl":{"start":{"line":63,"column":197},"end":{"line":63,"column":206}},"loc":{"start":{"line":63,"column":218},"end":{"line":98,"column":67}},"line":63},"13":{"name":"(anonymous_13)","decl":{"start":{"line":65,"column":19},"end":{"line":65,"column":20}},"loc":{"start":{"line":65,"column":34},"end":{"line":65,"column":47}},"line":65},"14":{"name":"(anonymous_14)","decl":{"start":{"line":79,"column":21},"end":{"line":79,"column":22}},"loc":{"start":{"line":79,"column":42},"end":{"line":97,"column":15}},"line":79},"15":{"name":"(anonymous_15)","decl":{"start":{"line":81,"column":28},"end":{"line":81,"column":29}},"loc":{"start":{"line":81,"column":45},"end":{"line":94,"column":17}},"line":81},"16":{"name":"(anonymous_16)","decl":{"start":{"line":84,"column":32},"end":{"line":84,"column":33}},"loc":{"start":{"line":84,"column":52},"end":{"line":91,"column":19}},"line":84},"17":{"name":"openMissions","decl":{"start":{"line":98,"column":110},"end":{"line":98,"column":122}},"loc":{"start":{"line":98,"column":128},"end":{"line":98,"column":166}},"line":98}},"branchMap":{"0":{"loc":{"start":{"line":1,"column":314},"end":{"line":1,"column":360}},"type":"cond-expr","locations":[{"start":{"line":1,"column":338},"end":{"line":1,"column":341}},{"start":{"line":1,"column":344},"end":{"line":1,"column":360}}],"line":1},"1":{"loc":{"start":{"line":1,"column":314},"end":{"line":1,"column":335}},"type":"binary-expr","locations":[{"start":{"line":1,"column":314},"end":{"line":1,"column":317}},{"start":{"line":1,"column":321},"end":{"line":1,"column":335}}],"line":1},"2":{"loc":{"start":{"line":10,"column":315},"end":{"line":30,"column":70}},"type":"switch","locations":[{"start":{"line":10,"column":355},"end":{"line":16,"column":43}},{"start":{"line":16,"column":43},"end":{"line":25,"column":39}},{"start":{"line":25,"column":39},"end":{"line":25,"column":102}},{"start":{"line":25,"column":102},"end":{"line":28,"column":29}},{"start":{"line":28,"column":29},"end":{"line":30,"column":27}},{"start":{"line":30,"column":27},"end":{"line":30,"column":35}},{"start":{"line":30,"column":35},"end":{"line":30,"column":69}}],"line":10},"3":{"loc":{"start":{"line":16,"column":73},"end":{"line":19,"column":76}},"type":"if","locations":[{"start":{"line":16,"column":73},"end":{"line":19,"column":76}},{"start":{"line":16,"column":73},"end":{"line":19,"column":76}}],"line":16},"4":{"loc":{"start":{"line":45,"column":2},"end":{"line":60,"column":3}},"type":"if","locations":[{"start":{"line":45,"column":2},"end":{"line":60,"column":3}},{"start":{"line":45,"column":2},"end":{"line":60,"column":3}}],"line":45},"5":{"loc":{"start":{"line":63,"column":230},"end":{"line":98,"column":65}},"type":"switch","locations":[{"start":{"line":63,"column":272},"end":{"line":65,"column":50}},{"start":{"line":65,"column":50},"end":{"line":97,"column":18}},{"start":{"line":97,"column":18},"end":{"line":98,"column":22}},{"start":{"line":98,"column":22},"end":{"line":98,"column":29}},{"start":{"line":98,"column":29},"end":{"line":98,"column":64}}],"line":63},"6":{"loc":{"start":{"line":85,"column":20},"end":{"line":90,"column":21}},"type":"if","locations":[{"start":{"line":85,"column":20},"end":{"line":90,"column":21}},{"start":{"line":85,"column":20},"end":{"line":90,"column":21}}],"line":85}},"s":{"0":0,"1":0,"2":0,"3":0,"4":0,"5":0,"6":0,"7":0,"8":0,"9":0,"10":0,"11":0,"12":0,"13":0,"14":0,"15":0,"16":0,"17":0,"18":0,"19":0,"20":0,"21":0,"22":0,"23":0,"24":0,"25":0,"26":0,"27":0,"28":0,"29":0,"30":0,"31":0,"32":0,"33":0,"34":0,"35":0,"36":0,"37":0,"38":0,"39":0,"40":0,"41":0,"42":0,"43":0,"44":0,"45":0,"46":0,"47":0,"48":0,"49":0,"50":0,"51":0,"52":0,"53":0,"54":0,"55":0,"56":0,"57":0,"58":0,"59":0,"60":0,"61":0,"62":0,"63":0,"64":0,"65":0,"66":0,"67":0,"68":0,"69":0,"70":0,"71":0,"72":0,"73":0,"74":0,"75":0,"76":0,"77":0},"f":{"0":0,"1":0,"2":0,"3":0,"4":0,"5":0,"6":0,"7":0,"8":0,"9":0,"10":0,"11":0,"12":0,"13":0,"14":0,"15":0,"16":0,"17":0},"b":{"0":[0,0],"1":[0,0],"2":[0,0,0,0,0,0,0],"3":[0,0],"4":[0,0],"5":[0,0,0,0,0],"6":[0,0]}}
,"/Users/derekrush/sites/homefilming/server/services/users.js": {"path":"/Users/derekrush/sites/homefilming/server/services/users.js","statementMap":{"0":{"start":{"line":1,"column":32},"end":{"line":1,"column":68}},"1":{"start":{"line":1,"column":89},"end":{"line":1,"column":125}},"2":{"start":{"line":1,"column":151},"end":{"line":1,"column":200}},"3":{"start":{"line":1,"column":226},"end":{"line":1,"column":268}},"4":{"start":{"line":1,"column":307},"end":{"line":1,"column":361}},"5":{"start":{"line":1,"column":373},"end":{"line":1,"column":390}},"6":{"start":{"line":2,"column":8},"end":{"line":2,"column":25}},"7":{"start":{"line":3,"column":13},"end":{"line":3,"column":33}},"8":{"start":{"line":4,"column":9},"end":{"line":4,"column":29}},"9":{"start":{"line":5,"column":13},"end":{"line":5,"column":37}},"10":{"start":{"line":6,"column":13},"end":{"line":6,"column":56}},"11":{"start":{"line":8,"column":18},"end":{"line":12,"column":161}},"12":{"start":{"line":8,"column":42},"end":{"line":12,"column":87}},"13":{"start":{"line":8,"column":140},"end":{"line":12,"column":84}},"14":{"start":{"line":8,"column":203},"end":{"line":12,"column":61}},"15":{"start":{"line":8,"column":214},"end":{"line":12,"column":60}},"16":{"start":{"line":8,"column":261},"end":{"line":8,"column":279}},"17":{"start":{"line":8,"column":279},"end":{"line":11,"column":18}},"18":{"start":{"line":10,"column":16},"end":{"line":10,"column":49}},"19":{"start":{"line":10,"column":35},"end":{"line":10,"column":48}},"20":{"start":{"line":11,"column":25},"end":{"line":11,"column":51}},"21":{"start":{"line":11,"column":51},"end":{"line":12,"column":18}},"22":{"start":{"line":12,"column":36},"end":{"line":12,"column":59}},"23":{"start":{"line":12,"column":88},"end":{"line":12,"column":158}},"24":{"start":{"line":12,"column":121},"end":{"line":12,"column":156}},"25":{"start":{"line":15,"column":27},"end":{"line":21,"column":1}},"26":{"start":{"line":15,"column":77},"end":{"line":15,"column":88}},"27":{"start":{"line":15,"column":103},"end":{"line":15,"column":120}},"28":{"start":{"line":16,"column":2},"end":{"line":19,"column":27}},"29":{"start":{"line":23,"column":18},"end":{"line":32,"column":174}},"30":{"start":{"line":23,"column":43},"end":{"line":32,"column":88}},"31":{"start":{"line":23,"column":158},"end":{"line":23,"column":169}},"32":{"start":{"line":23,"column":177},"end":{"line":23,"column":187}},"33":{"start":{"line":23,"column":199},"end":{"line":23,"column":213}},"34":{"start":{"line":23,"column":258},"end":{"line":32,"column":85}},"35":{"start":{"line":23,"column":323},"end":{"line":32,"column":61}},"36":{"start":{"line":23,"column":334},"end":{"line":32,"column":60}},"37":{"start":{"line":23,"column":383},"end":{"line":24,"column":83}},"38":{"start":{"line":24,"column":56},"end":{"line":24,"column":76}},"39":{"start":{"line":24,"column":76},"end":{"line":24,"column":82}},"40":{"start":{"line":25,"column":12},"end":{"line":25,"column":45}},"41":{"start":{"line":25,"column":45},"end":{"line":25,"column":64}},"42":{"start":{"line":25,"column":64},"end":{"line":26,"column":90}},"43":{"start":{"line":26,"column":97},"end":{"line":26,"column":125}},"44":{"start":{"line":26,"column":125},"end":{"line":26,"column":144}},"45":{"start":{"line":26,"column":144},"end":{"line":27,"column":126}},"46":{"start":{"line":27,"column":133},"end":{"line":27,"column":155}},"47":{"start":{"line":27,"column":155},"end":{"line":27,"column":175}},"48":{"start":{"line":27,"column":175},"end":{"line":28,"column":79}},"49":{"start":{"line":28,"column":87},"end":{"line":28,"column":114}},"50":{"start":{"line":28,"column":114},"end":{"line":32,"column":16}},"51":{"start":{"line":30,"column":31},"end":{"line":30,"column":124}},"52":{"start":{"line":31,"column":14},"end":{"line":31,"column":125}},"53":{"start":{"line":32,"column":35},"end":{"line":32,"column":59}},"54":{"start":{"line":32,"column":89},"end":{"line":32,"column":171}},"55":{"start":{"line":32,"column":133},"end":{"line":32,"column":169}},"56":{"start":{"line":36,"column":18},"end":{"line":45,"column":169}},"57":{"start":{"line":36,"column":43},"end":{"line":45,"column":88}},"58":{"start":{"line":36,"column":145},"end":{"line":36,"column":156}},"59":{"start":{"line":36,"column":164},"end":{"line":36,"column":174}},"60":{"start":{"line":36,"column":186},"end":{"line":36,"column":200}},"61":{"start":{"line":36,"column":245},"end":{"line":45,"column":85}},"62":{"start":{"line":36,"column":310},"end":{"line":45,"column":61}},"63":{"start":{"line":36,"column":321},"end":{"line":45,"column":60}},"64":{"start":{"line":36,"column":370},"end":{"line":37,"column":83}},"65":{"start":{"line":37,"column":56},"end":{"line":37,"column":76}},"66":{"start":{"line":37,"column":76},"end":{"line":37,"column":82}},"67":{"start":{"line":38,"column":12},"end":{"line":38,"column":45}},"68":{"start":{"line":38,"column":45},"end":{"line":38,"column":64}},"69":{"start":{"line":38,"column":64},"end":{"line":39,"column":90}},"70":{"start":{"line":39,"column":97},"end":{"line":39,"column":125}},"71":{"start":{"line":39,"column":125},"end":{"line":39,"column":144}},"72":{"start":{"line":39,"column":144},"end":{"line":40,"column":126}},"73":{"start":{"line":40,"column":133},"end":{"line":40,"column":155}},"74":{"start":{"line":40,"column":155},"end":{"line":40,"column":175}},"75":{"start":{"line":40,"column":175},"end":{"line":41,"column":79}},"76":{"start":{"line":41,"column":87},"end":{"line":41,"column":114}},"77":{"start":{"line":41,"column":114},"end":{"line":45,"column":16}},"78":{"start":{"line":43,"column":31},"end":{"line":43,"column":124}},"79":{"start":{"line":44,"column":14},"end":{"line":44,"column":125}},"80":{"start":{"line":45,"column":35},"end":{"line":45,"column":59}},"81":{"start":{"line":45,"column":89},"end":{"line":45,"column":166}},"82":{"start":{"line":45,"column":128},"end":{"line":45,"column":164}},"83":{"start":{"line":50,"column":0},"end":{"line":50,"column":46}}},"fnMap":{"0":{"name":"_interopRequireDefault","decl":{"start":{"line":1,"column":278},"end":{"line":1,"column":300}},"loc":{"start":{"line":1,"column":306},"end":{"line":1,"column":362}},"line":1},"1":{"name":"(anonymous_1)","decl":{"start":{"line":8,"column":18},"end":{"line":8,"column":19}},"loc":{"start":{"line":8,"column":30},"end":{"line":12,"column":159}},"line":8},"2":{"name":"_callee","decl":{"start":{"line":8,"column":110},"end":{"line":8,"column":117}},"loc":{"start":{"line":8,"column":125},"end":{"line":12,"column":85}},"line":8},"3":{"name":"_callee$","decl":{"start":{"line":8,"column":183},"end":{"line":8,"column":191}},"loc":{"start":{"line":8,"column":202},"end":{"line":12,"column":62}},"line":8},"4":{"name":"(anonymous_4)","decl":{"start":{"line":9,"column":63},"end":{"line":9,"column":64}},"loc":{"start":{"line":9,"column":87},"end":{"line":11,"column":15}},"line":9},"5":{"name":"uniqueEmail","decl":{"start":{"line":12,"column":104},"end":{"line":12,"column":115}},"loc":{"start":{"line":12,"column":120},"end":{"line":12,"column":157}},"line":12},"6":{"name":"CreateStripeCustomer","decl":{"start":{"line":15,"column":36},"end":{"line":15,"column":56}},"loc":{"start":{"line":15,"column":64},"end":{"line":21,"column":1}},"line":15},"7":{"name":"(anonymous_7)","decl":{"start":{"line":23,"column":18},"end":{"line":23,"column":19}},"loc":{"start":{"line":23,"column":30},"end":{"line":32,"column":172}},"line":23},"8":{"name":"_callee2","decl":{"start":{"line":23,"column":111},"end":{"line":23,"column":119}},"loc":{"start":{"line":23,"column":145},"end":{"line":32,"column":86}},"line":23},"9":{"name":"_callee2$","decl":{"start":{"line":23,"column":301},"end":{"line":23,"column":310}},"loc":{"start":{"line":23,"column":322},"end":{"line":32,"column":62}},"line":23},"10":{"name":"(anonymous_10)","decl":{"start":{"line":29,"column":24},"end":{"line":29,"column":25}},"loc":{"start":{"line":29,"column":51},"end":{"line":32,"column":13}},"line":29},"11":{"name":"createAgent","decl":{"start":{"line":32,"column":105},"end":{"line":32,"column":116}},"loc":{"start":{"line":32,"column":132},"end":{"line":32,"column":170}},"line":32},"12":{"name":"(anonymous_12)","decl":{"start":{"line":36,"column":18},"end":{"line":36,"column":19}},"loc":{"start":{"line":36,"column":30},"end":{"line":45,"column":167}},"line":36},"13":{"name":"_callee3","decl":{"start":{"line":36,"column":111},"end":{"line":36,"column":119}},"loc":{"start":{"line":36,"column":132},"end":{"line":45,"column":86}},"line":36},"14":{"name":"_callee3$","decl":{"start":{"line":36,"column":288},"end":{"line":36,"column":297}},"loc":{"start":{"line":36,"column":309},"end":{"line":45,"column":62}},"line":36},"15":{"name":"(anonymous_15)","decl":{"start":{"line":42,"column":24},"end":{"line":42,"column":25}},"loc":{"start":{"line":42,"column":51},"end":{"line":45,"column":13}},"line":42},"16":{"name":"createPilot","decl":{"start":{"line":45,"column":105},"end":{"line":45,"column":116}},"loc":{"start":{"line":45,"column":127},"end":{"line":45,"column":165}},"line":45}},"branchMap":{"0":{"loc":{"start":{"line":1,"column":314},"end":{"line":1,"column":360}},"type":"cond-expr","locations":[{"start":{"line":1,"column":338},"end":{"line":1,"column":341}},{"start":{"line":1,"column":344},"end":{"line":1,"column":360}}],"line":1},"1":{"loc":{"start":{"line":1,"column":314},"end":{"line":1,"column":335}},"type":"binary-expr","locations":[{"start":{"line":1,"column":314},"end":{"line":1,"column":317}},{"start":{"line":1,"column":321},"end":{"line":1,"column":335}}],"line":1},"2":{"loc":{"start":{"line":8,"column":214},"end":{"line":12,"column":60}},"type":"switch","locations":[{"start":{"line":8,"column":254},"end":{"line":11,"column":18}},{"start":{"line":11,"column":18},"end":{"line":12,"column":18}},{"start":{"line":12,"column":18},"end":{"line":12,"column":25}},{"start":{"line":12,"column":25},"end":{"line":12,"column":59}}],"line":8},"3":{"loc":{"start":{"line":10,"column":16},"end":{"line":10,"column":49}},"type":"if","locations":[{"start":{"line":10,"column":16},"end":{"line":10,"column":49}},{"start":{"line":10,"column":16},"end":{"line":10,"column":49}}],"line":10},"4":{"loc":{"start":{"line":23,"column":334},"end":{"line":32,"column":60}},"type":"switch","locations":[{"start":{"line":23,"column":376},"end":{"line":26,"column":90}},{"start":{"line":26,"column":90},"end":{"line":27,"column":126}},{"start":{"line":27,"column":126},"end":{"line":28,"column":79}},{"start":{"line":28,"column":79},"end":{"line":32,"column":16}},{"start":{"line":32,"column":16},"end":{"line":32,"column":24}},{"start":{"line":32,"column":24},"end":{"line":32,"column":59}}],"line":23},"5":{"loc":{"start":{"line":23,"column":383},"end":{"line":24,"column":83}},"type":"if","locations":[{"start":{"line":23,"column":383},"end":{"line":24,"column":83}},{"start":{"line":23,"column":383},"end":{"line":24,"column":83}}],"line":23},"6":{"loc":{"start":{"line":24,"column":12},"end":{"line":24,"column":52}},"type":"binary-expr","locations":[{"start":{"line":24,"column":12},"end":{"line":24,"column":17}},{"start":{"line":24,"column":21},"end":{"line":24,"column":25}},{"start":{"line":24,"column":29},"end":{"line":24,"column":37}},{"start":{"line":24,"column":41},"end":{"line":24,"column":52}}],"line":24},"7":{"loc":{"start":{"line":31,"column":14},"end":{"line":31,"column":124}},"type":"cond-expr","locations":[{"start":{"line":31,"column":26},"end":{"line":31,"column":45}},{"start":{"line":31,"column":48},"end":{"line":31,"column":124}}],"line":31},"8":{"loc":{"start":{"line":36,"column":321},"end":{"line":45,"column":60}},"type":"switch","locations":[{"start":{"line":36,"column":363},"end":{"line":39,"column":90}},{"start":{"line":39,"column":90},"end":{"line":40,"column":126}},{"start":{"line":40,"column":126},"end":{"line":41,"column":79}},{"start":{"line":41,"column":79},"end":{"line":45,"column":16}},{"start":{"line":45,"column":16},"end":{"line":45,"column":24}},{"start":{"line":45,"column":24},"end":{"line":45,"column":59}}],"line":36},"9":{"loc":{"start":{"line":36,"column":370},"end":{"line":37,"column":83}},"type":"if","locations":[{"start":{"line":36,"column":370},"end":{"line":37,"column":83}},{"start":{"line":36,"column":370},"end":{"line":37,"column":83}}],"line":36},"10":{"loc":{"start":{"line":37,"column":12},"end":{"line":37,"column":52}},"type":"binary-expr","locations":[{"start":{"line":37,"column":12},"end":{"line":37,"column":17}},{"start":{"line":37,"column":21},"end":{"line":37,"column":25}},{"start":{"line":37,"column":29},"end":{"line":37,"column":37}},{"start":{"line":37,"column":41},"end":{"line":37,"column":52}}],"line":37},"11":{"loc":{"start":{"line":44,"column":14},"end":{"line":44,"column":124}},"type":"cond-expr","locations":[{"start":{"line":44,"column":26},"end":{"line":44,"column":45}},{"start":{"line":44,"column":48},"end":{"line":44,"column":124}}],"line":44}},"s":{"0":0,"1":0,"2":0,"3":0,"4":0,"5":0,"6":0,"7":0,"8":0,"9":0,"10":0,"11":0,"12":0,"13":0,"14":0,"15":0,"16":0,"17":0,"18":0,"19":0,"20":0,"21":0,"22":0,"23":0,"24":0,"25":0,"26":0,"27":0,"28":0,"29":0,"30":0,"31":0,"32":0,"33":0,"34":0,"35":0,"36":0,"37":0,"38":0,"39":0,"40":0,"41":0,"42":0,"43":0,"44":0,"45":0,"46":0,"47":0,"48":0,"49":0,"50":0,"51":0,"52":0,"53":0,"54":0,"55":0,"56":0,"57":0,"58":0,"59":0,"60":0,"61":0,"62":0,"63":0,"64":0,"65":0,"66":0,"67":0,"68":0,"69":0,"70":0,"71":0,"72":0,"73":0,"74":0,"75":0,"76":0,"77":0,"78":0,"79":0,"80":0,"81":0,"82":0,"83":0},"f":{"0":0,"1":0,"2":0,"3":0,"4":0,"5":0,"6":0,"7":0,"8":0,"9":0,"10":0,"11":0,"12":0,"13":0,"14":0,"15":0,"16":0},"b":{"0":[0,0],"1":[0,0],"2":[0,0,0,0],"3":[0,0],"4":[0,0,0,0,0,0],"5":[0,0],"6":[0,0,0,0],"7":[0,0],"8":[0,0,0,0,0,0],"9":[0,0],"10":[0,0,0,0],"11":[0,0]}}
}
