TN:
SF:/Users/derekrush/sites/homefilming/api/config.js
FNF:0
FNH:0
DA:1,3
LF:1
LH:1
BRF:0
BRH:0
end_of_record
TN:
SF:/Users/derekrush/sites/homefilming/api/graphql/resolvers.js
FNF:0
FNH:0
DA:2,3
DA:4,3
DA:5,3
DA:6,3
DA:8,3
DA:28,3
LF:6
LH:6
BRF:0
BRH:0
end_of_record
TN:
SF:/Users/derekrush/sites/homefilming/api/graphql/schema.js
FNF:0
FNH:0
DA:1,3
DA:2,3
DA:3,3
DA:4,3
DA:5,3
DA:9,3
DA:18,3
DA:32,3
DA:39,3
DA:51,3
LF:10
LH:10
BRF:0
BRH:0
end_of_record
TN:
SF:/Users/derekrush/sites/homefilming/api/graphql/resolvers/addresses.js
FNF:0
FNH:0
DA:5,3
LF:1
LH:1
BRF:0
BRH:0
end_of_record
TN:
SF:/Users/derekrush/sites/homefilming/api/graphql/resolvers/auth.js
FN:4,(anonymous_0)
FN:10,(anonymous_1)
FNF:2
FNH:0
FNDA:0,(anonymous_0)
FNDA:0,(anonymous_1)
DA:1,3
DA:2,3
DA:4,3
DA:5,0
DA:6,0
DA:10,3
DA:11,0
DA:13,0
DA:16,3
LF:9
LH:5
BRDA:5,0,0,0
BRDA:5,0,1,0
BRF:2
BRH:0
end_of_record
TN:
SF:/Users/derekrush/sites/homefilming/api/graphql/resolvers/orders.js
FN:5,(anonymous_0)
FN:9,(anonymous_1)
FN:13,(anonymous_2)
FN:24,(anonymous_3)
FNF:4
FNH:0
FNDA:0,(anonymous_0)
FNDA:0,(anonymous_1)
FNDA:0,(anonymous_2)
FNDA:0,(anonymous_3)
DA:1,3
DA:2,3
DA:3,3
DA:5,3
DA:6,0
DA:9,3
DA:10,0
DA:13,3
DA:14,0
DA:15,0
DA:16,0
DA:17,0
DA:18,0
DA:20,0
DA:24,3
DA:25,0
DA:26,0
DA:29,3
LF:18
LH:8
BRF:0
BRH:0
end_of_record
TN:
SF:/Users/derekrush/sites/homefilming/api/graphql/resolvers/users.js
FN:7,(anonymous_0)
FN:16,(anonymous_1)
FN:27,(anonymous_2)
FN:36,(anonymous_3)
FN:44,(anonymous_4)
FN:57,(anonymous_5)
FNF:6
FNH:6
FNDA:4,(anonymous_0)
FNDA:1,(anonymous_1)
FNDA:1,(anonymous_2)
FNDA:1,(anonymous_3)
FNDA:1,(anonymous_4)
FNDA:7,(anonymous_5)
DA:2,3
DA:3,3
DA:4,3
DA:5,3
DA:7,3
DA:8,4
DA:9,4
DA:10,4
DA:11,4
DA:12,4
DA:13,4
DA:16,3
DA:17,1
DA:18,1
DA:19,1
DA:20,1
DA:21,1
DA:22,1
DA:23,1
DA:24,1
DA:27,3
DA:28,1
DA:29,1
DA:30,1
DA:31,1
DA:32,1
DA:33,1
DA:36,3
DA:37,1
DA:38,1
DA:39,1
DA:40,1
DA:41,1
DA:44,3
DA:45,1
DA:46,1
DA:47,0
DA:48,0
DA:50,1
DA:51,1
DA:52,1
DA:53,1
DA:54,1
DA:57,3
DA:58,7
DA:59,7
DA:60,7
DA:64,3
LF:48
LH:46
BRDA:46,0,0,0
BRDA:46,0,1,1
BRF:2
BRH:1
end_of_record
TN:
SF:/Users/derekrush/sites/homefilming/api/graphql/types/address.js
FNF:0
FNH:0
DA:1,3
DA:59,3
LF:2
LH:2
BRF:0
BRH:0
end_of_record
TN:
SF:/Users/derekrush/sites/homefilming/api/graphql/types/order.js
FNF:0
FNH:0
DA:1,3
DA:2,3
DA:3,3
DA:5,3
DA:50,3
LF:5
LH:5
BRF:0
BRH:0
end_of_record
TN:
SF:/Users/derekrush/sites/homefilming/api/graphql/types/plan.js
FNF:0
FNH:0
DA:1,3
DA:17,3
LF:2
LH:2
BRF:0
BRH:0
end_of_record
TN:
SF:/Users/derekrush/sites/homefilming/api/graphql/types/user.js
FNF:0
FNH:0
DA:1,3
DA:109,3
LF:2
LH:2
BRF:0
BRH:0
end_of_record
TN:
SF:/Users/derekrush/sites/homefilming/api/models/address.js
FN:2,(anonymous_0)
FNF:1
FNH:1
FNDA:3,(anonymous_0)
DA:2,3
DA:3,3
DA:17,3
DA:18,3
DA:22,3
LF:5
LH:5
BRF:0
BRH:0
end_of_record
TN:
SF:/Users/derekrush/sites/homefilming/api/models/asset.js
FN:2,(anonymous_0)
FNF:1
FNH:1
FNDA:3,(anonymous_0)
DA:2,3
DA:3,3
DA:15,3
DA:20,3
DA:25,3
DA:33,3
LF:6
LH:6
BRF:0
BRH:0
end_of_record
TN:
SF:/Users/derekrush/sites/homefilming/api/models/company.js
FN:2,(anonymous_0)
FNF:1
FNH:1
FNDA:3,(anonymous_0)
DA:2,3
DA:3,3
DA:13,3
DA:14,3
DA:24,3
LF:5
LH:5
BRF:0
BRH:0
end_of_record
TN:
SF:/Users/derekrush/sites/homefilming/api/models/contact.js
FN:2,(anonymous_0)
FNF:1
FNH:1
FNDA:3,(anonymous_0)
DA:2,3
DA:3,3
DA:11,3
DA:12,3
DA:16,3
LF:5
LH:5
BRF:0
BRH:0
end_of_record
TN:
SF:/Users/derekrush/sites/homefilming/api/models/index.js
FN:18,(anonymous_0)
FN:21,(anonymous_1)
FN:26,(anonymous_2)
FNF:3
FNH:3
FNDA:33,(anonymous_0)
FNDA:30,(anonymous_1)
FNDA:30,(anonymous_2)
DA:2,3
DA:3,3
DA:4,3
DA:5,3
DA:6,3
DA:7,3
DA:8,3
DA:10,3
DA:11,0
DA:13,3
DA:16,3
DA:19,33
DA:22,30
DA:23,30
DA:26,3
DA:27,30
DA:28,27
DA:32,3
DA:33,3
DA:35,3
LF:20
LH:19
BRDA:6,0,0,3
BRDA:6,0,1,0
BRDA:10,1,0,0
BRDA:10,1,1,3
BRDA:19,2,0,33
BRDA:19,2,1,33
BRDA:19,2,2,30
BRDA:27,3,0,27
BRDA:27,3,1,3
BRF:9
BRH:7
end_of_record
TN:
SF:/Users/derekrush/sites/homefilming/api/models/invitation.js
FN:2,(anonymous_0)
FNF:1
FNH:1
FNDA:3,(anonymous_0)
DA:2,3
DA:3,3
DA:10,3
DA:14,3
LF:4
LH:4
BRF:0
BRH:0
end_of_record
TN:
SF:/Users/derekrush/sites/homefilming/api/models/note.js
FN:2,(anonymous_0)
FNF:1
FNH:1
FNDA:3,(anonymous_0)
DA:2,3
DA:3,3
DA:9,3
DA:10,3
DA:11,3
DA:15,3
LF:6
LH:6
BRF:0
BRH:0
end_of_record
TN:
SF:/Users/derekrush/sites/homefilming/api/models/notification.js
FN:2,(anonymous_0)
FNF:1
FNH:1
FNDA:3,(anonymous_0)
DA:2,3
DA:3,3
DA:11,3
DA:15,3
LF:4
LH:4
BRF:0
BRH:0
end_of_record
TN:
SF:/Users/derekrush/sites/homefilming/api/models/order.js
FN:2,(anonymous_0)
FNF:1
FNH:1
FNDA:3,(anonymous_0)
DA:2,3
DA:3,3
DA:24,3
DA:25,3
DA:28,3
DA:38,3
LF:6
LH:6
BRF:0
BRH:0
end_of_record
TN:
SF:/Users/derekrush/sites/homefilming/api/models/rating.js
FN:2,(anonymous_0)
FNF:1
FNH:1
FNDA:3,(anonymous_0)
DA:2,3
DA:3,3
DA:15,3
LF:3
LH:3
BRF:0
BRH:0
end_of_record
TN:
SF:/Users/derekrush/sites/homefilming/api/models/user.js
FN:5,(anonymous_0)
FN:64,(anonymous_1)
FN:74,(anonymous_2)
FN:75,(anonymous_3)
FN:79,(anonymous_4)
FN:81,(anonymous_5)
FNF:6
FNH:6
FNDA:3,(anonymous_0)
FNDA:7,(anonymous_1)
FNDA:7,(anonymous_2)
FNDA:7,(anonymous_3)
FNDA:1,(anonymous_4)
FNDA:1,(anonymous_5)
DA:3,3
DA:5,3
DA:6,3
DA:35,3
DA:38,3
DA:43,3
DA:46,3
DA:49,3
DA:52,3
DA:64,7
DA:65,7
DA:66,0
DA:68,7
DA:75,7
DA:76,7
DA:80,1
DA:81,1
DA:82,1
DA:88,3
LF:19
LH:18
BRDA:65,0,0,0
BRDA:65,0,1,7
BRDA:80,1,0,1
BRDA:80,1,1,0
BRF:4
BRH:2
end_of_record
TN:
SF:/Users/derekrush/sites/homefilming/api/services/addresses.js
FN:7,validateAddressInput
FN:11,(anonymous_1)
FN:26,createAddress
FN:31,destroyAddress
FN:33,(anonymous_4)
FNF:5
FNH:2
FNDA:1,validateAddressInput
FNDA:6,(anonymous_1)
FNDA:0,createAddress
FNDA:0,destroyAddress
FNDA:0,(anonymous_4)
DA:1,3
DA:2,3
DA:3,3
DA:4,3
DA:5,3
DA:8,1
DA:10,1
DA:11,1
DA:12,6
DA:13,0
DA:21,0
DA:23,1
DA:27,0
DA:28,0
DA:32,0
DA:34,0
DA:39,3
LF:17
LH:11
BRDA:12,0,0,0
BRDA:12,0,1,6
BRF:2
BRH:1
end_of_record
TN:
SF:/Users/derekrush/sites/homefilming/api/services/auth.js
FN:12,(anonymous_0)
FN:13,(anonymous_1)
FN:20,createToken
FN:30,login
FN:32,(anonymous_4)
FN:33,(anonymous_5)
FN:34,(anonymous_6)
FN:41,(anonymous_7)
FNF:8
FNH:8
FNDA:7,(anonymous_0)
FNDA:7,(anonymous_1)
FNDA:7,createToken
FNDA:7,login
FNDA:7,(anonymous_4)
FNDA:7,(anonymous_5)
FNDA:7,(anonymous_6)
FNDA:7,(anonymous_7)
DA:1,3
DA:2,3
DA:3,3
DA:4,3
DA:5,3
DA:6,3
DA:7,3
DA:8,3
DA:9,3
DA:10,3
DA:12,3
DA:13,7
DA:14,7
DA:15,7
DA:16,7
DA:21,7
DA:31,7
DA:32,7
DA:33,7
DA:34,7
DA:35,7
DA:36,7
DA:37,7
DA:40,7
DA:41,7
DA:43,0
DA:51,3
LF:27
LH:26
BRDA:14,0,0,0
BRDA:14,0,1,7
BRDA:16,1,0,7
BRDA:16,1,1,0
BRDA:36,2,0,7
BRDA:36,2,1,0
BRDA:36,3,0,7
BRDA:36,3,1,7
BRF:8
BRH:5
end_of_record
TN:
SF:/Users/derekrush/sites/homefilming/api/services/orders.js
FN:10,(anonymous_0)
FN:33,(anonymous_1)
FN:38,(anonymous_2)
FN:43,(anonymous_3)
FN:48,(anonymous_4)
FN:56,(anonymous_5)
FN:62,(anonymous_6)
FN:79,(anonymous_7)
FN:81,(anonymous_8)
FN:84,(anonymous_9)
FNF:10
FNH:0
FNDA:0,(anonymous_0)
FNDA:0,(anonymous_1)
FNDA:0,(anonymous_2)
FNDA:0,(anonymous_3)
FNDA:0,(anonymous_4)
FNDA:0,(anonymous_5)
FNDA:0,(anonymous_6)
FNDA:0,(anonymous_7)
FNDA:0,(anonymous_8)
FNDA:0,(anonymous_9)
DA:1,3
DA:2,3
DA:3,3
DA:4,3
DA:5,3
DA:6,3
DA:7,3
DA:8,3
DA:10,3
DA:12,0
DA:19,0
DA:20,0
DA:28,0
DA:30,0
DA:33,3
DA:34,0
DA:39,0
DA:43,3
DA:44,0
DA:45,0
DA:49,0
DA:52,0
DA:57,0
DA:62,3
DA:63,0
DA:64,0
DA:80,0
DA:81,0
DA:82,0
DA:83,0
DA:84,0
DA:85,0
DA:86,0
DA:87,0
DA:89,0
DA:92,0
DA:93,0
DA:95,0
DA:97,0
DA:100,3
LF:40
LH:13
BRDA:19,0,0,0
BRDA:19,0,1,0
BRDA:44,1,0,0
BRDA:44,1,1,0
BRDA:62,2,0,0
BRDA:76,3,0,0
BRDA:76,3,1,0
BRDA:76,4,0,0
BRDA:76,4,1,0
BRDA:85,5,0,0
BRDA:85,5,1,0
BRF:11
BRH:0
end_of_record
TN:
SF:/Users/derekrush/sites/homefilming/api/services/users.js
FN:10,CreateUser
FN:14,(anonymous_1)
FN:20,UpdateUser
FN:35,(anonymous_3)
FN:43,DestroyUser
FN:60,uniqueEmail
FN:63,(anonymous_6)
FN:78,(anonymous_7)
FN:83,(anonymous_8)
FN:89,validateUserInput
FN:113,(anonymous_10)
FN:121,(anonymous_11)
FN:132,(anonymous_12)
FN:147,(anonymous_13)
FN:151,(anonymous_14)
FN:153,(anonymous_15)
FNF:16
FNH:12
FNDA:7,CreateUser
FNDA:7,(anonymous_1)
FNDA:1,UpdateUser
FNDA:10,(anonymous_3)
FNDA:7,DestroyUser
FNDA:7,uniqueEmail
FNDA:7,(anonymous_6)
FNDA:6,(anonymous_7)
FNDA:6,(anonymous_8)
FNDA:8,validateUserInput
FNDA:31,(anonymous_10)
FNDA:68,(anonymous_11)
FNDA:0,(anonymous_12)
FNDA:0,(anonymous_13)
FNDA:0,(anonymous_14)
FNDA:0,(anonymous_15)
DA:1,3
DA:2,3
DA:3,3
DA:4,3
DA:5,3
DA:6,3
DA:7,3
DA:8,3
DA:11,7
DA:12,7
DA:13,7
DA:14,7
DA:15,7
DA:16,7
DA:21,1
DA:22,1
DA:23,0
DA:30,0
DA:35,1
DA:36,10
DA:37,1
DA:38,1
DA:39,1
DA:40,1
DA:44,7
DA:45,7
DA:46,0
DA:53,1
DA:55,6
DA:57,6
DA:61,7
DA:62,7
DA:63,7
DA:64,7
DA:65,0
DA:73,0
DA:75,7
DA:78,3
DA:79,6
DA:84,6
DA:86,6
DA:90,8
DA:91,8
DA:92,8
DA:94,5
DA:95,5
DA:96,5
DA:98,1
DA:99,1
DA:101,1
DA:103,1
DA:104,1
DA:105,1
DA:107,1
DA:108,1
DA:109,1
DA:112,8
DA:113,8
DA:114,31
DA:115,0
DA:121,8
DA:122,68
DA:126,0
DA:128,8
DA:129,8
DA:132,3
DA:133,0
DA:134,0
DA:135,0
DA:142,0
DA:144,0
DA:147,3
DA:148,0
DA:151,3
DA:152,0
DA:153,0
DA:156,3
LF:77
LH:62
BRDA:11,0,0,1
BRDA:11,0,1,6
BRDA:16,1,0,7
BRDA:16,1,1,0
BRDA:22,2,0,0
BRDA:22,2,1,1
BRDA:22,3,0,1
BRDA:22,3,1,1
BRDA:36,4,0,10
BRDA:36,4,1,7
BRDA:45,5,0,0
BRDA:45,5,1,6
BRDA:45,6,0,7
BRDA:45,6,1,7
BRDA:64,7,0,0
BRDA:64,7,1,7
BRDA:92,8,0,5
BRDA:92,8,1,1
BRDA:92,8,2,1
BRDA:92,8,3,1
BRDA:94,9,0,4
BRDA:94,9,1,1
BRDA:114,10,0,0
BRDA:114,10,1,31
BRDA:134,11,0,0
BRDA:134,11,1,0
BRDA:151,12,0,0
BRF:27
BRH:19
end_of_record
TN:
SF:/Users/derekrush/sites/homefilming/api/utils/helpers.js
FN:3,(anonymous_0)
FNF:1
FNH:1
FNDA:8,(anonymous_0)
DA:1,3
DA:3,3
DA:4,8
DA:5,8
DA:6,0
DA:13,0
DA:15,8
DA:18,3
LF:8
LH:6
BRDA:5,0,0,0
BRDA:5,0,1,8
BRF:2
BRH:1
end_of_record
TN:
SF:/Users/derekrush/sites/homefilming/utils/appErrors.js
FN:3,createAppError
FN:7,AppError
FNF:2
FNH:0
FNDA:0,createAppError
FNDA:0,AppError
DA:1,3
DA:4,0
DA:8,0
DA:10,0
DA:11,0
DA:12,0
DA:13,0
DA:14,0
DA:15,0
DA:17,0
DA:19,0
DA:22,3
DA:24,3
LF:13
LH:3
BRDA:8,0,0,0
BRDA:8,0,1,0
BRDA:11,1,0,0
BRDA:11,1,1,0
BRDA:12,2,0,0
BRDA:12,2,1,0
BRDA:13,3,0,0
BRDA:13,3,1,0
BRDA:14,4,0,0
BRDA:14,4,1,0
BRDA:15,5,0,0
BRDA:15,5,1,0
BRF:12
BRH:0
end_of_record
