TN:
SF:/Users/derekrush/sites/homefilming/client/components/agent/mainOrder.jsx
FN:20,(anonymous_0)
FN:50,(anonymous_1)
FN:54,(anonymous_2)
FN:59,(anonymous_3)
FN:60,(anonymous_4)
FN:65,(anonymous_5)
FN:74,(anonymous_6)
FN:75,(anonymous_7)
FN:80,(anonymous_8)
FN:88,(anonymous_9)
FN:89,(anonymous_10)
FN:94,(anonymous_11)
FN:103,(anonymous_12)
FN:109,(anonymous_13)
FN:119,(anonymous_14)
FN:145,(anonymous_15)
FN:149,(anonymous_16)
FN:154,(anonymous_17)
FN:162,(anonymous_18)
FN:166,(anonymous_19)
FN:170,(anonymous_20)
FNF:21
FNH:0
FNDA:0,(anonymous_0)
FNDA:0,(anonymous_1)
FNDA:0,(anonymous_2)
FNDA:0,(anonymous_3)
FNDA:0,(anonymous_4)
FNDA:0,(anonymous_5)
FNDA:0,(anonymous_6)
FNDA:0,(anonymous_7)
FNDA:0,(anonymous_8)
FNDA:0,(anonymous_9)
FNDA:0,(anonymous_10)
FNDA:0,(anonymous_11)
FNDA:0,(anonymous_12)
FNDA:0,(anonymous_13)
FNDA:0,(anonymous_14)
FNDA:0,(anonymous_15)
FNDA:0,(anonymous_16)
FNDA:0,(anonymous_17)
FNDA:0,(anonymous_18)
FNDA:0,(anonymous_19)
FNDA:0,(anonymous_20)
DA:21,0
DA:22,0
DA:32,0
DA:33,0
DA:34,0
DA:35,0
DA:36,0
DA:37,0
DA:38,0
DA:39,0
DA:40,0
DA:41,0
DA:42,0
DA:43,0
DA:44,0
DA:45,0
DA:46,0
DA:47,0
DA:51,0
DA:52,0
DA:53,0
DA:54,0
DA:55,0
DA:60,0
DA:61,0
DA:66,0
DA:68,0
DA:70,0
DA:75,0
DA:76,0
DA:81,0
DA:82,0
DA:84,0
DA:89,0
DA:90,0
DA:95,0
DA:110,0
DA:111,0
DA:112,0
DA:115,0
DA:120,0
DA:142,0
DA:146,0
DA:150,0
DA:151,0
DA:155,0
DA:156,0
DA:158,0
DA:163,0
DA:167,0
DA:171,0
DA:172,0
DA:217,0
LF:53
LH:0
BRDA:66,0,0,0
BRDA:66,0,1,0
BRDA:66,1,0,0
BRDA:66,1,1,0
BRDA:66,1,2,0
BRDA:66,1,3,0
BRDA:66,1,4,0
BRDA:66,1,5,0
BRDA:81,2,0,0
BRDA:81,2,1,0
BRDA:81,3,0,0
BRDA:81,3,1,0
BRDA:81,3,2,0
BRDA:111,4,0,0
BRDA:111,4,1,0
BRDA:155,5,0,0
BRDA:155,5,1,0
BRDA:171,6,0,0
BRDA:171,6,1,0
BRF:19
BRH:0
end_of_record
TN:
SF:/Users/derekrush/sites/homefilming/client/components/agent/pagePricing.jsx
FN:8,(anonymous_0)
FN:13,(anonymous_1)
FNF:2
FNH:1
FNDA:1,(anonymous_0)
FNDA:0,(anonymous_1)
DA:8,1
DA:9,1
DA:14,0
LF:3
LH:2
BRF:0
BRH:0
end_of_record
TN:
SF:/Users/derekrush/sites/homefilming/client/components/agent/planSummary.jsx
FN:11,(anonymous_0)
FN:13,(anonymous_1)
FN:25,(anonymous_2)
FN:47,(anonymous_3)
FNF:4
FNH:0
FNDA:0,(anonymous_0)
FNDA:0,(anonymous_1)
FNDA:0,(anonymous_2)
FNDA:0,(anonymous_3)
DA:11,1
DA:13,0
DA:14,0
DA:15,0
DA:16,0
DA:17,0
DA:18,0
DA:19,0
DA:21,0
DA:25,0
DA:26,0
DA:27,0
DA:31,0
DA:48,0
LF:14
LH:1
BRDA:14,0,0,0
BRDA:14,0,1,0
BRDA:14,1,0,0
BRDA:14,1,1,0
BRDA:16,2,0,0
BRDA:16,2,1,0
BRDA:16,3,0,0
BRDA:16,3,1,0
BRDA:18,4,0,0
BRDA:18,4,1,0
BRDA:18,5,0,0
BRDA:18,5,1,0
BRDA:26,6,0,0
BRDA:26,6,1,0
BRF:14
BRH:0
end_of_record
TN:
SF:/Users/derekrush/sites/homefilming/client/components/agent/pricingDetails.jsx
FN:10,(anonymous_0)
FN:11,(anonymous_1)
FN:23,(anonymous_2)
FN:40,(anonymous_3)
FNF:4
FNH:4
FNDA:3,(anonymous_0)
FNDA:9,(anonymous_1)
FNDA:3,(anonymous_2)
FNDA:9,(anonymous_3)
DA:10,1
DA:11,3
DA:12,9
DA:13,4
DA:14,5
DA:15,3
DA:16,2
DA:17,1
DA:19,1
DA:23,3
DA:24,3
DA:25,0
DA:29,3
DA:41,9
LF:14
LH:13
BRDA:12,0,0,4
BRDA:12,0,1,5
BRDA:12,1,0,9
BRDA:12,1,1,7
BRDA:14,2,0,3
BRDA:14,2,1,2
BRDA:14,3,0,5
BRDA:14,3,1,3
BRDA:16,4,0,1
BRDA:16,4,1,1
BRDA:16,5,0,2
BRDA:16,5,1,2
BRDA:24,6,0,0
BRDA:24,6,1,3
BRF:14
BRH:13
end_of_record
TN:
SF:/Users/derekrush/sites/homefilming/client/components/agent/pricingList.jsx
FN:13,(anonymous_0)
FN:18,(anonymous_1)
FN:26,(anonymous_2)
FN:27,(anonymous_3)
FN:32,(anonymous_4)
FN:37,(anonymous_5)
FNF:6
FNH:4
FNDA:3,(anonymous_0)
FNDA:1,(anonymous_1)
FNDA:0,(anonymous_2)
FNDA:0,(anonymous_3)
FNDA:1,(anonymous_4)
FNDA:3,(anonymous_5)
DA:11,1
DA:12,1
DA:13,1
DA:14,3
DA:19,1
DA:20,1
DA:23,1
DA:27,0
DA:28,0
DA:33,1
DA:37,3
LF:11
LH:9
BRF:0
BRH:0
end_of_record
TN:
SF:/Users/derekrush/sites/homefilming/client/components/agent/pricingPlan.jsx
FN:11,(anonymous_0)
FN:16,(anonymous_1)
FN:22,(anonymous_2)
FN:30,(anonymous_3)
FNF:4
FNH:3
FNDA:3,(anonymous_0)
FNDA:0,(anonymous_1)
FNDA:3,(anonymous_2)
FNDA:3,(anonymous_3)
DA:12,3
DA:17,0
DA:18,0
DA:23,3
DA:24,2
DA:26,1
DA:31,3
LF:7
LH:5
BRDA:23,0,0,2
BRDA:23,0,1,1
BRF:2
BRH:2
end_of_record
TN:
SF:/Users/derekrush/sites/homefilming/client/components/agent/signup.jsx
FN:15,(anonymous_0)
FN:27,(anonymous_1)
FN:31,(anonymous_2)
FN:32,(anonymous_3)
FN:37,(anonymous_4)
FN:42,(anonymous_5)
FNF:6
FNH:0
FNDA:0,(anonymous_0)
FNDA:0,(anonymous_1)
FNDA:0,(anonymous_2)
FNDA:0,(anonymous_3)
FNDA:0,(anonymous_4)
FNDA:0,(anonymous_5)
DA:16,0
DA:17,0
DA:22,0
DA:23,0
DA:28,0
DA:32,0
DA:33,0
DA:38,0
DA:39,0
DA:43,0
LF:10
LH:0
BRF:0
BRH:0
end_of_record
TN:
SF:/Users/derekrush/sites/homefilming/client/components/agent/styles/order.jsx
FN:2,_interopRequireDefault
FNF:1
FNH:0
FNDA:0,_interopRequireDefault
DA:1,0
DA:2,0
DA:4,0
DA:13,0
DA:21,0
DA:66,0
LF:6
LH:0
BRDA:2,0,0,0
BRDA:2,0,1,0
BRDA:2,1,0,0
BRDA:2,1,1,0
BRF:4
BRH:0
end_of_record
TN:
SF:/Users/derekrush/sites/homefilming/client/components/agent/styles/orderNew.jsx
FNF:0
FNH:0
DA:1,0
DA:2,0
DA:4,0
DA:11,0
LF:4
LH:0
BRF:0
BRH:0
end_of_record
TN:
SF:/Users/derekrush/sites/homefilming/client/components/agent/styles/pricing.jsx
FNF:0
FNH:0
DA:4,1
LF:1
LH:1
BRF:0
BRH:0
end_of_record
TN:
SF:/Users/derekrush/sites/homefilming/client/components/agent/styles/signup.jsx
FNF:0
FNH:0
LF:0
LH:0
BRF:0
BRH:0
end_of_record
TN:
SF:/Users/derekrush/sites/homefilming/client/components/agent/styles/summary.jsx
FNF:0
FNH:0
DA:4,1
LF:1
LH:1
BRF:0
BRH:0
end_of_record
TN:
SF:/Users/derekrush/sites/homefilming/client/components/dashboard/agent_index.jsx
FN:12,(anonymous_0)
FN:16,(anonymous_1)
FNF:2
FNH:0
FNDA:0,(anonymous_0)
FNDA:0,(anonymous_1)
DA:13,0
DA:17,0
LF:2
LH:0
BRF:0
BRH:0
end_of_record
TN:
SF:/Users/derekrush/sites/homefilming/client/components/dashboard/collaborationArea.jsx
FN:13,(anonymous_0)
FN:22,(anonymous_1)
FN:66,(anonymous_2)
FNF:3
FNH:0
FNDA:0,(anonymous_0)
FNDA:0,(anonymous_1)
FNDA:0,(anonymous_2)
DA:14,0
DA:23,0
DA:24,0
DA:25,0
DA:66,0
LF:5
LH:0
BRDA:24,0,0,0
BRDA:24,0,1,0
BRF:2
BRH:0
end_of_record
TN:
SF:/Users/derekrush/sites/homefilming/client/components/dashboard/missions.jsx
FN:7,(anonymous_0)
FN:11,(anonymous_1)
FNF:2
FNH:0
FNDA:0,(anonymous_0)
FNDA:0,(anonymous_1)
DA:8,0
DA:12,0
DA:13,0
DA:14,0
LF:4
LH:0
BRF:0
BRH:0
end_of_record
TN:
SF:/Users/derekrush/sites/homefilming/client/components/dashboard/orders.jsx
FN:8,(anonymous_0)
FN:15,(anonymous_1)
FN:19,(anonymous_2)
FN:21,(anonymous_3)
FN:32,(anonymous_4)
FNF:5
FNH:0
FNDA:0,(anonymous_0)
FNDA:0,(anonymous_1)
FNDA:0,(anonymous_2)
FNDA:0,(anonymous_3)
FNDA:0,(anonymous_4)
DA:9,0
DA:11,0
DA:16,0
DA:20,0
DA:21,0
DA:22,0
DA:29,0
DA:33,0
DA:35,0
DA:36,0
DA:37,0
LF:11
LH:0
BRDA:20,0,0,0
BRDA:20,0,1,0
BRDA:35,1,0,0
BRDA:35,1,1,0
BRF:4
BRH:0
end_of_record
TN:
SF:/Users/derekrush/sites/homefilming/client/components/dashboard/pilot_index.jsx
FN:9,(anonymous_0)
FNF:1
FNH:0
FNDA:0,(anonymous_0)
DA:10,0
LF:1
LH:0
BRF:0
BRH:0
end_of_record
TN:
SF:/Users/derekrush/sites/homefilming/client/components/dashboard/reorder.jsx
FN:4,(anonymous_0)
FN:8,(anonymous_1)
FNF:2
FNH:0
FNDA:0,(anonymous_0)
FNDA:0,(anonymous_1)
DA:5,0
DA:9,0
LF:2
LH:0
BRF:0
BRH:0
end_of_record
TN:
SF:/Users/derekrush/sites/homefilming/client/components/dashboard/settings.jsx
FN:2,_interopRequireDefault
FN:5,(anonymous_1)
FN:5,UserSettings
FN:5,render
FNF:4
FNH:0
FNDA:0,_interopRequireDefault
FNDA:0,(anonymous_1)
FNDA:0,UserSettings
FNDA:0,render
DA:1,0
DA:2,0
DA:5,0
DA:7,0
DA:12,0
LF:5
LH:0
BRDA:2,0,0,0
BRDA:2,0,1,0
BRDA:2,1,0,0
BRDA:2,1,1,0
BRDA:5,2,0,0
BRDA:5,2,1,0
BRF:6
BRH:0
end_of_record
TN:
SF:/Users/derekrush/sites/homefilming/client/components/dashboard/uploads.jsx
FN:12,(anonymous_0)
FN:20,(anonymous_1)
FN:27,(anonymous_2)
FN:28,(anonymous_3)
FN:34,(anonymous_4)
FN:41,(anonymous_5)
FNF:6
FNH:0
FNDA:0,(anonymous_0)
FNDA:0,(anonymous_1)
FNDA:0,(anonymous_2)
FNDA:0,(anonymous_3)
FNDA:0,(anonymous_4)
FNDA:0,(anonymous_5)
DA:13,0
DA:14,0
DA:28,0
DA:29,0
DA:36,0
DA:41,0
LF:6
LH:0
BRF:0
BRH:0
end_of_record
TN:
SF:/Users/derekrush/sites/homefilming/client/components/dashboard/styles/collaboration.jsx
FNF:0
FNH:0
DA:4,1
LF:1
LH:1
BRF:0
BRH:0
end_of_record
TN:
SF:/Users/derekrush/sites/homefilming/client/components/dashboard/styles/dashboard.jsx
FNF:0
FNH:0
DA:4,1
LF:1
LH:1
BRF:0
BRH:0
end_of_record
TN:
SF:/Users/derekrush/sites/homefilming/client/components/dashboard/styles/uploads.jsx
FNF:0
FNH:0
DA:4,1
LF:1
LH:1
BRF:0
BRH:0
end_of_record
TN:
SF:/Users/derekrush/sites/homefilming/client/components/index/addressMapper.jsx
FN:8,_interopRequireDefault
FN:10,(anonymous_1)
FN:11,AddressMapper
FN:25,componentDidMount
FN:36,(anonymous_4)
FN:45,fetchAssociatedMap
FN:57,deconstructPlaceIntoState
FN:67,render
FNF:8
FNH:0
FNDA:0,_interopRequireDefault
FNDA:0,(anonymous_1)
FNDA:0,AddressMapper
FNDA:0,componentDidMount
FNDA:0,(anonymous_4)
FNDA:0,fetchAssociatedMap
FNDA:0,deconstructPlaceIntoState
FNDA:0,render
DA:1,0
DA:2,0
DA:3,0
DA:4,0
DA:5,0
DA:6,0
DA:7,0
DA:8,0
DA:10,0
DA:11,0
DA:13,0
DA:23,0
DA:24,0
DA:25,0
DA:27,0
DA:28,0
DA:29,0
DA:34,0
DA:36,0
DA:37,0
DA:38,0
DA:39,0
DA:40,0
DA:41,0
DA:42,0
DA:48,0
DA:49,0
DA:56,0
DA:60,0
DA:62,0
DA:64,0
DA:65,0
DA:71,0
DA:104,0
LF:34
LH:0
BRDA:8,0,0,0
BRDA:8,0,1,0
BRDA:8,1,0,0
BRDA:8,1,1,0
BRDA:11,2,0,0
BRDA:11,2,1,0
BRDA:38,3,0,0
BRDA:38,3,1,0
BRF:8
BRH:0
end_of_record
TN:
SF:/Users/derekrush/sites/homefilming/client/components/index/aerialImagerySells.jsx
FN:13,(anonymous_0)
FN:22,(anonymous_1)
FN:36,(anonymous_2)
FNF:3
FNH:3
FNDA:1,(anonymous_0)
FNDA:4,(anonymous_1)
FNDA:4,(anonymous_2)
DA:13,1
DA:15,1
DA:22,1
DA:23,4
DA:31,1
DA:36,4
LF:6
LH:6
BRF:0
BRH:0
end_of_record
TN:
SF:/Users/derekrush/sites/homefilming/client/components/index/birdsEyeView.jsx
FN:12,(anonymous_0)
FNF:1
FNH:1
FNDA:1,(anonymous_0)
DA:12,1
DA:14,1
LF:2
LH:2
BRF:0
BRH:0
end_of_record
TN:
SF:/Users/derekrush/sites/homefilming/client/components/index/hero.jsx
FN:13,(anonymous_0)
FN:17,(anonymous_1)
FNF:2
FNH:2
FNDA:1,(anonymous_0)
FNDA:1,(anonymous_1)
DA:14,1
DA:18,1
LF:2
LH:2
BRF:0
BRH:0
end_of_record
TN:
SF:/Users/derekrush/sites/homefilming/client/components/index/index.jsx
FN:15,(anonymous_0)
FNF:1
FNH:1
FNDA:1,(anonymous_0)
DA:15,1
DA:16,1
LF:2
LH:2
BRF:0
BRH:0
end_of_record
TN:
SF:/Users/derekrush/sites/homefilming/client/components/index/ourClientsLoveUs.jsx
FN:13,(anonymous_0)
FN:21,(anonymous_1)
FN:28,(anonymous_2)
FN:41,(anonymous_3)
FN:44,(anonymous_4)
FN:70,(anonymous_5)
FNF:6
FNH:5
FNDA:1,(anonymous_0)
FNDA:3,(anonymous_1)
FNDA:14,(anonymous_2)
FNDA:1,(anonymous_3)
FNDA:3,(anonymous_4)
FNDA:0,(anonymous_5)
DA:13,1
DA:15,1
DA:21,1
DA:22,3
DA:29,14
DA:41,1
DA:42,1
DA:43,1
DA:44,1
DA:45,3
DA:46,1
DA:52,2
DA:60,0
DA:67,0
DA:71,0
DA:79,1
LF:16
LH:13
BRDA:43,0,0,1
BRDA:43,0,1,0
BRDA:45,1,0,1
BRDA:45,1,1,2
BRF:4
BRH:3
end_of_record
TN:
SF:/Users/derekrush/sites/homefilming/client/components/index/photos.jsx
FN:9,(anonymous_0)
FNF:1
FNH:1
FNDA:1,(anonymous_0)
DA:9,1
DA:10,1
DA:11,1
DA:12,1
DA:20,0
DA:28,0
LF:6
LH:4
BRDA:11,0,0,1
BRDA:11,0,1,0
BRF:2
BRH:1
end_of_record
TN:
SF:/Users/derekrush/sites/homefilming/client/components/index/plans.jsx
FNF:0
FNH:0
LF:0
LH:0
BRF:0
BRH:0
end_of_record
TN:
SF:/Users/derekrush/sites/homefilming/client/components/index/sampleVideo.jsx
FN:9,(anonymous_0)
FN:13,(anonymous_1)
FNF:2
FNH:2
FNDA:1,(anonymous_0)
FNDA:1,(anonymous_1)
DA:10,1
DA:14,1
LF:2
LH:2
BRF:0
BRH:0
end_of_record
TN:
SF:/Users/derekrush/sites/homefilming/client/components/index/share.jsx
FN:13,(anonymous_0)
FN:25,(anonymous_1)
FNF:2
FNH:2
FNDA:1,(anonymous_0)
FNDA:5,(anonymous_1)
DA:13,1
DA:14,1
DA:21,1
DA:26,5
LF:4
LH:4
BRF:0
BRH:0
end_of_record
TN:
SF:/Users/derekrush/sites/homefilming/client/components/index/whatYouGet.jsx
FN:15,(anonymous_0)
FN:26,(anonymous_1)
FN:40,(anonymous_2)
FNF:3
FNH:3
FNDA:1,(anonymous_0)
FNDA:6,(anonymous_1)
FNDA:6,(anonymous_2)
DA:15,1
DA:17,1
DA:26,1
DA:27,6
DA:35,1
DA:40,6
LF:6
LH:6
BRF:0
BRH:0
end_of_record
TN:
SF:/Users/derekrush/sites/homefilming/client/components/index/styles/aerialImagerySells.jsx
FNF:0
FNH:0
DA:4,1
LF:1
LH:1
BRF:0
BRH:0
end_of_record
TN:
SF:/Users/derekrush/sites/homefilming/client/components/index/styles/birdsEyeView.jsx
FNF:0
FNH:0
DA:5,1
LF:1
LH:1
BRF:0
BRH:0
end_of_record
TN:
SF:/Users/derekrush/sites/homefilming/client/components/index/styles/hero.jsx
FNF:0
FNH:0
DA:4,1
LF:1
LH:1
BRF:0
BRH:0
end_of_record
TN:
SF:/Users/derekrush/sites/homefilming/client/components/index/styles/loveUs.jsx
FNF:0
FNH:0
DA:4,1
LF:1
LH:1
BRF:0
BRH:0
end_of_record
TN:
SF:/Users/derekrush/sites/homefilming/client/components/index/styles/photos.jsx
FNF:0
FNH:0
DA:4,1
LF:1
LH:1
BRF:0
BRH:0
end_of_record
TN:
SF:/Users/derekrush/sites/homefilming/client/components/index/styles/sampleVideo.jsx
FNF:0
FNH:0
DA:4,1
LF:1
LH:1
BRF:0
BRH:0
end_of_record
TN:
SF:/Users/derekrush/sites/homefilming/client/components/index/styles/share.jsx
FNF:0
FNH:0
DA:4,1
LF:1
LH:1
BRF:0
BRH:0
end_of_record
TN:
SF:/Users/derekrush/sites/homefilming/client/components/index/styles/whatYouGet.jsx
FNF:0
FNH:0
DA:4,1
LF:1
LH:1
BRF:0
BRH:0
end_of_record
TN:
SF:/Users/derekrush/sites/homefilming/client/components/layouts/App.jsx
FN:14,_interopRequireDefault
FN:24,(anonymous_1)
FN:25,App
FN:34,getCurrentUser
FN:42,componentDidMount
FN:46,onResize
FN:52,(anonymous_6)
FN:73,render
FNF:8
FNH:0
FNDA:0,_interopRequireDefault
FNDA:0,(anonymous_1)
FNDA:0,App
FNDA:0,getCurrentUser
FNDA:0,componentDidMount
FNDA:0,onResize
FNDA:0,(anonymous_6)
FNDA:0,render
DA:1,0
DA:2,0
DA:3,0
DA:4,0
DA:5,0
DA:6,0
DA:7,0
DA:8,0
DA:9,0
DA:10,0
DA:11,0
DA:12,0
DA:13,0
DA:14,0
DA:17,0
DA:24,0
DA:25,0
DA:27,0
DA:28,0
DA:33,0
DA:34,0
DA:38,0
DA:40,0
DA:49,0
DA:50,0
DA:51,0
DA:52,0
DA:53,0
DA:75,0
DA:76,0
DA:77,0
DA:87,0
LF:32
LH:0
BRDA:14,0,0,0
BRDA:14,0,1,0
BRDA:14,1,0,0
BRDA:14,1,1,0
BRDA:25,2,0,0
BRDA:25,2,1,0
BRDA:51,3,0,0
BRDA:51,3,1,0
BRDA:51,4,0,0
BRDA:51,4,1,0
BRDA:76,5,0,0
BRDA:76,5,1,0
BRF:12
BRH:0
end_of_record
TN:
SF:/Users/derekrush/sites/homefilming/client/components/layouts/protected_route.jsx
FN:4,(anonymous_0)
FN:5,(anonymous_1)
FNF:2
FNH:0
FNDA:0,(anonymous_0)
FNDA:0,(anonymous_1)
DA:4,1
DA:5,0
DA:6,0
LF:3
LH:1
BRDA:6,0,0,0
BRDA:6,0,1,0
BRDA:6,1,0,0
BRDA:6,1,1,0
BRF:4
BRH:0
end_of_record
TN:
SF:/Users/derekrush/sites/homefilming/client/components/layouts/routes.jsx
FN:24,(anonymous_0)
FN:29,(anonymous_1)
FN:36,(anonymous_2)
FN:43,(anonymous_3)
FNF:4
FNH:3
FNDA:0,(anonymous_0)
FNDA:2,(anonymous_1)
FNDA:2,(anonymous_2)
FNDA:2,(anonymous_3)
DA:24,1
DA:25,0
DA:26,0
DA:29,1
DA:30,2
DA:31,0
DA:33,2
DA:36,1
DA:37,2
DA:38,0
DA:40,2
DA:43,1
DA:44,2
DA:66,1
LF:14
LH:10
BRDA:26,0,0,0
BRDA:26,0,1,0
BRDA:30,1,0,0
BRDA:30,1,1,2
BRDA:37,2,0,0
BRDA:37,2,1,2
BRF:6
BRH:2
end_of_record
TN:
SF:/Users/derekrush/sites/homefilming/client/components/layouts/footers/public_footer.jsx
FN:12,(anonymous_0)
FNF:1
FNH:1
FNDA:2,(anonymous_0)
DA:12,1
DA:13,2
DA:14,2
DA:15,2
DA:76,0
LF:5
LH:4
BRDA:14,0,0,2
BRDA:14,0,1,0
BRF:2
BRH:1
end_of_record
TN:
SF:/Users/derekrush/sites/homefilming/client/components/layouts/headers/private_header.jsx
FN:24,(anonymous_0)
FN:32,(anonymous_1)
FN:37,(anonymous_2)
FN:38,(anonymous_3)
FN:47,(anonymous_4)
FN:58,(anonymous_5)
FN:64,(anonymous_6)
FNF:7
FNH:0
FNDA:0,(anonymous_0)
FNDA:0,(anonymous_1)
FNDA:0,(anonymous_2)
FNDA:0,(anonymous_3)
FNDA:0,(anonymous_4)
FNDA:0,(anonymous_5)
FNDA:0,(anonymous_6)
DA:12,1
DA:15,1
DA:25,0
DA:27,0
DA:28,0
DA:33,0
DA:34,0
DA:38,0
DA:39,0
DA:44,0
DA:48,0
DA:51,0
DA:52,0
DA:54,0
DA:59,0
DA:60,0
DA:61,0
DA:65,0
DA:66,0
LF:19
LH:2
BRDA:33,0,0,0
BRDA:33,0,1,0
BRDA:34,1,0,0
BRDA:34,1,1,0
BRF:4
BRH:0
end_of_record
TN:
SF:/Users/derekrush/sites/homefilming/client/components/layouts/headers/public_header.jsx
FN:23,(anonymous_0)
FN:25,(anonymous_1)
FN:33,(anonymous_2)
FN:48,(anonymous_3)
FN:52,(anonymous_4)
FN:60,(anonymous_5)
FN:77,(anonymous_6)
FN:81,(anonymous_7)
FN:84,(anonymous_8)
FN:148,(anonymous_9)
FNF:10
FNH:3
FNDA:2,(anonymous_0)
FNDA:0,(anonymous_1)
FNDA:2,(anonymous_2)
FNDA:0,(anonymous_3)
FNDA:0,(anonymous_4)
FNDA:0,(anonymous_5)
FNDA:0,(anonymous_6)
FNDA:0,(anonymous_7)
FNDA:2,(anonymous_8)
FNDA:0,(anonymous_9)
DA:21,1
DA:23,1
DA:24,2
DA:25,0
DA:34,2
DA:36,2
DA:42,2
DA:43,2
DA:44,2
DA:49,0
DA:53,0
DA:54,0
DA:61,0
DA:78,0
DA:86,2
DA:87,2
DA:88,2
DA:131,0
DA:148,0
LF:19
LH:11
BRDA:87,0,0,2
BRDA:87,0,1,0
BRF:2
BRH:1
end_of_record
TN:
SF:/Users/derekrush/sites/homefilming/client/components/layouts/styles/footer.jsx
FNF:0
FNH:0
DA:4,1
LF:1
LH:1
BRF:0
BRH:0
end_of_record
TN:
SF:/Users/derekrush/sites/homefilming/client/components/layouts/styles/header.jsx
FNF:0
FNH:0
DA:4,1
LF:1
LH:1
BRF:0
BRH:0
end_of_record
TN:
SF:/Users/derekrush/sites/homefilming/client/components/layouts/styles/mobile_header.jsx
FNF:0
FNH:0
DA:4,1
LF:1
LH:1
BRF:0
BRH:0
end_of_record
TN:
SF:/Users/derekrush/sites/homefilming/client/components/layouts/styles/private_header.jsx
FNF:0
FNH:0
DA:4,1
LF:1
LH:1
BRF:0
BRH:0
end_of_record
TN:
SF:/Users/derekrush/sites/homefilming/client/components/misc/404.jsx
FNF:0
FNH:0
LF:0
LH:0
BRF:0
BRH:0
end_of_record
TN:
SF:/Users/derekrush/sites/homefilming/client/components/misc/address.jsx
FN:11,_interopRequireDefault
FN:14,(anonymous_1)
FN:18,(anonymous_2)
FN:19,Address
FN:34,handleAddressChange
FN:37,(anonymous_5)
FN:40,handleAddress2Change
FN:43,(anonymous_7)
FN:46,handleCityChange
FN:49,(anonymous_9)
FN:52,handleZipChange
FN:55,(anonymous_11)
FN:58,handleStateSelect
FN:62,render
FNF:14
FNH:0
FNDA:0,_interopRequireDefault
FNDA:0,(anonymous_1)
FNDA:0,(anonymous_2)
FNDA:0,Address
FNDA:0,handleAddressChange
FNDA:0,(anonymous_5)
FNDA:0,handleAddress2Change
FNDA:0,(anonymous_7)
FNDA:0,handleCityChange
FNDA:0,(anonymous_9)
FNDA:0,handleZipChange
FNDA:0,(anonymous_11)
FNDA:0,handleStateSelect
FNDA:0,render
DA:1,0
DA:2,0
DA:3,0
DA:4,0
DA:5,0
DA:6,0
DA:7,0
DA:8,0
DA:9,0
DA:10,0
DA:11,0
DA:13,0
DA:14,0
DA:15,0
DA:18,0
DA:19,0
DA:21,0
DA:29,0
DA:30,0
DA:31,0
DA:32,0
DA:33,0
DA:34,0
DA:36,0
DA:37,0
DA:38,0
DA:42,0
DA:43,0
DA:44,0
DA:48,0
DA:49,0
DA:50,0
DA:54,0
DA:55,0
DA:56,0
DA:61,0
DA:65,0
DA:144,0
LF:38
LH:0
BRDA:11,0,0,0
BRDA:11,0,1,0
BRDA:11,1,0,0
BRDA:11,1,1,0
BRDA:19,2,0,0
BRDA:19,2,1,0
BRF:6
BRH:0
end_of_record
TN:
SF:/Users/derekrush/sites/homefilming/client/components/misc/addressMapper.jsx
FN:11,(anonymous_0)
FN:28,(anonymous_1)
FN:37,(anonymous_2)
FN:48,(anonymous_3)
FN:60,(anonymous_4)
FN:66,(anonymous_5)
FN:80,(anonymous_6)
FN:90,(anonymous_7)
FN:96,(anonymous_8)
FN:100,(anonymous_9)
FNF:10
FNH:0
FNDA:0,(anonymous_0)
FNDA:0,(anonymous_1)
FNDA:0,(anonymous_2)
FNDA:0,(anonymous_3)
FNDA:0,(anonymous_4)
FNDA:0,(anonymous_5)
FNDA:0,(anonymous_6)
FNDA:0,(anonymous_7)
FNDA:0,(anonymous_8)
FNDA:0,(anonymous_9)
DA:12,0
DA:13,0
DA:24,0
DA:25,0
DA:29,0
DA:30,0
DA:35,0
DA:37,0
DA:38,0
DA:39,0
DA:40,0
DA:41,0
DA:42,0
DA:43,0
DA:49,0
DA:50,0
DA:57,0
DA:61,0
DA:66,0
DA:67,0
DA:68,0
DA:69,0
DA:70,0
DA:71,0
DA:72,0
DA:73,0
DA:77,0
DA:82,0
DA:91,0
DA:97,0
DA:101,0
LF:31
LH:0
BRDA:39,0,0,0
BRDA:39,0,1,0
BRDA:67,1,0,0
BRDA:67,1,1,0
BRDA:67,1,2,0
BRDA:67,1,3,0
BRDA:67,1,4,0
BRDA:67,1,5,0
BRF:8
BRH:0
end_of_record
TN:
SF:/Users/derekrush/sites/homefilming/client/components/misc/contact.jsx
FN:19,(anonymous_0)
FN:24,(anonymous_1)
FN:38,(anonymous_2)
FN:42,(anonymous_3)
FN:46,(anonymous_4)
FN:50,(anonymous_5)
FN:55,(anonymous_6)
FN:56,(anonymous_7)
FN:61,(anonymous_8)
FN:62,(anonymous_9)
FN:67,(anonymous_10)
FN:80,(anonymous_11)
FN:94,(anonymous_12)
FN:100,(anonymous_13)
FNF:14
FNH:1
FNDA:13,(anonymous_0)
FNDA:0,(anonymous_1)
FNDA:0,(anonymous_2)
FNDA:0,(anonymous_3)
FNDA:0,(anonymous_4)
FNDA:0,(anonymous_5)
FNDA:0,(anonymous_6)
FNDA:0,(anonymous_7)
FNDA:0,(anonymous_8)
FNDA:0,(anonymous_9)
FNDA:0,(anonymous_10)
FNDA:0,(anonymous_11)
FNDA:0,(anonymous_12)
FNDA:0,(anonymous_13)
DA:18,1
DA:19,1
DA:20,13
DA:25,0
DA:26,0
DA:32,0
DA:33,0
DA:34,0
DA:35,0
DA:39,0
DA:47,0
DA:51,0
DA:52,0
DA:56,0
DA:57,0
DA:62,0
DA:63,0
DA:68,0
DA:81,0
DA:95,0
DA:96,0
DA:101,0
LF:22
LH:3
BRDA:95,0,0,0
BRDA:95,0,1,0
BRF:2
BRH:0
end_of_record
TN:
SF:/Users/derekrush/sites/homefilming/client/components/misc/contactList.jsx
FN:10,(anonymous_0)
FN:23,(anonymous_1)
FN:28,(anonymous_2)
FN:39,(anonymous_3)
FN:44,(anonymous_4)
FN:49,(anonymous_5)
FN:50,(anonymous_6)
FN:55,(anonymous_7)
FN:57,(anonymous_8)
FN:63,(anonymous_9)
FN:68,(anonymous_10)
FN:74,(anonymous_11)
FN:80,(anonymous_12)
FN:83,(anonymous_13)
FNF:14
FNH:0
FNDA:0,(anonymous_0)
FNDA:0,(anonymous_1)
FNDA:0,(anonymous_2)
FNDA:0,(anonymous_3)
FNDA:0,(anonymous_4)
FNDA:0,(anonymous_5)
FNDA:0,(anonymous_6)
FNDA:0,(anonymous_7)
FNDA:0,(anonymous_8)
FNDA:0,(anonymous_9)
FNDA:0,(anonymous_10)
FNDA:0,(anonymous_11)
FNDA:0,(anonymous_12)
FNDA:0,(anonymous_13)
DA:11,0
DA:12,0
DA:16,0
DA:17,0
DA:18,0
DA:19,0
DA:20,0
DA:24,0
DA:25,0
DA:29,0
DA:30,0
DA:31,0
DA:32,0
DA:41,0
DA:42,0
DA:43,0
DA:44,0
DA:50,0
DA:51,0
DA:56,0
DA:57,0
DA:58,0
DA:59,0
DA:60,0
DA:61,0
DA:63,0
DA:64,0
DA:69,0
DA:70,0
DA:71,0
DA:72,0
DA:73,0
DA:74,0
DA:75,0
DA:76,0
DA:81,0
DA:84,0
LF:37
LH:0
BRDA:31,0,0,0
BRDA:31,0,1,0
BRDA:59,1,0,0
BRDA:59,1,1,0
BRF:4
BRH:0
end_of_record
TN:
SF:/Users/derekrush/sites/homefilming/client/components/misc/faq.jsx
FN:10,(anonymous_0)
FN:17,(anonymous_1)
FN:21,(anonymous_2)
FN:22,(anonymous_3)
FN:27,(anonymous_4)
FNF:5
FNH:0
FNDA:0,(anonymous_0)
FNDA:0,(anonymous_1)
FNDA:0,(anonymous_2)
FNDA:0,(anonymous_3)
FNDA:0,(anonymous_4)
DA:11,0
DA:12,0
DA:18,0
DA:22,0
DA:23,0
DA:28,0
DA:35,0
DA:43,0
LF:8
LH:0
BRDA:47,0,0,0
BRDA:47,0,1,0
BRF:2
BRH:0
end_of_record
TN:
SF:/Users/derekrush/sites/homefilming/client/components/misc/faqIndex.jsx
FN:13,(anonymous_0)
FN:19,(anonymous_1)
FNF:2
FNH:0
FNDA:0,(anonymous_0)
FNDA:0,(anonymous_1)
DA:11,1
DA:13,1
DA:14,0
DA:19,0
LF:4
LH:2
BRF:0
BRH:0
end_of_record
TN:
SF:/Users/derekrush/sites/homefilming/client/components/misc/header.jsx
FN:7,(anonymous_0)
FN:9,(anonymous_1)
FN:13,(anonymous_2)
FNF:3
FNH:3
FNDA:5,(anonymous_0)
FNDA:5,(anonymous_1)
FNDA:5,(anonymous_2)
DA:7,1
DA:9,5
DA:10,5
DA:13,5
DA:14,5
DA:18,5
DA:27,1
LF:7
LH:7
BRDA:10,0,0,0
BRDA:10,0,1,5
BRDA:14,1,0,0
BRDA:14,1,1,5
BRF:4
BRH:2
end_of_record
TN:
SF:/Users/derekrush/sites/homefilming/client/components/misc/li_navlink.jsx
FN:6,(anonymous_0)
FN:14,(anonymous_1)
FNF:2
FNH:0
FNDA:0,(anonymous_0)
FNDA:0,(anonymous_1)
DA:8,0
DA:9,0
DA:15,0
DA:16,0
LF:4
LH:0
BRDA:11,0,0,0
BRDA:11,0,1,0
BRDA:15,1,0,0
BRDA:15,1,1,0
BRDA:18,2,0,0
BRDA:18,2,1,0
BRDA:19,3,0,0
BRDA:19,3,1,0
BRF:8
BRH:0
end_of_record
TN:
SF:/Users/derekrush/sites/homefilming/client/components/misc/loader.jsx
FN:3,_interopRequireDefault
FN:6,Loader
FNF:2
FNH:0
FNDA:0,_interopRequireDefault
FNDA:0,Loader
DA:1,0
DA:2,0
DA:3,0
DA:6,0
DA:7,0
DA:26,0
LF:6
LH:0
BRDA:3,0,0,0
BRDA:3,0,1,0
BRDA:3,1,0,0
BRDA:3,1,1,0
BRF:4
BRH:0
end_of_record
TN:
SF:/Users/derekrush/sites/homefilming/client/components/misc/login.jsx
FN:21,(anonymous_0)
FN:42,(anonymous_1)
FN:56,(anonymous_2)
FN:60,(anonymous_3)
FN:65,(anonymous_4)
FN:88,(anonymous_5)
FN:97,(anonymous_6)
FNF:7
FNH:0
FNDA:0,(anonymous_0)
FNDA:0,(anonymous_1)
FNDA:0,(anonymous_2)
FNDA:0,(anonymous_3)
FNDA:0,(anonymous_4)
FNDA:0,(anonymous_5)
FNDA:0,(anonymous_6)
DA:22,0
DA:23,0
DA:30,0
DA:31,0
DA:43,0
DA:50,0
DA:58,0
DA:59,0
DA:60,0
DA:61,0
DA:67,0
DA:88,0
DA:97,0
LF:13
LH:0
BRF:0
BRH:0
end_of_record
TN:
SF:/Users/derekrush/sites/homefilming/client/components/misc/payment.jsx
FN:7,_interopRequireDefault
FN:9,(anonymous_1)
FN:10,Payment
FN:15,componentDidMount
FN:45,render
FNF:5
FNH:0
FNDA:0,_interopRequireDefault
FNDA:0,(anonymous_1)
FNDA:0,Payment
FNDA:0,componentDidMount
FNDA:0,render
DA:1,0
DA:2,0
DA:3,0
DA:4,0
DA:5,0
DA:6,0
DA:7,0
DA:9,0
DA:10,0
DA:15,0
DA:18,0
DA:43,0
DA:44,0
DA:48,0
DA:72,0
LF:15
LH:0
BRDA:7,0,0,0
BRDA:7,0,1,0
BRDA:7,1,0,0
BRDA:7,1,1,0
BRDA:10,2,0,0
BRDA:10,2,1,0
BRF:6
BRH:0
end_of_record
TN:
SF:/Users/derekrush/sites/homefilming/client/components/misc/sampleVideo.jsx
FN:14,(anonymous_0)
FN:23,(anonymous_1)
FN:25,(anonymous_2)
FN:26,(anonymous_3)
FN:33,(anonymous_4)
FN:34,(anonymous_5)
FN:39,(anonymous_6)
FNF:7
FNH:0
FNDA:0,(anonymous_0)
FNDA:0,(anonymous_1)
FNDA:0,(anonymous_2)
FNDA:0,(anonymous_3)
FNDA:0,(anonymous_4)
FNDA:0,(anonymous_5)
FNDA:0,(anonymous_6)
DA:8,1
DA:15,0
DA:17,0
DA:20,0
DA:24,0
DA:25,0
DA:26,0
DA:27,0
DA:28,0
DA:34,0
DA:35,0
DA:40,0
DA:48,0
LF:13
LH:1
BRF:0
BRH:0
end_of_record
TN:
SF:/Users/derekrush/sites/homefilming/client/components/misc/scrollDown.jsx
FN:7,(anonymous_0)
FNF:1
FNH:1
FNDA:1,(anonymous_0)
DA:7,1
DA:8,1
LF:2
LH:2
BRF:0
BRH:0
end_of_record
TN:
SF:/Users/derekrush/sites/homefilming/client/components/misc/user.jsx
FN:10,(anonymous_0)
FN:28,(anonymous_1)
FN:29,(anonymous_2)
FN:34,(anonymous_3)
FN:37,(anonymous_4)
FN:42,(anonymous_5)
FN:43,(anonymous_6)
FN:48,(anonymous_7)
FNF:8
FNH:0
FNDA:0,(anonymous_0)
FNDA:0,(anonymous_1)
FNDA:0,(anonymous_2)
FNDA:0,(anonymous_3)
FNDA:0,(anonymous_4)
FNDA:0,(anonymous_5)
FNDA:0,(anonymous_6)
FNDA:0,(anonymous_7)
DA:11,0
DA:12,0
DA:19,0
DA:20,0
DA:21,0
DA:29,0
DA:30,0
DA:35,0
DA:37,0
DA:38,0
DA:43,0
DA:44,0
DA:49,0
LF:13
LH:0
BRF:0
BRH:0
end_of_record
TN:
SF:/Users/derekrush/sites/homefilming/client/components/misc/styles/contact.jsx
FNF:0
FNH:0
DA:4,1
LF:1
LH:1
BRF:0
BRH:0
end_of_record
TN:
SF:/Users/derekrush/sites/homefilming/client/components/misc/styles/faq.jsx
FNF:0
FNH:0
DA:4,1
LF:1
LH:1
BRF:0
BRH:0
end_of_record
TN:
SF:/Users/derekrush/sites/homefilming/client/components/misc/styles/header.jsx
FNF:0
FNH:0
DA:4,1
LF:1
LH:1
BRF:0
BRH:0
end_of_record
TN:
SF:/Users/derekrush/sites/homefilming/client/components/misc/styles/login.jsx
FNF:0
FNH:0
DA:4,1
LF:1
LH:1
BRF:0
BRH:0
end_of_record
TN:
SF:/Users/derekrush/sites/homefilming/client/components/misc/styles/mapper.jsx
FNF:0
FNH:0
DA:4,1
LF:1
LH:1
BRF:0
BRH:0
end_of_record
TN:
SF:/Users/derekrush/sites/homefilming/client/components/misc/styles/payment.jsx
FN:2,_interopRequireDefault
FNF:1
FNH:0
FNDA:0,_interopRequireDefault
DA:1,0
DA:2,0
DA:4,0
DA:46,0
LF:4
LH:0
BRDA:2,0,0,0
BRDA:2,0,1,0
BRDA:2,1,0,0
BRDA:2,1,1,0
BRF:4
BRH:0
end_of_record
TN:
SF:/Users/derekrush/sites/homefilming/client/components/misc/styles/sampleVideo.jsx
FNF:0
FNH:0
DA:4,1
LF:1
LH:1
BRF:0
BRH:0
end_of_record
TN:
SF:/Users/derekrush/sites/homefilming/client/components/pilots/banner.jsx
FN:14,(anonymous_0)
FN:26,(anonymous_1)
FN:29,(anonymous_2)
FNF:3
FNH:0
FNDA:0,(anonymous_0)
FNDA:0,(anonymous_1)
FNDA:0,(anonymous_2)
DA:9,1
DA:14,1
DA:15,0
DA:26,1
DA:27,0
DA:29,0
LF:6
LH:3
BRF:0
BRH:0
end_of_record
TN:
SF:/Users/derekrush/sites/homefilming/client/components/pilots/hero.jsx
FN:14,(anonymous_0)
FN:18,(anonymous_1)
FNF:2
FNH:0
FNDA:0,(anonymous_0)
FNDA:0,(anonymous_1)
DA:15,0
DA:19,0
LF:2
LH:0
BRF:0
BRH:0
end_of_record
TN:
SF:/Users/derekrush/sites/homefilming/client/components/pilots/howItWorks.jsx
FN:21,(anonymous_0)
FN:31,(anonymous_1)
FN:38,(anonymous_2)
FNF:3
FNH:0
FNDA:0,(anonymous_0)
FNDA:0,(anonymous_1)
FNDA:0,(anonymous_2)
DA:14,1
DA:21,1
DA:22,0
DA:31,1
DA:32,0
DA:38,0
LF:6
LH:3
BRF:0
BRH:0
end_of_record
TN:
SF:/Users/derekrush/sites/homefilming/client/components/pilots/index.jsx
FN:13,(anonymous_0)
FN:17,(anonymous_1)
FNF:2
FNH:0
FNDA:0,(anonymous_0)
FNDA:0,(anonymous_1)
DA:14,0
DA:18,0
LF:2
LH:0
BRF:0
BRH:0
end_of_record
TN:
SF:/Users/derekrush/sites/homefilming/client/components/pilots/photos.jsx
FN:7,(anonymous_0)
FNF:1
FNH:0
FNDA:0,(anonymous_0)
DA:7,1
DA:8,0
LF:2
LH:1
BRF:0
BRH:0
end_of_record
TN:
SF:/Users/derekrush/sites/homefilming/client/components/pilots/stories.jsx
FN:13,(anonymous_0)
FN:21,(anonymous_1)
FN:35,(anonymous_2)
FN:38,(anonymous_3)
FN:56,(anonymous_4)
FNF:5
FNH:0
FNDA:0,(anonymous_0)
FNDA:0,(anonymous_1)
FNDA:0,(anonymous_2)
FNDA:0,(anonymous_3)
FNDA:0,(anonymous_4)
DA:13,1
DA:14,0
DA:21,0
DA:22,0
DA:35,0
DA:36,0
DA:37,0
DA:38,0
DA:39,0
DA:46,0
DA:53,0
DA:56,0
DA:63,0
LF:13
LH:1
BRDA:37,0,0,0
BRDA:37,0,1,0
BRF:2
BRH:0
end_of_record
TN:
SF:/Users/derekrush/sites/homefilming/client/components/pilots/youreInCharge.jsx
FN:11,(anonymous_0)
FNF:1
FNH:0
FNDA:0,(anonymous_0)
DA:11,1
DA:12,0
LF:2
LH:1
BRF:0
BRH:0
end_of_record
TN:
SF:/Users/derekrush/sites/homefilming/client/components/pilots/register/index.jsx
FN:13,(anonymous_0)
FN:23,(anonymous_1)
FN:31,(anonymous_2)
FN:32,(anonymous_3)
FN:37,(anonymous_4)
FNF:5
FNH:0
FNDA:0,(anonymous_0)
FNDA:0,(anonymous_1)
FNDA:0,(anonymous_2)
FNDA:0,(anonymous_3)
FNDA:0,(anonymous_4)
DA:14,0
DA:15,0
DA:19,0
DA:20,0
DA:24,0
DA:25,0
DA:27,0
DA:32,0
DA:33,0
DA:38,0
LF:10
LH:0
BRDA:24,0,0,0
BRDA:24,0,1,0
BRDA:24,1,0,0
BRDA:24,1,1,0
BRDA:24,1,2,0
BRF:5
BRH:0
end_of_record
TN:
SF:/Users/derekrush/sites/homefilming/client/components/pilots/register/pilot_info.jsx
FN:12,(anonymous_0)
FN:17,(anonymous_1)
FN:32,(anonymous_2)
FN:36,(anonymous_3)
FN:40,(anonymous_4)
FN:44,(anonymous_5)
FN:48,(anonymous_6)
FNF:7
FNH:1
FNDA:5,(anonymous_0)
FNDA:0,(anonymous_1)
FNDA:0,(anonymous_2)
FNDA:0,(anonymous_3)
FNDA:0,(anonymous_4)
FNDA:0,(anonymous_5)
FNDA:0,(anonymous_6)
DA:11,1
DA:12,1
DA:13,5
DA:18,0
DA:19,0
DA:26,0
DA:27,0
DA:28,0
DA:29,0
DA:49,0
LF:10
LH:3
BRF:0
BRH:0
end_of_record
TN:
SF:/Users/derekrush/sites/homefilming/client/components/pilots/register/uploads.jsx
FN:16,(anonymous_0)
FN:25,(anonymous_1)
FN:26,(anonymous_2)
FN:35,(anonymous_3)
FN:42,(anonymous_4)
FN:50,(anonymous_5)
FN:61,(anonymous_6)
FN:62,(anonymous_7)
FN:83,(anonymous_8)
FN:84,(anonymous_9)
FNF:10
FNH:0
FNDA:0,(anonymous_0)
FNDA:0,(anonymous_1)
FNDA:0,(anonymous_2)
FNDA:0,(anonymous_3)
FNDA:0,(anonymous_4)
FNDA:0,(anonymous_5)
FNDA:0,(anonymous_6)
FNDA:0,(anonymous_7)
FNDA:0,(anonymous_8)
FNDA:0,(anonymous_9)
DA:17,0
DA:18,0
DA:21,0
DA:22,0
DA:26,0
DA:27,0
DA:29,0
DA:30,0
DA:31,0
DA:32,0
DA:36,0
DA:37,0
DA:39,0
DA:44,0
DA:50,0
DA:61,0
DA:62,0
DA:83,0
DA:84,0
LF:19
LH:0
BRDA:36,0,0,0
BRDA:36,0,1,0
BRF:2
BRH:0
end_of_record
TN:
SF:/Users/derekrush/sites/homefilming/client/components/pilots/styles/banner.jsx
FNF:0
FNH:0
DA:4,1
LF:1
LH:1
BRF:0
BRH:0
end_of_record
TN:
SF:/Users/derekrush/sites/homefilming/client/components/pilots/styles/hero.jsx
FNF:0
FNH:0
DA:4,1
LF:1
LH:1
BRF:0
BRH:0
end_of_record
TN:
SF:/Users/derekrush/sites/homefilming/client/components/pilots/styles/howItWorks.jsx
FNF:0
FNH:0
DA:4,1
LF:1
LH:1
BRF:0
BRH:0
end_of_record
TN:
SF:/Users/derekrush/sites/homefilming/client/components/pilots/styles/photos.jsx
FNF:0
FNH:0
DA:4,1
LF:1
LH:1
BRF:0
BRH:0
end_of_record
TN:
SF:/Users/derekrush/sites/homefilming/client/components/pilots/styles/register.jsx
FNF:0
FNH:0
DA:4,1
LF:1
LH:1
BRF:0
BRH:0
end_of_record
TN:
SF:/Users/derekrush/sites/homefilming/client/components/pilots/styles/stories.jsx
FNF:0
FNH:0
DA:4,1
LF:1
LH:1
BRF:0
BRH:0
end_of_record
TN:
SF:/Users/derekrush/sites/homefilming/client/components/pilots/styles/youreInCharge.jsx
FNF:0
FNH:0
DA:4,1
LF:1
LH:1
BRF:0
BRH:0
end_of_record
TN:
SF:/Users/derekrush/sites/homefilming/client/components/works/hardSell.jsx
FN:7,(anonymous_0)
FNF:1
FNH:0
FNDA:0,(anonymous_0)
DA:7,1
DA:8,0
LF:2
LH:1
BRF:0
BRH:0
end_of_record
TN:
SF:/Users/derekrush/sites/homefilming/client/components/works/howItWorks.jsx
FN:23,(anonymous_0)
FN:33,(anonymous_1)
FN:40,(anonymous_2)
FNF:3
FNH:0
FNDA:0,(anonymous_0)
FNDA:0,(anonymous_1)
FNDA:0,(anonymous_2)
DA:15,1
DA:23,1
DA:24,0
DA:33,1
DA:34,0
DA:40,0
LF:6
LH:3
BRF:0
BRH:0
end_of_record
TN:
SF:/Users/derekrush/sites/homefilming/client/components/works/index.jsx
FN:13,(anonymous_0)
FN:17,(anonymous_1)
FNF:2
FNH:0
FNDA:0,(anonymous_0)
FNDA:0,(anonymous_1)
DA:14,0
DA:18,0
LF:2
LH:0
BRF:0
BRH:0
end_of_record
TN:
SF:/Users/derekrush/sites/homefilming/client/components/works/intro.jsx
FN:13,(anonymous_0)
FN:16,(anonymous_1)
FN:24,(anonymous_2)
FN:28,(anonymous_3)
FN:41,(anonymous_4)
FNF:5
FNH:0
FNDA:0,(anonymous_0)
FNDA:0,(anonymous_1)
FNDA:0,(anonymous_2)
FNDA:0,(anonymous_3)
FNDA:0,(anonymous_4)
DA:13,1
DA:15,0
DA:16,0
DA:17,0
DA:24,0
DA:25,0
DA:27,0
DA:28,0
DA:30,0
DA:39,0
DA:41,0
DA:47,0
LF:12
LH:1
BRDA:27,0,0,0
BRDA:27,0,1,0
BRF:2
BRH:0
end_of_record
TN:
SF:/Users/derekrush/sites/homefilming/client/components/works/quickStats.jsx
FN:19,(anonymous_0)
FN:30,(anonymous_1)
FN:36,(anonymous_2)
FNF:3
FNH:0
FNDA:0,(anonymous_0)
FNDA:0,(anonymous_1)
FNDA:0,(anonymous_2)
DA:12,1
DA:19,1
DA:20,0
DA:30,1
DA:31,0
DA:36,0
LF:6
LH:3
BRF:0
BRH:0
end_of_record
TN:
SF:/Users/derekrush/sites/homefilming/client/components/works/styles/hardSell.jsx
FNF:0
FNH:0
DA:4,1
LF:1
LH:1
BRF:0
BRH:0
end_of_record
TN:
SF:/Users/derekrush/sites/homefilming/client/components/works/styles/howItWorks.jsx
FNF:0
FNH:0
DA:4,1
LF:1
LH:1
BRF:0
BRH:0
end_of_record
TN:
SF:/Users/derekrush/sites/homefilming/client/components/works/styles/intro.jsx
FNF:0
FNH:0
DA:4,1
LF:1
LH:1
BRF:0
BRH:0
end_of_record
TN:
SF:/Users/derekrush/sites/homefilming/client/components/works/styles/quickStats.jsx
FNF:0
FNH:0
DA:4,1
LF:1
LH:1
BRF:0
BRH:0
end_of_record
TN:
SF:/Users/derekrush/sites/homefilming/client/mutations/file_upload.jsx
FN:1,_interopRequireDefault
FNF:1
FNH:0
FNDA:0,_interopRequireDefault
DA:1,0
DA:3,0
LF:2
LH:0
BRDA:1,0,0,0
BRDA:1,0,1,0
BRDA:1,1,0,0
BRDA:1,1,1,0
BRF:4
BRH:0
end_of_record
TN:
SF:/Users/derekrush/sites/homefilming/client/mutations/login.jsx
FNF:0
FNH:0
DA:3,1
LF:1
LH:1
BRF:0
BRH:0
end_of_record
TN:
SF:/Users/derekrush/sites/homefilming/client/mutations/logout.jsx
FNF:0
FNH:0
DA:3,1
LF:1
LH:1
BRF:0
BRH:0
end_of_record
TN:
SF:/Users/derekrush/sites/homefilming/client/mutations/order.jsx
FNF:0
FNH:0
DA:3,1
LF:1
LH:1
BRF:0
BRH:0
end_of_record
TN:
SF:/Users/derekrush/sites/homefilming/client/queries/agent_order.jsx
FNF:0
FNH:0
DA:3,1
LF:1
LH:1
BRF:0
BRH:0
end_of_record
TN:
SF:/Users/derekrush/sites/homefilming/client/queries/agent_orders.jsx
FNF:0
FNH:0
DA:3,1
LF:1
LH:1
BRF:0
BRH:0
end_of_record
TN:
SF:/Users/derekrush/sites/homefilming/client/queries/current_user.jsx
FNF:0
FNH:0
DA:3,1
LF:1
LH:1
BRF:0
BRH:0
end_of_record
TN:
SF:/Users/derekrush/sites/homefilming/client/queries/open_missions.jsx
FNF:0
FNH:0
DA:3,1
LF:1
LH:1
BRF:0
BRH:0
end_of_record
TN:
SF:/Users/derekrush/sites/homefilming/client/styles/commonElements.jsx
FNF:0
FNH:0
DA:4,1
LF:1
LH:1
BRF:0
BRH:0
end_of_record
TN:
SF:/Users/derekrush/sites/homefilming/client/styles/commonForms.jsx
FNF:0
FNH:0
DA:4,1
LF:1
LH:1
BRF:0
BRH:0
end_of_record
TN:
SF:/Users/derekrush/sites/homefilming/client/styles/commonLayout.jsx
FNF:0
FNH:0
DA:4,1
LF:1
LH:1
BRF:0
BRH:0
end_of_record
TN:
SF:/Users/derekrush/sites/homefilming/client/styles/commonText.jsx
FNF:0
FNH:0
DA:4,1
LF:1
LH:1
BRF:0
BRH:0
end_of_record
TN:
SF:/Users/derekrush/sites/homefilming/client/styles/helpers.jsx
FNF:0
FNH:0
DA:1,1
DA:39,1
LF:2
LH:2
BRF:0
BRH:0
end_of_record
TN:
SF:/Users/derekrush/sites/homefilming/client/utils/asset_uploader.jsx
FN:4,(anonymous_0)
FN:6,(anonymous_1)
FNF:2
FNH:0
FNDA:0,(anonymous_0)
FNDA:0,(anonymous_1)
DA:4,1
DA:5,0
DA:6,0
LF:3
LH:1
BRF:0
BRH:0
end_of_record
TN:
SF:/Users/derekrush/sites/homefilming/server/config.js
FNF:0
FNH:0
DA:1,1
LF:1
LH:1
BRF:0
BRH:0
end_of_record
TN:
SF:/Users/derekrush/sites/homefilming/server/server.js
FN:37,(anonymous_0)
FN:43,(anonymous_1)
FN:55,(anonymous_2)
FNF:3
FNH:0
FNDA:0,(anonymous_0)
FNDA:0,(anonymous_1)
FNDA:0,(anonymous_2)
DA:1,0
DA:2,0
DA:4,0
DA:5,0
DA:6,0
DA:7,0
DA:10,0
DA:11,0
DA:12,0
DA:13,0
DA:14,0
DA:15,0
DA:16,0
DA:17,0
DA:18,0
DA:19,0
DA:20,0
DA:22,0
DA:24,0
DA:25,0
DA:26,0
DA:27,0
DA:29,0
DA:30,0
DA:31,0
DA:32,0
DA:33,0
DA:34,0
DA:37,0
DA:43,0
DA:44,0
DA:48,0
DA:49,0
DA:50,0
DA:51,0
DA:52,0
DA:55,0
DA:56,0
DA:59,0
LF:39
LH:0
BRDA:24,0,0,0
BRDA:24,0,1,0
BRDA:48,1,0,0
BRDA:48,1,1,0
BRF:4
BRH:0
end_of_record
TN:
SF:/Users/derekrush/sites/homefilming/server/db/migrations/20170322104101-create-user.js
FN:4,up
FN:84,down
FNF:2
FNH:0
FNDA:0,up
FNDA:0,down
DA:3,0
DA:5,0
DA:85,0
LF:3
LH:0
BRF:0
BRH:0
end_of_record
TN:
SF:/Users/derekrush/sites/homefilming/server/db/migrations/20170322120508-create-order.js
FN:4,up
FN:55,down
FNF:2
FNH:0
FNDA:0,up
FNDA:0,down
DA:3,0
DA:5,0
DA:56,0
LF:3
LH:0
BRF:0
BRH:0
end_of_record
TN:
SF:/Users/derekrush/sites/homefilming/server/db/migrations/20170322121220-create-address.js
FN:4,up
FN:55,down
FNF:2
FNH:0
FNDA:0,up
FNDA:0,down
DA:3,0
DA:5,0
DA:56,0
LF:3
LH:0
BRF:0
BRH:0
end_of_record
TN:
SF:/Users/derekrush/sites/homefilming/server/db/migrations/20170323114209-create-invitation.js
FN:4,up
FN:33,down
FNF:2
FNH:0
FNDA:0,up
FNDA:0,down
DA:3,0
DA:5,0
DA:34,0
LF:3
LH:0
BRF:0
BRH:0
end_of_record
TN:
SF:/Users/derekrush/sites/homefilming/server/db/migrations/20170323114249-create-assets.js
FN:4,up
FN:53,down
FNF:2
FNH:0
FNDA:0,up
FNDA:0,down
DA:3,0
DA:5,0
DA:54,0
LF:3
LH:0
BRF:0
BRH:0
end_of_record
TN:
SF:/Users/derekrush/sites/homefilming/server/db/migrations/20170330072553-create-ratings.js
FN:4,up
FN:30,down
FNF:2
FNH:0
FNDA:0,up
FNDA:0,down
DA:3,0
DA:5,0
DA:31,0
LF:3
LH:0
BRF:0
BRH:0
end_of_record
TN:
SF:/Users/derekrush/sites/homefilming/server/db/migrations/20170330103307-create-notes.js
FN:4,up
FN:37,down
FNF:2
FNH:0
FNDA:0,up
FNDA:0,down
DA:3,0
DA:5,0
DA:38,0
LF:3
LH:0
BRF:0
BRH:0
end_of_record
TN:
SF:/Users/derekrush/sites/homefilming/server/db/migrations/20170331064759-create-notifications.js
FN:4,up
FN:39,down
FNF:2
FNH:0
FNDA:0,up
FNDA:0,down
DA:3,0
DA:5,0
DA:40,0
LF:3
LH:0
BRF:0
BRH:0
end_of_record
TN:
SF:/Users/derekrush/sites/homefilming/server/db/migrations/20170406173824-create-phones.js
FN:4,up
FN:40,down
FNF:2
FNH:0
FNDA:0,up
FNDA:0,down
DA:3,0
DA:5,0
DA:41,0
LF:3
LH:0
BRF:0
BRH:0
end_of_record
TN:
SF:/Users/derekrush/sites/homefilming/server/db/migrations/20170406173833-create-companies.js
FN:4,up
FN:34,down
FNF:2
FNH:0
FNDA:0,up
FNDA:0,down
DA:3,0
DA:5,0
DA:35,0
LF:3
LH:0
BRF:0
BRH:0
end_of_record
TN:
SF:/Users/derekrush/sites/homefilming/server/db/migrations/20170407000200-create-indexes.js
FN:4,up
FN:17,down
FNF:2
FNH:0
FNDA:0,up
FNDA:0,down
DA:3,0
DA:5,0
DA:6,0
DA:7,0
DA:8,0
DA:9,0
DA:10,0
DA:11,0
DA:12,0
DA:13,0
DA:14,0
DA:18,0
DA:19,0
DA:20,0
DA:21,0
DA:22,0
DA:23,0
DA:24,0
DA:25,0
DA:26,0
DA:27,0
LF:21
LH:0
BRF:0
BRH:0
end_of_record
TN:
SF:/Users/derekrush/sites/homefilming/server/db/seeders/20170323211014-users.js
FN:1,_interopRequireDefault
FN:11,(anonymous_1)
FN:11,_callee
FN:11,_callee$
FN:13,(anonymous_4)
FN:82,(anonymous_5)
FN:94,(anonymous_6)
FN:111,up
FN:114,down
FNF:9
FNH:0
FNDA:0,_interopRequireDefault
FNDA:0,(anonymous_1)
FNDA:0,_callee
FNDA:0,_callee$
FNDA:0,(anonymous_4)
FNDA:0,(anonymous_5)
FNDA:0,(anonymous_6)
FNDA:0,up
FNDA:0,down
DA:1,0
DA:3,0
DA:4,0
DA:5,0
DA:6,0
DA:7,0
DA:8,0
DA:10,0
DA:11,0
DA:13,0
DA:14,0
DA:15,0
DA:17,0
DA:19,0
DA:31,0
DA:44,0
DA:57,0
DA:69,0
DA:82,0
DA:83,0
DA:94,0
DA:95,0
DA:96,0
DA:109,0
DA:111,0
DA:115,0
LF:26
LH:0
BRDA:1,0,0,0
BRDA:1,0,1,0
BRDA:1,1,0,0
BRDA:1,1,1,0
BRDA:11,2,0,0
BRDA:11,2,1,0
BRDA:11,2,2,0
BRDA:11,2,3,0
BRF:8
BRH:0
end_of_record
TN:
SF:/Users/derekrush/sites/homefilming/server/db/seeders/20170331034936-address.js
FN:1,_interopRequireDefault
FN:17,(anonymous_1)
FN:17,_callee
FN:17,_callee$
FN:20,(anonymous_4)
FN:24,(anonymous_5)
FN:39,up
FN:43,down
FNF:8
FNH:0
FNDA:0,_interopRequireDefault
FNDA:0,(anonymous_1)
FNDA:0,_callee
FNDA:0,_callee$
FNDA:0,(anonymous_4)
FNDA:0,(anonymous_5)
FNDA:0,up
FNDA:0,down
DA:1,0
DA:3,0
DA:4,0
DA:5,0
DA:6,0
DA:7,0
DA:8,0
DA:16,0
DA:17,0
DA:19,0
DA:21,0
DA:22,0
DA:24,0
DA:25,0
DA:26,0
DA:27,0
DA:38,0
DA:39,0
DA:44,0
LF:19
LH:0
BRDA:1,0,0,0
BRDA:1,0,1,0
BRDA:1,1,0,0
BRDA:1,1,1,0
BRDA:17,2,0,0
BRDA:17,2,1,0
BRDA:17,2,2,0
BRDA:17,2,3,0
BRF:8
BRH:0
end_of_record
TN:
SF:/Users/derekrush/sites/homefilming/server/db/seeders/20170801105049-orders.js
FN:19,up
FN:21,(anonymous_1)
FN:24,(anonymous_2)
FN:27,(anonymous_3)
FN:51,down
FNF:5
FNH:0
FNDA:0,up
FNDA:0,(anonymous_1)
FNDA:0,(anonymous_2)
FNDA:0,(anonymous_3)
FNDA:0,down
DA:3,0
DA:4,0
DA:5,0
DA:6,0
DA:7,0
DA:8,0
DA:9,0
DA:10,0
DA:18,0
DA:21,0
DA:22,0
DA:24,0
DA:25,0
DA:26,0
DA:27,0
DA:28,0
DA:29,0
DA:46,0
DA:52,0
LF:19
LH:0
BRF:0
BRH:0
end_of_record
TN:
SF:/Users/derekrush/sites/homefilming/server/graphql/resolvers.js
FNF:0
FNH:0
DA:2,0
DA:3,0
DA:4,0
DA:6,0
DA:8,0
DA:22,0
LF:6
LH:0
BRF:0
BRH:0
end_of_record
TN:
SF:/Users/derekrush/sites/homefilming/server/graphql/schema.js
FN:1,_interopRequireDefault
FNF:1
FNH:0
FNDA:0,_interopRequireDefault
DA:1,0
DA:2,0
DA:3,0
DA:4,0
DA:5,0
DA:6,0
DA:7,0
DA:9,0
DA:18,0
DA:27,0
DA:34,0
DA:48,0
LF:12
LH:0
BRDA:1,0,0,0
BRDA:1,0,1,0
BRDA:1,1,0,0
BRDA:1,1,1,0
BRF:4
BRH:0
end_of_record
TN:
SF:/Users/derekrush/sites/homefilming/server/graphql/resolvers/addresses.js
FN:1,_interopRequireDefault
FN:1,AddressResolver
FNF:2
FNH:0
FNDA:0,_interopRequireDefault
FNDA:0,AddressResolver
DA:1,0
DA:5,0
LF:2
LH:0
BRDA:1,0,0,0
BRDA:1,0,1,0
BRDA:1,1,0,0
BRDA:1,1,1,0
BRF:4
BRH:0
end_of_record
TN:
SF:/Users/derekrush/sites/homefilming/server/graphql/resolvers/assets.js
FN:1,(anonymous_0)
FN:8,_callee
FN:8,_callee$
FN:18,fileResolver
FN:18,_interopRequireDefault
FNF:5
FNH:0
FNDA:0,(anonymous_0)
FNDA:0,_callee
FNDA:0,_callee$
FNDA:0,fileResolver
FNDA:0,_interopRequireDefault
DA:1,0
DA:8,0
DA:9,0
DA:11,0
DA:12,0
DA:13,0
DA:14,0
DA:16,0
DA:18,0
DA:21,0
LF:10
LH:0
BRDA:8,0,0,0
BRDA:8,0,1,0
BRDA:8,0,2,0
BRDA:8,0,3,0
BRDA:8,0,4,0
BRDA:8,0,5,0
BRDA:8,1,0,0
BRDA:8,1,1,0
BRDA:9,2,0,0
BRDA:9,2,1,0
BRDA:9,3,0,0
BRDA:9,3,1,0
BRDA:11,4,0,0
BRDA:11,4,1,0
BRDA:14,5,0,0
BRDA:14,5,1,0
BRDA:14,6,0,0
BRDA:14,6,1,0
BRDA:16,7,0,0
BRDA:16,7,1,0
BRDA:16,8,0,0
BRDA:16,8,1,0
BRDA:18,9,0,0
BRDA:18,9,1,0
BRDA:18,10,0,0
BRDA:18,10,1,0
BRF:26
BRH:0
end_of_record
TN:
SF:/Users/derekrush/sites/homefilming/server/graphql/resolvers/auth.js
FN:1,_interopRequireDefault
FN:4,authenticated
FN:10,(anonymous_2)
FN:10,_callee
FN:10,_callee$
FN:13,login
FN:16,(anonymous_6)
FN:16,_callee2
FN:16,_callee2$
FN:18,logout
FNF:10
FNH:0
FNDA:0,_interopRequireDefault
FNDA:0,authenticated
FNDA:0,(anonymous_2)
FNDA:0,_callee
FNDA:0,_callee$
FNDA:0,login
FNDA:0,(anonymous_6)
FNDA:0,_callee2
FNDA:0,_callee2$
FNDA:0,logout
DA:1,0
DA:2,0
DA:4,0
DA:5,0
DA:6,0
DA:10,0
DA:12,0
DA:13,0
DA:16,0
DA:17,0
DA:18,0
DA:21,0
LF:12
LH:0
BRDA:1,0,0,0
BRDA:1,0,1,0
BRDA:1,1,0,0
BRDA:1,1,1,0
BRDA:5,2,0,0
BRDA:5,2,1,0
BRDA:10,3,0,0
BRDA:10,3,1,0
BRDA:10,3,2,0
BRDA:10,3,3,0
BRDA:16,4,0,0
BRDA:16,4,1,0
BRDA:16,4,2,0
BRDA:16,4,3,0
BRF:14
BRH:0
end_of_record
TN:
SF:/Users/derekrush/sites/homefilming/server/graphql/resolvers/orders.js
FN:1,_interopRequireDefault
FN:5,(anonymous_1)
FN:5,_callee
FN:5,_callee$
FN:6,agentOrder
FN:9,(anonymous_5)
FN:9,_callee2
FN:9,_callee2$
FN:10,agentOrders
FN:13,(anonymous_9)
FN:13,_callee3
FN:13,_callee3$
FN:22,createOrder
FN:25,(anonymous_13)
FN:25,_callee4
FN:25,_callee4$
FN:29,openMissions
FNF:17
FNH:0
FNDA:0,_interopRequireDefault
FNDA:0,(anonymous_1)
FNDA:0,_callee
FNDA:0,_callee$
FNDA:0,agentOrder
FNDA:0,(anonymous_5)
FNDA:0,_callee2
FNDA:0,_callee2$
FNDA:0,agentOrders
FNDA:0,(anonymous_9)
FNDA:0,_callee3
FNDA:0,_callee3$
FNDA:0,createOrder
FNDA:0,(anonymous_13)
FNDA:0,_callee4
FNDA:0,_callee4$
FNDA:0,openMissions
DA:1,0
DA:2,0
DA:3,0
DA:5,0
DA:6,0
DA:9,0
DA:10,0
DA:13,0
DA:14,0
DA:15,0
DA:16,0
DA:17,0
DA:18,0
DA:19,0
DA:22,0
DA:25,0
DA:26,0
DA:29,0
DA:32,0
LF:19
LH:0
BRDA:1,0,0,0
BRDA:1,0,1,0
BRDA:1,1,0,0
BRDA:1,1,1,0
BRDA:5,2,0,0
BRDA:5,2,1,0
BRDA:5,2,2,0
BRDA:9,3,0,0
BRDA:9,3,1,0
BRDA:9,3,2,0
BRDA:13,4,0,0
BRDA:13,4,1,0
BRDA:13,4,2,0
BRDA:13,4,3,0
BRDA:13,4,4,0
BRDA:13,4,5,0
BRDA:25,5,0,0
BRDA:25,5,1,0
BRDA:25,5,2,0
BRDA:25,5,3,0
BRF:20
BRH:0
end_of_record
TN:
SF:/Users/derekrush/sites/homefilming/server/graphql/resolvers/users.js
FN:2,getLoggedInUser
FNF:1
FNH:0
FNDA:0,getLoggedInUser
DA:2,0
DA:3,0
DA:6,0
LF:3
LH:0
BRF:0
BRH:0
end_of_record
TN:
SF:/Users/derekrush/sites/homefilming/server/graphql/types/address.js
FNF:0
FNH:0
DA:1,0
DA:40,0
LF:2
LH:0
BRF:0
BRH:0
end_of_record
TN:
SF:/Users/derekrush/sites/homefilming/server/graphql/types/asset.js
FNF:0
FNH:0
DA:1,0
DA:3,0
DA:30,0
LF:3
LH:0
BRF:0
BRH:0
end_of_record
TN:
SF:/Users/derekrush/sites/homefilming/server/graphql/types/order.js
FNF:0
FNH:0
DA:1,0
DA:2,0
DA:4,0
DA:45,0
LF:4
LH:0
BRF:0
BRH:0
end_of_record
TN:
SF:/Users/derekrush/sites/homefilming/server/graphql/types/upload.js
FNF:0
FNH:0
DA:1,0
DA:25,0
LF:2
LH:0
BRF:0
BRH:0
end_of_record
TN:
SF:/Users/derekrush/sites/homefilming/server/graphql/types/user.js
FNF:0
FNH:0
DA:1,0
DA:48,0
LF:2
LH:0
BRF:0
BRH:0
end_of_record
TN:
SF:/Users/derekrush/sites/homefilming/server/mailers/order.js
FN:1,_interopRequireDefault
FN:3,orderReceipt
FN:18,(anonymous_2)
FNF:3
FNH:0
FNDA:0,_interopRequireDefault
FNDA:0,orderReceipt
FNDA:0,(anonymous_2)
DA:1,0
DA:3,0
DA:4,0
DA:5,0
DA:7,0
DA:8,0
DA:9,0
DA:11,0
DA:12,0
DA:18,0
DA:19,0
DA:20,0
DA:22,0
DA:23,0
DA:24,0
LF:15
LH:0
BRDA:1,0,0,0
BRDA:1,0,1,0
BRDA:1,1,0,0
BRDA:1,1,1,0
BRDA:19,2,0,0
BRDA:19,2,1,0
BRF:6
BRH:0
end_of_record
TN:
SF:/Users/derekrush/sites/homefilming/server/models/address.js
FN:2,(anonymous_0)
FN:14,associate
FNF:2
FNH:0
FNDA:0,(anonymous_0)
FNDA:0,associate
DA:2,0
DA:3,0
DA:15,0
DA:16,0
DA:20,0
LF:5
LH:0
BRF:0
BRH:0
end_of_record
TN:
SF:/Users/derekrush/sites/homefilming/server/models/asset.js
FN:2,(anonymous_0)
FN:14,associate
FNF:2
FNH:0
FNDA:0,(anonymous_0)
FNDA:0,associate
DA:2,0
DA:3,0
DA:15,0
DA:20,0
DA:25,0
DA:33,0
LF:6
LH:0
BRF:0
BRH:0
end_of_record
TN:
SF:/Users/derekrush/sites/homefilming/server/models/company.js
FN:2,(anonymous_0)
FN:12,associate
FNF:2
FNH:0
FNDA:0,(anonymous_0)
FNDA:0,associate
DA:2,0
DA:3,0
DA:13,0
DA:14,0
DA:24,0
LF:5
LH:0
BRF:0
BRH:0
end_of_record
TN:
SF:/Users/derekrush/sites/homefilming/server/models/contact.js
FN:2,(anonymous_0)
FN:10,associate
FNF:2
FNH:0
FNDA:0,(anonymous_0)
FNDA:0,associate
DA:2,0
DA:3,0
DA:11,0
DA:12,0
DA:16,0
LF:5
LH:0
BRF:0
BRH:0
end_of_record
TN:
SF:/Users/derekrush/sites/homefilming/server/models/index.js
FN:19,(anonymous_0)
FN:22,(anonymous_1)
FN:27,(anonymous_2)
FNF:3
FNH:0
FNDA:0,(anonymous_0)
FNDA:0,(anonymous_1)
FNDA:0,(anonymous_2)
DA:3,0
DA:4,0
DA:5,0
DA:6,0
DA:7,0
DA:8,0
DA:9,0
DA:11,0
DA:12,0
DA:14,0
DA:17,0
DA:20,0
DA:23,0
DA:24,0
DA:27,0
DA:28,0
DA:29,0
DA:33,0
DA:34,0
DA:36,0
LF:20
LH:0
BRDA:7,0,0,0
BRDA:7,0,1,0
BRDA:11,1,0,0
BRDA:11,1,1,0
BRDA:20,2,0,0
BRDA:20,2,1,0
BRDA:20,2,2,0
BRDA:28,3,0,0
BRDA:28,3,1,0
BRF:9
BRH:0
end_of_record
TN:
SF:/Users/derekrush/sites/homefilming/server/models/invitation.js
FN:2,(anonymous_0)
FN:9,associate
FNF:2
FNH:0
FNDA:0,(anonymous_0)
FNDA:0,associate
DA:2,0
DA:3,0
DA:10,0
DA:14,0
LF:4
LH:0
BRF:0
BRH:0
end_of_record
TN:
SF:/Users/derekrush/sites/homefilming/server/models/note.js
FN:2,(anonymous_0)
FN:8,associate
FNF:2
FNH:0
FNDA:0,(anonymous_0)
FNDA:0,associate
DA:2,0
DA:3,0
DA:9,0
DA:10,0
DA:11,0
DA:15,0
LF:6
LH:0
BRF:0
BRH:0
end_of_record
TN:
SF:/Users/derekrush/sites/homefilming/server/models/notification.js
FN:2,(anonymous_0)
FN:10,associate
FNF:2
FNH:0
FNDA:0,(anonymous_0)
FNDA:0,associate
DA:2,0
DA:3,0
DA:11,0
DA:15,0
LF:4
LH:0
BRF:0
BRH:0
end_of_record
TN:
SF:/Users/derekrush/sites/homefilming/server/models/order.js
FN:1,_interopRequireDefault
FN:2,(anonymous_1)
FN:23,associate
FNF:3
FNH:0
FNDA:0,_interopRequireDefault
FNDA:0,(anonymous_1)
FNDA:0,associate
DA:1,0
DA:2,0
DA:3,0
DA:24,0
DA:25,0
DA:28,0
DA:38,0
LF:7
LH:0
BRDA:1,0,0,0
BRDA:1,0,1,0
BRDA:1,1,0,0
BRDA:1,1,1,0
BRF:4
BRH:0
end_of_record
TN:
SF:/Users/derekrush/sites/homefilming/server/models/rating.js
FN:2,(anonymous_0)
FNF:1
FNH:0
FNDA:0,(anonymous_0)
DA:2,0
DA:3,0
DA:15,0
LF:3
LH:0
BRF:0
BRH:0
end_of_record
TN:
SF:/Users/derekrush/sites/homefilming/server/models/user.js
FN:5,(anonymous_0)
FN:34,associate
FN:63,comparePassword
FN:64,(anonymous_3)
FN:74,beforeCreate
FN:75,(anonymous_5)
FN:79,beforeUpdate
FN:81,(anonymous_7)
FNF:8
FNH:0
FNDA:0,(anonymous_0)
FNDA:0,associate
FNDA:0,comparePassword
FNDA:0,(anonymous_3)
FNDA:0,beforeCreate
FNDA:0,(anonymous_5)
FNDA:0,beforeUpdate
FNDA:0,(anonymous_7)
DA:3,0
DA:5,0
DA:6,0
DA:35,0
DA:38,0
DA:43,0
DA:46,0
DA:49,0
DA:52,0
DA:64,0
DA:65,0
DA:66,0
DA:68,0
DA:75,0
DA:76,0
DA:80,0
DA:81,0
DA:82,0
DA:88,0
LF:19
LH:0
BRDA:65,0,0,0
BRDA:65,0,1,0
BRDA:80,1,0,0
BRDA:80,1,1,0
BRF:4
BRH:0
end_of_record
TN:
SF:/Users/derekrush/sites/homefilming/server/services/address.js
FN:1,_interopRequireDefault
FN:6,(anonymous_1)
FN:7,Address
FN:9,(anonymous_3)
FN:9,_callee
FN:10,_callee$
FN:21,createAddress
FNF:7
FNH:0
FNDA:0,_interopRequireDefault
FNDA:0,(anonymous_1)
FNDA:0,Address
FNDA:0,(anonymous_3)
FNDA:0,_callee
FNDA:0,_callee$
FNDA:0,createAddress
DA:1,0
DA:2,0
DA:3,0
DA:4,0
DA:6,0
DA:9,0
DA:10,0
DA:11,0
DA:18,0
DA:21,0
DA:25,0
LF:11
LH:0
BRDA:1,0,0,0
BRDA:1,0,1,0
BRDA:1,1,0,0
BRDA:1,1,1,0
BRDA:10,2,0,0
BRDA:10,2,1,0
BRDA:10,2,2,0
BRF:7
BRH:0
end_of_record
TN:
SF:/Users/derekrush/sites/homefilming/server/services/assets.js
FN:1,_interopRequireDefault
FN:7,(anonymous_1)
FN:7,_callee
FN:7,_callee$
FN:10,(anonymous_4)
FN:12,AvatarUpload
FN:17,(anonymous_6)
FN:17,_callee2
FN:17,_callee2$
FN:17,DocumentUpload
FNF:10
FNH:0
FNDA:0,_interopRequireDefault
FNDA:0,(anonymous_1)
FNDA:0,_callee
FNDA:0,_callee$
FNDA:0,(anonymous_4)
FNDA:0,AvatarUpload
FNDA:0,(anonymous_6)
FNDA:0,_callee2
FNDA:0,_callee2$
FNDA:0,DocumentUpload
DA:1,0
DA:2,0
DA:3,0
DA:4,0
DA:5,0
DA:7,0
DA:8,0
DA:11,0
DA:12,0
DA:17,0
DA:23,0
LF:11
LH:0
BRDA:1,0,0,0
BRDA:1,0,1,0
BRDA:1,1,0,0
BRDA:1,1,1,0
BRDA:7,2,0,0
BRDA:7,2,1,0
BRDA:7,2,2,0
BRDA:7,2,3,0
BRDA:11,3,0,0
BRDA:11,3,1,0
BRDA:17,4,0,0
BRDA:17,4,1,0
BRDA:17,4,2,0
BRF:13
BRH:0
end_of_record
TN:
SF:/Users/derekrush/sites/homefilming/server/services/auth.js
FN:9,(anonymous_0)
FN:13,(anonymous_1)
FN:14,(anonymous_2)
FN:23,(anonymous_3)
FN:25,(anonymous_4)
FN:28,(anonymous_5)
FN:39,login
FN:41,(anonymous_7)
FN:42,(anonymous_8)
FN:45,(anonymous_9)
FN:50,logout
FNF:11
FNH:0
FNDA:0,(anonymous_0)
FNDA:0,(anonymous_1)
FNDA:0,(anonymous_2)
FNDA:0,(anonymous_3)
FNDA:0,(anonymous_4)
FNDA:0,(anonymous_5)
FNDA:0,login
FNDA:0,(anonymous_7)
FNDA:0,(anonymous_8)
FNDA:0,(anonymous_9)
FNDA:0,logout
DA:1,0
DA:2,0
DA:3,0
DA:4,0
DA:5,0
DA:6,0
DA:9,0
DA:10,0
DA:13,0
DA:14,0
DA:15,0
DA:16,0
DA:18,0
DA:23,0
DA:24,0
DA:25,0
DA:26,0
DA:27,0
DA:28,0
DA:29,0
DA:30,0
DA:31,0
DA:32,0
DA:34,0
DA:39,0
DA:40,0
DA:41,0
DA:42,0
DA:43,0
DA:45,0
DA:50,0
DA:52,0
DA:53,0
DA:54,0
DA:55,0
DA:56,0
DA:60,0
LF:37
LH:0
BRDA:15,0,0,0
BRDA:15,0,1,0
BRDA:27,1,0,0
BRDA:27,1,1,0
BRDA:29,2,0,0
BRDA:29,2,1,0
BRDA:30,3,0,0
BRDA:30,3,1,0
BRDA:43,4,0,0
BRDA:43,4,1,0
BRF:10
BRH:0
end_of_record
TN:
SF:/Users/derekrush/sites/homefilming/server/services/orders.js
FN:1,_interopRequireDefault
FN:10,(anonymous_1)
FN:10,_callee
FN:10,_callee$
FN:30,createOrder
FN:33,agentOrders
FN:38,(anonymous_6)
FN:44,agentOrder
FN:49,(anonymous_8)
FN:57,(anonymous_9)
FN:63,(anonymous_10)
FN:63,_callee2
FN:63,_callee2$
FN:65,(anonymous_13)
FN:79,(anonymous_14)
FN:81,(anonymous_15)
FN:84,(anonymous_16)
FN:98,openMissions
FNF:18
FNH:0
FNDA:0,_interopRequireDefault
FNDA:0,(anonymous_1)
FNDA:0,_callee
FNDA:0,_callee$
FNDA:0,createOrder
FNDA:0,agentOrders
FNDA:0,(anonymous_6)
FNDA:0,agentOrder
FNDA:0,(anonymous_8)
FNDA:0,(anonymous_9)
FNDA:0,(anonymous_10)
FNDA:0,_callee2
FNDA:0,_callee2$
FNDA:0,(anonymous_13)
FNDA:0,(anonymous_14)
FNDA:0,(anonymous_15)
FNDA:0,(anonymous_16)
FNDA:0,openMissions
DA:1,0
DA:2,0
DA:3,0
DA:4,0
DA:5,0
DA:6,0
DA:7,0
DA:8,0
DA:10,0
DA:16,0
DA:19,0
DA:25,0
DA:28,0
DA:30,0
DA:33,0
DA:34,0
DA:39,0
DA:40,0
DA:44,0
DA:45,0
DA:46,0
DA:50,0
DA:53,0
DA:58,0
DA:63,0
DA:65,0
DA:80,0
DA:81,0
DA:82,0
DA:83,0
DA:84,0
DA:85,0
DA:86,0
DA:87,0
DA:89,0
DA:92,0
DA:93,0
DA:95,0
DA:96,0
DA:97,0
DA:98,0
DA:101,0
LF:42
LH:0
BRDA:1,0,0,0
BRDA:1,0,1,0
BRDA:1,1,0,0
BRDA:1,1,1,0
BRDA:10,2,0,0
BRDA:10,2,1,0
BRDA:10,2,2,0
BRDA:10,2,3,0
BRDA:10,2,4,0
BRDA:10,2,5,0
BRDA:10,2,6,0
BRDA:16,3,0,0
BRDA:16,3,1,0
BRDA:45,4,0,0
BRDA:45,4,1,0
BRDA:63,5,0,0
BRDA:63,5,1,0
BRDA:63,5,2,0
BRDA:63,5,3,0
BRDA:63,5,4,0
BRDA:85,6,0,0
BRDA:85,6,1,0
BRF:22
BRH:0
end_of_record
TN:
SF:/Users/derekrush/sites/homefilming/server/services/users.js
FN:1,_interopRequireDefault
FN:8,(anonymous_1)
FN:8,_callee
FN:8,_callee$
FN:9,(anonymous_4)
FN:12,uniqueEmail
FN:15,CreateStripeCustomer
FN:23,(anonymous_7)
FN:23,_callee2
FN:23,_callee2$
FN:29,(anonymous_10)
FN:32,createAgent
FN:36,(anonymous_12)
FN:36,_callee3
FN:36,_callee3$
FN:42,(anonymous_15)
FN:45,createPilot
FNF:17
FNH:0
FNDA:0,_interopRequireDefault
FNDA:0,(anonymous_1)
FNDA:0,_callee
FNDA:0,_callee$
FNDA:0,(anonymous_4)
FNDA:0,uniqueEmail
FNDA:0,CreateStripeCustomer
FNDA:0,(anonymous_7)
FNDA:0,_callee2
FNDA:0,_callee2$
FNDA:0,(anonymous_10)
FNDA:0,createAgent
FNDA:0,(anonymous_12)
FNDA:0,_callee3
FNDA:0,_callee3$
FNDA:0,(anonymous_15)
FNDA:0,createPilot
DA:1,0
DA:2,0
DA:3,0
DA:4,0
DA:5,0
DA:6,0
DA:8,0
DA:10,0
DA:11,0
DA:12,0
DA:15,0
DA:16,0
DA:23,0
DA:24,0
DA:25,0
DA:26,0
DA:27,0
DA:28,0
DA:30,0
DA:31,0
DA:32,0
DA:36,0
DA:37,0
DA:38,0
DA:39,0
DA:40,0
DA:41,0
DA:43,0
DA:44,0
DA:45,0
DA:50,0
LF:31
LH:0
BRDA:1,0,0,0
BRDA:1,0,1,0
BRDA:1,1,0,0
BRDA:1,1,1,0
BRDA:8,2,0,0
BRDA:8,2,1,0
BRDA:8,2,2,0
BRDA:8,2,3,0
BRDA:10,3,0,0
BRDA:10,3,1,0
BRDA:23,4,0,0
BRDA:23,4,1,0
BRDA:23,4,2,0
BRDA:23,4,3,0
BRDA:23,4,4,0
BRDA:23,4,5,0
BRDA:23,5,0,0
BRDA:23,5,1,0
BRDA:24,6,0,0
BRDA:24,6,1,0
BRDA:24,6,2,0
BRDA:24,6,3,0
BRDA:31,7,0,0
BRDA:31,7,1,0
BRDA:36,8,0,0
BRDA:36,8,1,0
BRDA:36,8,2,0
BRDA:36,8,3,0
BRDA:36,8,4,0
BRDA:36,8,5,0
BRDA:36,9,0,0
BRDA:36,9,1,0
BRDA:37,10,0,0
BRDA:37,10,1,0
BRDA:37,10,2,0
BRDA:37,10,3,0
BRDA:44,11,0,0
BRDA:44,11,1,0
BRF:38
BRH:0
end_of_record
